[ 2019-05-31T14:07:46+08:00 ] ::1 /index.php/Admin/Index/index.html
INFO: [ app_init ] --START--
INFO: Run Behavior\BuildLiteBehavior [ RunTime:0.000006s ]
INFO: [ app_init ] --END-- [ RunTime:0.000443s ]
INFO: [ app_begin ] --START--
INFO: Run Behavior\ReadHtmlCacheBehavior [ RunTime:0.000740s ]
INFO: [ app_begin ] --END-- [ RunTime:0.000763s ]
NOTIC: [2] Use of undefined constant id - assumed 'id' (this will throw an Error in a future version of PHP) E:\wamp\apache\library\Application\Admin\Controller\CommonController.class.php 第 11 行.

[ 2019-05-31T14:07:46+08:00 ] ::1 /index.php/Admin/Login/login.html
INFO: [ app_init ] --START--
INFO: Run Behavior\BuildLiteBehavior [ RunTime:0.000004s ]
INFO: [ app_init ] --END-- [ RunTime:0.000326s ]
INFO: [ app_begin ] --START--
INFO: Run Behavior\ReadHtmlCacheBehavior [ RunTime:0.000422s ]
INFO: [ app_begin ] --END-- [ RunTime:0.000439s ]
INFO: [ view_parse ] --START--
INFO: [ template_filter ] --START--
INFO: Run Behavior\ContentReplaceBehavior [ RunTime:0.000022s ]
INFO: [ template_filter ] --END-- [ RunTime:0.000043s ]
INFO: Run Behavior\ParseTemplateBehavior [ RunTime:0.039651s ]
INFO: [ view_parse ] --END-- [ RunTime:0.039681s ]
INFO: [ view_filter ] --START--
INFO: Run Behavior\WriteHtmlCacheBehavior [ RunTime:0.000541s ]
INFO: [ view_filter ] --END-- [ RunTime:0.000555s ]
INFO: [ app_end ] --START--
INFO: Run Behavior\ShowPageTraceBehavior [ RunTime:0.000674s ]
INFO: [ app_end ] --END-- [ RunTime:0.000689s ]

[ 2019-05-31T14:07:46+08:00 ] ::1 /index.php/Admin/Login/captcha/
INFO: [ app_init ] --START--
INFO: Run Behavior\BuildLiteBehavior [ RunTime:0.000007s ]
INFO: [ app_init ] --END-- [ RunTime:0.000470s ]
INFO: [ app_begin ] --START--
INFO: Run Behavior\ReadHtmlCacheBehavior [ RunTime:0.000817s ]
INFO: [ app_begin ] --END-- [ RunTime:0.000852s ]
INFO: [ app_end ] --START--
INFO: Run Behavior\ShowPageTraceBehavior [ RunTime:0.002348s ]
INFO: [ app_end ] --END-- [ RunTime:0.002385s ]

[ 2019-05-31T14:07:55+08:00 ] ::1 /index.php/Admin/Login/verifyLogin
INFO: [ app_init ] --START--
INFO: Run Behavior\BuildLiteBehavior [ RunTime:0.000007s ]
INFO: [ app_init ] --END-- [ RunTime:0.000488s ]
INFO: [ app_begin ] --START--
INFO: Run Behavior\ReadHtmlCacheBehavior [ RunTime:0.000754s ]
INFO: [ app_begin ] --END-- [ RunTime:0.000775s ]
SQL: SHOW COLUMNS FROM `admin` [ RunTime:0.0115s ]
SQL: SELECT * FROM `admin` WHERE `id` = 1 AND `pwd` = '1' LIMIT 1   [ RunTime:0.0014s ]
INFO: [ view_parse ] --START--
INFO: [ template_filter ] --START--
INFO: Run Behavior\ContentReplaceBehavior [ RunTime:0.000016s ]
INFO: [ template_filter ] --END-- [ RunTime:0.000033s ]
INFO: Run Behavior\ParseTemplateBehavior [ RunTime:0.036239s ]
INFO: [ view_parse ] --END-- [ RunTime:0.036265s ]
INFO: [ view_filter ] --START--
INFO: Run Behavior\WriteHtmlCacheBehavior [ RunTime:0.000503s ]
INFO: [ view_filter ] --END-- [ RunTime:0.000518s ]
INFO: [ app_end ] --START--
INFO: Run Behavior\ShowPageTraceBehavior [ RunTime:0.000743s ]
INFO: [ app_end ] --END-- [ RunTime:0.000757s ]

[ 2019-05-31T14:07:56+08:00 ] ::1 /index.php/Admin/Index/index.html
INFO: [ app_init ] --START--
INFO: Run Behavior\BuildLiteBehavior [ RunTime:0.000005s ]
INFO: [ app_init ] --END-- [ RunTime:0.000364s ]
INFO: [ app_begin ] --START--
INFO: Run Behavior\ReadHtmlCacheBehavior [ RunTime:0.000461s ]
INFO: [ app_begin ] --END-- [ RunTime:0.000480s ]
NOTIC: [2] Use of undefined constant id - assumed 'id' (this will throw an Error in a future version of PHP) E:\wamp\apache\library\Application\Admin\Controller\CommonController.class.php 第 11 行.
INFO: [ view_parse ] --START--
INFO: [ template_filter ] --START--
INFO: Run Behavior\ContentReplaceBehavior [ RunTime:0.000065s ]
INFO: [ template_filter ] --END-- [ RunTime:0.000105s ]
INFO: Run Behavior\ParseTemplateBehavior [ RunTime:0.005766s ]
INFO: [ view_parse ] --END-- [ RunTime:0.005800s ]
INFO: [ view_filter ] --START--
INFO: Run Behavior\WriteHtmlCacheBehavior [ RunTime:0.000451s ]
INFO: [ view_filter ] --END-- [ RunTime:0.000467s ]
INFO: [ app_end ] --START--
INFO: Run Behavior\ShowPageTraceBehavior [ RunTime:0.000597s ]
INFO: [ app_end ] --END-- [ RunTime:0.000613s ]

[ 2019-05-31T14:07:56+08:00 ] ::1 /index.php/Admin/Index/home.html
INFO: [ app_init ] --START--
INFO: Run Behavior\BuildLiteBehavior [ RunTime:0.000012s ]
INFO: [ app_init ] --END-- [ RunTime:0.000721s ]
INFO: [ app_begin ] --START--
INFO: Run Behavior\ReadHtmlCacheBehavior [ RunTime:0.000420s ]
INFO: [ app_begin ] --END-- [ RunTime:0.000437s ]
NOTIC: [2] Use of undefined constant id - assumed 'id' (this will throw an Error in a future version of PHP) E:\wamp\apache\library\Application\Admin\Controller\CommonController.class.php 第 11 行.
INFO: [ view_parse ] --START--
INFO: [ template_filter ] --START--
INFO: Run Behavior\ContentReplaceBehavior [ RunTime:0.000024s ]
INFO: [ template_filter ] --END-- [ RunTime:0.000057s ]
INFO: Run Behavior\ParseTemplateBehavior [ RunTime:0.090109s ]
INFO: [ view_parse ] --END-- [ RunTime:0.090143s ]
INFO: [ view_filter ] --START--
INFO: Run Behavior\WriteHtmlCacheBehavior [ RunTime:0.007573s ]
INFO: [ view_filter ] --END-- [ RunTime:0.007601s ]
INFO: [ app_end ] --START--
INFO: Run Behavior\ShowPageTraceBehavior [ RunTime:0.003094s ]
INFO: [ app_end ] --END-- [ RunTime:0.003258s ]

[ 2019-05-31T14:08:01+08:00 ] ::1 /index.php/Admin/Manage/no_borrow.html
INFO: [ app_init ] --START--
INFO: Run Behavior\BuildLiteBehavior [ RunTime:0.000006s ]
INFO: [ app_init ] --END-- [ RunTime:0.000419s ]
INFO: [ app_begin ] --START--
INFO: Run Behavior\ReadHtmlCacheBehavior [ RunTime:0.000827s ]
INFO: [ app_begin ] --END-- [ RunTime:0.000845s ]
NOTIC: [2] Use of undefined constant id - assumed 'id' (this will throw an Error in a future version of PHP) E:\wamp\apache\library\Application\Admin\Controller\CommonController.class.php 第 11 行.
SQL: SHOW COLUMNS FROM `books` [ RunTime:0.0174s ]
NOTIC: [8] Undefined variable: page E:\wamp\apache\library\Application\Admin\Controller\ManageController.class.php 第 201 行.
NOTIC: [8] Trying to get property 'firstRow' of non-object E:\wamp\apache\library\Application\Admin\Controller\ManageController.class.php 第 201 行.
NOTIC: [8] Undefined variable: page E:\wamp\apache\library\Application\Admin\Controller\ManageController.class.php 第 201 行.
NOTIC: [8] Trying to get property 'listRows' of non-object E:\wamp\apache\library\Application\Admin\Controller\ManageController.class.php 第 201 行.
SQL: SELECT COUNT(*) AS tp_count FROM `books` WHERE ( status = 0   ) LIMIT 1   [ RunTime:0.0009s ]
SQL: SELECT * FROM `books` WHERE ( status = 0   ) LIMIT 0,20   [ RunTime:0.0012s ]
INFO: [ view_parse ] --START--
INFO: [ template_filter ] --START--
INFO: Run Behavior\ContentReplaceBehavior [ RunTime:0.000029s ]
INFO: [ template_filter ] --END-- [ RunTime:0.000048s ]
INFO: Run Behavior\ParseTemplateBehavior [ RunTime:0.055502s ]
INFO: [ view_parse ] --END-- [ RunTime:0.055578s ]
INFO: [ view_filter ] --START--
INFO: Run Behavior\WriteHtmlCacheBehavior [ RunTime:0.001404s ]
INFO: [ view_filter ] --END-- [ RunTime:0.001443s ]
INFO: [ app_end ] --START--
INFO: Run Behavior\ShowPageTraceBehavior [ RunTime:0.002602s ]
INFO: [ app_end ] --END-- [ RunTime:0.002687s ]

[ 2019-05-31T14:08:10+08:00 ] ::1 /index.php/Admin/Manage/haved_borrow.html
INFO: [ app_init ] --START--
INFO: Run Behavior\BuildLiteBehavior [ RunTime:0.000006s ]
INFO: [ app_init ] --END-- [ RunTime:0.000436s ]
INFO: [ app_begin ] --START--
INFO: Run Behavior\ReadHtmlCacheBehavior [ RunTime:0.000589s ]
INFO: [ app_begin ] --END-- [ RunTime:0.000613s ]
NOTIC: [2] Use of undefined constant id - assumed 'id' (this will throw an Error in a future version of PHP) E:\wamp\apache\library\Application\Admin\Controller\CommonController.class.php 第 11 行.
SQL: SHOW COLUMNS FROM `books` [ RunTime:0.0185s ]
SQL: SHOW COLUMNS FROM `books` [ RunTime:0.0083s ]
SQL: SELECT COUNT(*) AS tp_count FROM books as t1,user as t2 WHERE ( t1.now_borrow= t2.user_id ) LIMIT 1   [ RunTime:0.0032s ]
NOTIC: [8] Undefined variable: count E:\wamp\apache\library\Application\Admin\Model\BooksModel.class.php 第 53 行.
SQL: SHOW COLUMNS FROM `books` [ RunTime:0.0069s ]
SQL: SELECT t1.*,t2.user_name FROM books as t1,user as t2 WHERE ( t1.now_borrow= t2.user_id )  [ RunTime:0.0016s ]
NOTIC: [8] Undefined index: show E:\wamp\apache\library\Application\Admin\Controller\ManageController.class.php 第 176 行.
INFO: [ view_parse ] --START--
INFO: [ template_filter ] --START--
INFO: Run Behavior\ContentReplaceBehavior [ RunTime:0.000036s ]
INFO: [ template_filter ] --END-- [ RunTime:0.000063s ]
NOTIC: [8] Undefined index: haved_borrow E:\wamp\apache\library\Application\Runtime\Cache\Admin\689885dfb7111836b8265bfdcf008073.php 第 68 行.
NOTIC: [8] Undefined index: haved_borrow E:\wamp\apache\library\Application\Runtime\Cache\Admin\689885dfb7111836b8265bfdcf008073.php 第 68 行.
NOTIC: [8] Undefined index: haved_borrow E:\wamp\apache\library\Application\Runtime\Cache\Admin\689885dfb7111836b8265bfdcf008073.php 第 68 行.
NOTIC: [8] Undefined index: haved_borrow E:\wamp\apache\library\Application\Runtime\Cache\Admin\689885dfb7111836b8265bfdcf008073.php 第 68 行.
NOTIC: [8] Undefined index: haved_borrow E:\wamp\apache\library\Application\Runtime\Cache\Admin\689885dfb7111836b8265bfdcf008073.php 第 68 行.
NOTIC: [8] Undefined index: haved_borrow E:\wamp\apache\library\Application\Runtime\Cache\Admin\689885dfb7111836b8265bfdcf008073.php 第 68 行.
NOTIC: [8] Undefined index: haved_borrow E:\wamp\apache\library\Application\Runtime\Cache\Admin\689885dfb7111836b8265bfdcf008073.php 第 68 行.
NOTIC: [8] Undefined index: haved_borrow E:\wamp\apache\library\Application\Runtime\Cache\Admin\689885dfb7111836b8265bfdcf008073.php 第 68 行.
NOTIC: [8] Undefined index: haved_borrow E:\wamp\apache\library\Application\Runtime\Cache\Admin\689885dfb7111836b8265bfdcf008073.php 第 68 行.
NOTIC: [8] Undefined index: haved_borrow E:\wamp\apache\library\Application\Runtime\Cache\Admin\689885dfb7111836b8265bfdcf008073.php 第 68 行.
NOTIC: [8] Undefined index: haved_borrow E:\wamp\apache\library\Application\Runtime\Cache\Admin\689885dfb7111836b8265bfdcf008073.php 第 68 行.
NOTIC: [8] Undefined index: haved_borrow E:\wamp\apache\library\Application\Runtime\Cache\Admin\689885dfb7111836b8265bfdcf008073.php 第 68 行.
NOTIC: [8] Undefined index: haved_borrow E:\wamp\apache\library\Application\Runtime\Cache\Admin\689885dfb7111836b8265bfdcf008073.php 第 68 行.
NOTIC: [8] Undefined index: haved_borrow E:\wamp\apache\library\Application\Runtime\Cache\Admin\689885dfb7111836b8265bfdcf008073.php 第 68 行.
NOTIC: [8] Undefined index: haved_borrow E:\wamp\apache\library\Application\Runtime\Cache\Admin\689885dfb7111836b8265bfdcf008073.php 第 68 行.
NOTIC: [8] Undefined index: haved_borrow E:\wamp\apache\library\Application\Runtime\Cache\Admin\689885dfb7111836b8265bfdcf008073.php 第 68 行.
NOTIC: [8] Undefined index: haved_borrow E:\wamp\apache\library\Application\Runtime\Cache\Admin\689885dfb7111836b8265bfdcf008073.php 第 68 行.
NOTIC: [8] Undefined index: haved_borrow E:\wamp\apache\library\Application\Runtime\Cache\Admin\689885dfb7111836b8265bfdcf008073.php 第 68 行.
NOTIC: [8] Undefined index: haved_borrow E:\wamp\apache\library\Application\Runtime\Cache\Admin\689885dfb7111836b8265bfdcf008073.php 第 68 行.
NOTIC: [8] Undefined index: haved_borrow E:\wamp\apache\library\Application\Runtime\Cache\Admin\689885dfb7111836b8265bfdcf008073.php 第 68 行.
NOTIC: [8] Undefined index: haved_borrow E:\wamp\apache\library\Application\Runtime\Cache\Admin\689885dfb7111836b8265bfdcf008073.php 第 68 行.
NOTIC: [8] Undefined index: haved_borrow E:\wamp\apache\library\Application\Runtime\Cache\Admin\689885dfb7111836b8265bfdcf008073.php 第 68 行.
NOTIC: [8] Undefined index: haved_borrow E:\wamp\apache\library\Application\Runtime\Cache\Admin\689885dfb7111836b8265bfdcf008073.php 第 68 行.
NOTIC: [8] Undefined index: haved_borrow E:\wamp\apache\library\Application\Runtime\Cache\Admin\689885dfb7111836b8265bfdcf008073.php 第 68 行.
NOTIC: [8] Undefined index: haved_borrow E:\wamp\apache\library\Application\Runtime\Cache\Admin\689885dfb7111836b8265bfdcf008073.php 第 68 行.
NOTIC: [8] Undefined index: haved_borrow E:\wamp\apache\library\Application\Runtime\Cache\Admin\689885dfb7111836b8265bfdcf008073.php 第 68 行.
NOTIC: [8] Undefined index: haved_borrow E:\wamp\apache\library\Application\Runtime\Cache\Admin\689885dfb7111836b8265bfdcf008073.php 第 68 行.
NOTIC: [8] Undefined index: haved_borrow E:\wamp\apache\library\Application\Runtime\Cache\Admin\689885dfb7111836b8265bfdcf008073.php 第 68 行.
NOTIC: [8] Undefined index: haved_borrow E:\wamp\apache\library\Application\Runtime\Cache\Admin\689885dfb7111836b8265bfdcf008073.php 第 68 行.
NOTIC: [8] Undefined index: haved_borrow E:\wamp\apache\library\Application\Runtime\Cache\Admin\689885dfb7111836b8265bfdcf008073.php 第 68 行.
NOTIC: [8] Undefined index: haved_borrow E:\wamp\apache\library\Application\Runtime\Cache\Admin\689885dfb7111836b8265bfdcf008073.php 第 68 行.
NOTIC: [8] Undefined index: haved_borrow E:\wamp\apache\library\Application\Runtime\Cache\Admin\689885dfb7111836b8265bfdcf008073.php 第 68 行.
NOTIC: [8] Undefined index: haved_borrow E:\wamp\apache\library\Application\Runtime\Cache\Admin\689885dfb7111836b8265bfdcf008073.php 第 68 行.
NOTIC: [8] Undefined index: haved_borrow E:\wamp\apache\library\Application\Runtime\Cache\Admin\689885dfb7111836b8265bfdcf008073.php 第 68 行.
NOTIC: [8] Undefined index: haved_borrow E:\wamp\apache\library\Application\Runtime\Cache\Admin\689885dfb7111836b8265bfdcf008073.php 第 68 行.
NOTIC: [8] Undefined index: haved_borrow E:\wamp\apache\library\Application\Runtime\Cache\Admin\689885dfb7111836b8265bfdcf008073.php 第 68 行.
NOTIC: [8] Undefined index: haved_borrow E:\wamp\apache\library\Application\Runtime\Cache\Admin\689885dfb7111836b8265bfdcf008073.php 第 68 行.
NOTIC: [8] Undefined index: haved_borrow E:\wamp\apache\library\Application\Runtime\Cache\Admin\689885dfb7111836b8265bfdcf008073.php 第 68 行.
NOTIC: [8] Undefined index: haved_borrow E:\wamp\apache\library\Application\Runtime\Cache\Admin\689885dfb7111836b8265bfdcf008073.php 第 68 行.
NOTIC: [8] Undefined index: haved_borrow E:\wamp\apache\library\Application\Runtime\Cache\Admin\689885dfb7111836b8265bfdcf008073.php 第 68 行.
NOTIC: [8] Undefined index: haved_borrow E:\wamp\apache\library\Application\Runtime\Cache\Admin\689885dfb7111836b8265bfdcf008073.php 第 68 行.
NOTIC: [8] Undefined index: haved_borrow E:\wamp\apache\library\Application\Runtime\Cache\Admin\689885dfb7111836b8265bfdcf008073.php 第 68 行.
NOTIC: [8] Undefined index: haved_borrow E:\wamp\apache\library\Application\Runtime\Cache\Admin\689885dfb7111836b8265bfdcf008073.php 第 68 行.
NOTIC: [8] Undefined index: haved_borrow E:\wamp\apache\library\Application\Runtime\Cache\Admin\689885dfb7111836b8265bfdcf008073.php 第 68 行.
NOTIC: [8] Undefined index: haved_borrow E:\wamp\apache\library\Application\Runtime\Cache\Admin\689885dfb7111836b8265bfdcf008073.php 第 68 行.
NOTIC: [8] Undefined index: haved_borrow E:\wamp\apache\library\Application\Runtime\Cache\Admin\689885dfb7111836b8265bfdcf008073.php 第 68 行.
NOTIC: [8] Undefined index: haved_borrow E:\wamp\apache\library\Application\Runtime\Cache\Admin\689885dfb7111836b8265bfdcf008073.php 第 68 行.
NOTIC: [8] Undefined index: haved_borrow E:\wamp\apache\library\Application\Runtime\Cache\Admin\689885dfb7111836b8265bfdcf008073.php 第 68 行.
NOTIC: [8] Undefined index: haved_borrow E:\wamp\apache\library\Application\Runtime\Cache\Admin\689885dfb7111836b8265bfdcf008073.php 第 68 行.
NOTIC: [8] Undefined index: haved_borrow E:\wamp\apache\library\Application\Runtime\Cache\Admin\689885dfb7111836b8265bfdcf008073.php 第 68 行.
NOTIC: [8] Undefined index: haved_borrow E:\wamp\apache\library\Application\Runtime\Cache\Admin\689885dfb7111836b8265bfdcf008073.php 第 68 行.
NOTIC: [8] Undefined index: haved_borrow E:\wamp\apache\library\Application\Runtime\Cache\Admin\689885dfb7111836b8265bfdcf008073.php 第 68 行.
NOTIC: [8] Undefined index: haved_borrow E:\wamp\apache\library\Application\Runtime\Cache\Admin\689885dfb7111836b8265bfdcf008073.php 第 68 行.
NOTIC: [8] Undefined index: haved_borrow E:\wamp\apache\library\Application\Runtime\Cache\Admin\689885dfb7111836b8265bfdcf008073.php 第 68 行.
NOTIC: [8] Undefined index: haved_borrow E:\wamp\apache\library\Application\Runtime\Cache\Admin\689885dfb7111836b8265bfdcf008073.php 第 68 行.
NOTIC: [8] Undefined index: haved_borrow E:\wamp\apache\library\Application\Runtime\Cache\Admin\689885dfb7111836b8265bfdcf008073.php 第 68 行.
NOTIC: [8] Undefined index: haved_borrow E:\wamp\apache\library\Application\Runtime\Cache\Admin\689885dfb7111836b8265bfdcf008073.php 第 68 行.
NOTIC: [8] Undefined index: haved_borrow E:\wamp\apache\library\Application\Runtime\Cache\Admin\689885dfb7111836b8265bfdcf008073.php 第 68 行.
NOTIC: [8] Undefined index: haved_borrow E:\wamp\apache\library\Application\Runtime\Cache\Admin\689885dfb7111836b8265bfdcf008073.php 第 68 行.
NOTIC: [8] Undefined index: haved_borrow E:\wamp\apache\library\Application\Runtime\Cache\Admin\689885dfb7111836b8265bfdcf008073.php 第 68 行.
NOTIC: [8] Undefined index: haved_borrow E:\wamp\apache\library\Application\Runtime\Cache\Admin\689885dfb7111836b8265bfdcf008073.php 第 68 行.
NOTIC: [8] Undefined index: haved_borrow E:\wamp\apache\library\Application\Runtime\Cache\Admin\689885dfb7111836b8265bfdcf008073.php 第 68 行.
NOTIC: [8] Undefined index: haved_borrow E:\wamp\apache\library\Application\Runtime\Cache\Admin\689885dfb7111836b8265bfdcf008073.php 第 68 行.
NOTIC: [8] Undefined index: haved_borrow E:\wamp\apache\library\Application\Runtime\Cache\Admin\689885dfb7111836b8265bfdcf008073.php 第 68 行.
NOTIC: [8] Undefined index: haved_borrow E:\wamp\apache\library\Application\Runtime\Cache\Admin\689885dfb7111836b8265bfdcf008073.php 第 68 行.
NOTIC: [8] Undefined index: haved_borrow E:\wamp\apache\library\Application\Runtime\Cache\Admin\689885dfb7111836b8265bfdcf008073.php 第 68 行.
NOTIC: [8] Undefined index: haved_borrow E:\wamp\apache\library\Application\Runtime\Cache\Admin\689885dfb7111836b8265bfdcf008073.php 第 68 行.
NOTIC: [8] Undefined index: haved_borrow E:\wamp\apache\library\Application\Runtime\Cache\Admin\689885dfb7111836b8265bfdcf008073.php 第 68 行.
NOTIC: [8] Undefined index: haved_borrow E:\wamp\apache\library\Application\Runtime\Cache\Admin\689885dfb7111836b8265bfdcf008073.php 第 68 行.
NOTIC: [8] Undefined index: haved_borrow E:\wamp\apache\library\Application\Runtime\Cache\Admin\689885dfb7111836b8265bfdcf008073.php 第 68 行.
NOTIC: [8] Undefined index: haved_borrow E:\wamp\apache\library\Application\Runtime\Cache\Admin\689885dfb7111836b8265bfdcf008073.php 第 68 行.
NOTIC: [8] Undefined index: haved_borrow E:\wamp\apache\library\Application\Runtime\Cache\Admin\689885dfb7111836b8265bfdcf008073.php 第 68 行.
NOTIC: [8] Undefined index: haved_borrow E:\wamp\apache\library\Application\Runtime\Cache\Admin\689885dfb7111836b8265bfdcf008073.php 第 68 行.
NOTIC: [8] Undefined index: haved_borrow E:\wamp\apache\library\Application\Runtime\Cache\Admin\689885dfb7111836b8265bfdcf008073.php 第 68 行.
NOTIC: [8] Undefined index: haved_borrow E:\wamp\apache\library\Application\Runtime\Cache\Admin\689885dfb7111836b8265bfdcf008073.php 第 68 行.
NOTIC: [8] Undefined index: haved_borrow E:\wamp\apache\library\Application\Runtime\Cache\Admin\689885dfb7111836b8265bfdcf008073.php 第 68 行.
NOTIC: [8] Undefined index: haved_borrow E:\wamp\apache\library\Application\Runtime\Cache\Admin\689885dfb7111836b8265bfdcf008073.php 第 68 行.
NOTIC: [8] Undefined index: haved_borrow E:\wamp\apache\library\Application\Runtime\Cache\Admin\689885dfb7111836b8265bfdcf008073.php 第 68 行.
NOTIC: [8] Undefined index: haved_borrow E:\wamp\apache\library\Application\Runtime\Cache\Admin\689885dfb7111836b8265bfdcf008073.php 第 68 行.
NOTIC: [8] Undefined index: haved_borrow E:\wamp\apache\library\Application\Runtime\Cache\Admin\689885dfb7111836b8265bfdcf008073.php 第 68 行.
NOTIC: [8] Undefined index: haved_borrow E:\wamp\apache\library\Application\Runtime\Cache\Admin\689885dfb7111836b8265bfdcf008073.php 第 68 行.
NOTIC: [8] Undefined index: haved_borrow E:\wamp\apache\library\Application\Runtime\Cache\Admin\689885dfb7111836b8265bfdcf008073.php 第 68 行.
NOTIC: [8] Undefined index: haved_borrow E:\wamp\apache\library\Application\Runtime\Cache\Admin\689885dfb7111836b8265bfdcf008073.php 第 68 行.
NOTIC: [8] Undefined index: haved_borrow E:\wamp\apache\library\Application\Runtime\Cache\Admin\689885dfb7111836b8265bfdcf008073.php 第 68 行.
NOTIC: [8] Undefined index: haved_borrow E:\wamp\apache\library\Application\Runtime\Cache\Admin\689885dfb7111836b8265bfdcf008073.php 第 68 行.
NOTIC: [8] Undefined index: haved_borrow E:\wamp\apache\library\Application\Runtime\Cache\Admin\689885dfb7111836b8265bfdcf008073.php 第 68 行.
INFO: Run Behavior\ParseTemplateBehavior [ RunTime:0.018976s ]
INFO: [ view_parse ] --END-- [ RunTime:0.019005s ]
INFO: [ view_filter ] --START--
INFO: Run Behavior\WriteHtmlCacheBehavior [ RunTime:0.000377s ]
INFO: [ view_filter ] --END-- [ RunTime:0.000397s ]
INFO: [ app_end ] --START--
INFO: Run Behavior\ShowPageTraceBehavior [ RunTime:0.000738s ]
INFO: [ app_end ] --END-- [ RunTime:0.000767s ]

[ 2019-05-31T14:22:40+08:00 ] ::1 /index.php/Admin/Index/index.html
INFO: [ app_init ] --START--
INFO: Run Behavior\BuildLiteBehavior [ RunTime:0.000005s ]
INFO: [ app_init ] --END-- [ RunTime:0.000429s ]
INFO: [ app_begin ] --START--
INFO: Run Behavior\ReadHtmlCacheBehavior [ RunTime:0.000969s ]
INFO: [ app_begin ] --END-- [ RunTime:0.001002s ]
NOTIC: [2] Use of undefined constant id - assumed 'id' (this will throw an Error in a future version of PHP) E:\wamp\apache\library\Application\Admin\Controller\CommonController.class.php 第 11 行.
INFO: [ view_parse ] --START--
INFO: [ template_filter ] --START--
INFO: Run Behavior\ContentReplaceBehavior [ RunTime:0.000031s ]
INFO: [ template_filter ] --END-- [ RunTime:0.000048s ]
INFO: Run Behavior\ParseTemplateBehavior [ RunTime:0.005663s ]
INFO: [ view_parse ] --END-- [ RunTime:0.005681s ]
INFO: [ view_filter ] --START--
INFO: Run Behavior\WriteHtmlCacheBehavior [ RunTime:0.000467s ]
INFO: [ view_filter ] --END-- [ RunTime:0.000481s ]
INFO: [ app_end ] --START--
INFO: Run Behavior\ShowPageTraceBehavior [ RunTime:0.001473s ]
INFO: [ app_end ] --END-- [ RunTime:0.001527s ]

[ 2019-05-31T14:22:40+08:00 ] ::1 /index.php/Admin/Index/home.html
INFO: [ app_init ] --START--
INFO: Run Behavior\BuildLiteBehavior [ RunTime:0.000008s ]
INFO: [ app_init ] --END-- [ RunTime:0.000609s ]
INFO: [ app_begin ] --START--
INFO: Run Behavior\ReadHtmlCacheBehavior [ RunTime:0.000601s ]
INFO: [ app_begin ] --END-- [ RunTime:0.000627s ]
NOTIC: [2] Use of undefined constant id - assumed 'id' (this will throw an Error in a future version of PHP) E:\wamp\apache\library\Application\Admin\Controller\CommonController.class.php 第 11 行.
INFO: [ view_parse ] --START--
INFO: [ template_filter ] --START--
INFO: Run Behavior\ContentReplaceBehavior [ RunTime:0.000016s ]
INFO: [ template_filter ] --END-- [ RunTime:0.000037s ]
INFO: Run Behavior\ParseTemplateBehavior [ RunTime:0.005125s ]
INFO: [ view_parse ] --END-- [ RunTime:0.005151s ]
INFO: [ view_filter ] --START--
INFO: Run Behavior\WriteHtmlCacheBehavior [ RunTime:0.000414s ]
INFO: [ view_filter ] --END-- [ RunTime:0.000437s ]
INFO: [ app_end ] --START--
INFO: Run Behavior\ShowPageTraceBehavior [ RunTime:0.001055s ]
INFO: [ app_end ] --END-- [ RunTime:0.001081s ]

[ 2019-05-31T14:22:43+08:00 ] ::1 /index.php/Admin/Manage/no_borrow.html
INFO: [ app_init ] --START--
INFO: Run Behavior\BuildLiteBehavior [ RunTime:0.000004s ]
INFO: [ app_init ] --END-- [ RunTime:0.000318s ]
INFO: [ app_begin ] --START--
INFO: Run Behavior\ReadHtmlCacheBehavior [ RunTime:0.000404s ]
INFO: [ app_begin ] --END-- [ RunTime:0.000421s ]
NOTIC: [2] Use of undefined constant id - assumed 'id' (this will throw an Error in a future version of PHP) E:\wamp\apache\library\Application\Admin\Controller\CommonController.class.php 第 11 行.
SQL: SHOW COLUMNS FROM `books` [ RunTime:0.0084s ]
NOTIC: [8] Undefined variable: page E:\wamp\apache\library\Application\Admin\Controller\ManageController.class.php 第 201 行.
NOTIC: [8] Trying to get property 'firstRow' of non-object E:\wamp\apache\library\Application\Admin\Controller\ManageController.class.php 第 201 行.
NOTIC: [8] Undefined variable: page E:\wamp\apache\library\Application\Admin\Controller\ManageController.class.php 第 201 行.
NOTIC: [8] Trying to get property 'listRows' of non-object E:\wamp\apache\library\Application\Admin\Controller\ManageController.class.php 第 201 行.
SQL: SELECT COUNT(*) AS tp_count FROM `books` WHERE ( status = 0   ) LIMIT 1   [ RunTime:0.0006s ]
SQL: SELECT * FROM `books` WHERE ( status = 0   ) LIMIT 0,20   [ RunTime:0.0004s ]
INFO: [ view_parse ] --START--
INFO: [ template_filter ] --START--
INFO: Run Behavior\ContentReplaceBehavior [ RunTime:0.000027s ]
INFO: [ template_filter ] --END-- [ RunTime:0.000044s ]
INFO: Run Behavior\ParseTemplateBehavior [ RunTime:0.004897s ]
INFO: [ view_parse ] --END-- [ RunTime:0.004918s ]
INFO: [ view_filter ] --START--
INFO: Run Behavior\WriteHtmlCacheBehavior [ RunTime:0.000283s ]
INFO: [ view_filter ] --END-- [ RunTime:0.000299s ]
INFO: [ app_end ] --START--
INFO: Run Behavior\ShowPageTraceBehavior [ RunTime:0.000507s ]
INFO: [ app_end ] --END-- [ RunTime:0.000523s ]

[ 2019-05-31T14:22:56+08:00 ] ::1 /index.php/Admin/Manage/no_borrow.html
INFO: [ app_init ] --START--
INFO: Run Behavior\BuildLiteBehavior [ RunTime:0.000005s ]
INFO: [ app_init ] --END-- [ RunTime:0.000374s ]
INFO: [ app_begin ] --START--
INFO: Run Behavior\ReadHtmlCacheBehavior [ RunTime:0.000488s ]
INFO: [ app_begin ] --END-- [ RunTime:0.000507s ]
NOTIC: [2] Use of undefined constant id - assumed 'id' (this will throw an Error in a future version of PHP) E:\wamp\apache\library\Application\Admin\Controller\CommonController.class.php 第 11 行.
SQL: SHOW COLUMNS FROM `books` [ RunTime:0.0206s ]
NOTIC: [8] Undefined variable: page E:\wamp\apache\library\Application\Admin\Controller\ManageController.class.php 第 201 行.
NOTIC: [8] Trying to get property 'firstRow' of non-object E:\wamp\apache\library\Application\Admin\Controller\ManageController.class.php 第 201 行.
NOTIC: [8] Undefined variable: page E:\wamp\apache\library\Application\Admin\Controller\ManageController.class.php 第 201 行.
NOTIC: [8] Trying to get property 'listRows' of non-object E:\wamp\apache\library\Application\Admin\Controller\ManageController.class.php 第 201 行.
SQL: SELECT COUNT(*) AS tp_count FROM `books` WHERE ( status = 0   ) LIMIT 1   [ RunTime:0.0011s ]
SQL: SELECT * FROM `books` WHERE ( status = 0   ) LIMIT 0,20   [ RunTime:0.0006s ]
INFO: [ view_parse ] --START--
INFO: [ template_filter ] --START--
INFO: Run Behavior\ContentReplaceBehavior [ RunTime:0.000037s ]
INFO: [ template_filter ] --END-- [ RunTime:0.000060s ]
INFO: Run Behavior\ParseTemplateBehavior [ RunTime:0.006809s ]
INFO: [ view_parse ] --END-- [ RunTime:0.006835s ]
INFO: [ view_filter ] --START--
INFO: Run Behavior\WriteHtmlCacheBehavior [ RunTime:0.000375s ]
INFO: [ view_filter ] --END-- [ RunTime:0.000394s ]
INFO: [ app_end ] --START--
INFO: Run Behavior\ShowPageTraceBehavior [ RunTime:0.000669s ]
INFO: [ app_end ] --END-- [ RunTime:0.000690s ]

[ 2019-05-31T14:23:02+08:00 ] ::1 /index.php/Admin/Manage/haved_borrow.html
INFO: [ app_init ] --START--
INFO: Run Behavior\BuildLiteBehavior [ RunTime:0.000006s ]
INFO: [ app_init ] --END-- [ RunTime:0.000395s ]
INFO: [ app_begin ] --START--
INFO: Run Behavior\ReadHtmlCacheBehavior [ RunTime:0.000489s ]
INFO: [ app_begin ] --END-- [ RunTime:0.000508s ]
NOTIC: [2] Use of undefined constant id - assumed 'id' (this will throw an Error in a future version of PHP) E:\wamp\apache\library\Application\Admin\Controller\CommonController.class.php 第 11 行.
SQL: SHOW COLUMNS FROM `books` [ RunTime:0.0134s ]
SQL: SHOW COLUMNS FROM `books` [ RunTime:0.0065s ]
SQL: SELECT COUNT(*) AS tp_count FROM books as t1,user as t2 WHERE ( t1.now_borrow= t2.user_id ) LIMIT 1   [ RunTime:0.0013s ]
NOTIC: [8] Undefined variable: count E:\wamp\apache\library\Application\Admin\Model\BooksModel.class.php 第 53 行.
SQL: SHOW COLUMNS FROM `books` [ RunTime:0.0066s ]
SQL: SELECT t1.*,t2.user_name FROM books as t1,user as t2 WHERE ( t1.now_borrow= t2.user_id )  [ RunTime:0.0015s ]
NOTIC: [8] Undefined index: show E:\wamp\apache\library\Application\Admin\Controller\ManageController.class.php 第 176 行.
INFO: [ view_parse ] --START--
INFO: [ template_filter ] --START--
INFO: Run Behavior\ContentReplaceBehavior [ RunTime:0.000027s ]
INFO: [ template_filter ] --END-- [ RunTime:0.000044s ]
NOTIC: [8] Undefined index: haved_borrow E:\wamp\apache\library\Application\Runtime\Cache\Admin\689885dfb7111836b8265bfdcf008073.php 第 68 行.
NOTIC: [8] Undefined index: haved_borrow E:\wamp\apache\library\Application\Runtime\Cache\Admin\689885dfb7111836b8265bfdcf008073.php 第 68 行.
NOTIC: [8] Undefined index: haved_borrow E:\wamp\apache\library\Application\Runtime\Cache\Admin\689885dfb7111836b8265bfdcf008073.php 第 68 行.
NOTIC: [8] Undefined index: haved_borrow E:\wamp\apache\library\Application\Runtime\Cache\Admin\689885dfb7111836b8265bfdcf008073.php 第 68 行.
NOTIC: [8] Undefined index: haved_borrow E:\wamp\apache\library\Application\Runtime\Cache\Admin\689885dfb7111836b8265bfdcf008073.php 第 68 行.
NOTIC: [8] Undefined index: haved_borrow E:\wamp\apache\library\Application\Runtime\Cache\Admin\689885dfb7111836b8265bfdcf008073.php 第 68 行.
NOTIC: [8] Undefined index: haved_borrow E:\wamp\apache\library\Application\Runtime\Cache\Admin\689885dfb7111836b8265bfdcf008073.php 第 68 行.
NOTIC: [8] Undefined index: haved_borrow E:\wamp\apache\library\Application\Runtime\Cache\Admin\689885dfb7111836b8265bfdcf008073.php 第 68 行.
NOTIC: [8] Undefined index: haved_borrow E:\wamp\apache\library\Application\Runtime\Cache\Admin\689885dfb7111836b8265bfdcf008073.php 第 68 行.
NOTIC: [8] Undefined index: haved_borrow E:\wamp\apache\library\Application\Runtime\Cache\Admin\689885dfb7111836b8265bfdcf008073.php 第 68 行.
NOTIC: [8] Undefined index: haved_borrow E:\wamp\apache\library\Application\Runtime\Cache\Admin\689885dfb7111836b8265bfdcf008073.php 第 68 行.
NOTIC: [8] Undefined index: haved_borrow E:\wamp\apache\library\Application\Runtime\Cache\Admin\689885dfb7111836b8265bfdcf008073.php 第 68 行.
NOTIC: [8] Undefined index: haved_borrow E:\wamp\apache\library\Application\Runtime\Cache\Admin\689885dfb7111836b8265bfdcf008073.php 第 68 行.
NOTIC: [8] Undefined index: haved_borrow E:\wamp\apache\library\Application\Runtime\Cache\Admin\689885dfb7111836b8265bfdcf008073.php 第 68 行.
NOTIC: [8] Undefined index: haved_borrow E:\wamp\apache\library\Application\Runtime\Cache\Admin\689885dfb7111836b8265bfdcf008073.php 第 68 行.
NOTIC: [8] Undefined index: haved_borrow E:\wamp\apache\library\Application\Runtime\Cache\Admin\689885dfb7111836b8265bfdcf008073.php 第 68 行.
NOTIC: [8] Undefined index: haved_borrow E:\wamp\apache\library\Application\Runtime\Cache\Admin\689885dfb7111836b8265bfdcf008073.php 第 68 行.
NOTIC: [8] Undefined index: haved_borrow E:\wamp\apache\library\Application\Runtime\Cache\Admin\689885dfb7111836b8265bfdcf008073.php 第 68 行.
NOTIC: [8] Undefined index: haved_borrow E:\wamp\apache\library\Application\Runtime\Cache\Admin\689885dfb7111836b8265bfdcf008073.php 第 68 行.
NOTIC: [8] Undefined index: haved_borrow E:\wamp\apache\library\Application\Runtime\Cache\Admin\689885dfb7111836b8265bfdcf008073.php 第 68 行.
NOTIC: [8] Undefined index: haved_borrow E:\wamp\apache\library\Application\Runtime\Cache\Admin\689885dfb7111836b8265bfdcf008073.php 第 68 行.
NOTIC: [8] Undefined index: haved_borrow E:\wamp\apache\library\Application\Runtime\Cache\Admin\689885dfb7111836b8265bfdcf008073.php 第 68 行.
NOTIC: [8] Undefined index: haved_borrow E:\wamp\apache\library\Application\Runtime\Cache\Admin\689885dfb7111836b8265bfdcf008073.php 第 68 行.
NOTIC: [8] Undefined index: haved_borrow E:\wamp\apache\library\Application\Runtime\Cache\Admin\689885dfb7111836b8265bfdcf008073.php 第 68 行.
NOTIC: [8] Undefined index: haved_borrow E:\wamp\apache\library\Application\Runtime\Cache\Admin\689885dfb7111836b8265bfdcf008073.php 第 68 行.
NOTIC: [8] Undefined index: haved_borrow E:\wamp\apache\library\Application\Runtime\Cache\Admin\689885dfb7111836b8265bfdcf008073.php 第 68 行.
NOTIC: [8] Undefined index: haved_borrow E:\wamp\apache\library\Application\Runtime\Cache\Admin\689885dfb7111836b8265bfdcf008073.php 第 68 行.
NOTIC: [8] Undefined index: haved_borrow E:\wamp\apache\library\Application\Runtime\Cache\Admin\689885dfb7111836b8265bfdcf008073.php 第 68 行.
NOTIC: [8] Undefined index: haved_borrow E:\wamp\apache\library\Application\Runtime\Cache\Admin\689885dfb7111836b8265bfdcf008073.php 第 68 行.
NOTIC: [8] Undefined index: haved_borrow E:\wamp\apache\library\Application\Runtime\Cache\Admin\689885dfb7111836b8265bfdcf008073.php 第 68 行.
NOTIC: [8] Undefined index: haved_borrow E:\wamp\apache\library\Application\Runtime\Cache\Admin\689885dfb7111836b8265bfdcf008073.php 第 68 行.
NOTIC: [8] Undefined index: haved_borrow E:\wamp\apache\library\Application\Runtime\Cache\Admin\689885dfb7111836b8265bfdcf008073.php 第 68 行.
NOTIC: [8] Undefined index: haved_borrow E:\wamp\apache\library\Application\Runtime\Cache\Admin\689885dfb7111836b8265bfdcf008073.php 第 68 行.
NOTIC: [8] Undefined index: haved_borrow E:\wamp\apache\library\Application\Runtime\Cache\Admin\689885dfb7111836b8265bfdcf008073.php 第 68 行.
NOTIC: [8] Undefined index: haved_borrow E:\wamp\apache\library\Application\Runtime\Cache\Admin\689885dfb7111836b8265bfdcf008073.php 第 68 行.
NOTIC: [8] Undefined index: haved_borrow E:\wamp\apache\library\Application\Runtime\Cache\Admin\689885dfb7111836b8265bfdcf008073.php 第 68 行.
NOTIC: [8] Undefined index: haved_borrow E:\wamp\apache\library\Application\Runtime\Cache\Admin\689885dfb7111836b8265bfdcf008073.php 第 68 行.
NOTIC: [8] Undefined index: haved_borrow E:\wamp\apache\library\Application\Runtime\Cache\Admin\689885dfb7111836b8265bfdcf008073.php 第 68 行.
NOTIC: [8] Undefined index: haved_borrow E:\wamp\apache\library\Application\Runtime\Cache\Admin\689885dfb7111836b8265bfdcf008073.php 第 68 行.
NOTIC: [8] Undefined index: haved_borrow E:\wamp\apache\library\Application\Runtime\Cache\Admin\689885dfb7111836b8265bfdcf008073.php 第 68 行.
NOTIC: [8] Undefined index: haved_borrow E:\wamp\apache\library\Application\Runtime\Cache\Admin\689885dfb7111836b8265bfdcf008073.php 第 68 行.
NOTIC: [8] Undefined index: haved_borrow E:\wamp\apache\library\Application\Runtime\Cache\Admin\689885dfb7111836b8265bfdcf008073.php 第 68 行.
NOTIC: [8] Undefined index: haved_borrow E:\wamp\apache\library\Application\Runtime\Cache\Admin\689885dfb7111836b8265bfdcf008073.php 第 68 行.
NOTIC: [8] Undefined index: haved_borrow E:\wamp\apache\library\Application\Runtime\Cache\Admin\689885dfb7111836b8265bfdcf008073.php 第 68 行.
NOTIC: [8] Undefined index: haved_borrow E:\wamp\apache\library\Application\Runtime\Cache\Admin\689885dfb7111836b8265bfdcf008073.php 第 68 行.
NOTIC: [8] Undefined index: haved_borrow E:\wamp\apache\library\Application\Runtime\Cache\Admin\689885dfb7111836b8265bfdcf008073.php 第 68 行.
NOTIC: [8] Undefined index: haved_borrow E:\wamp\apache\library\Application\Runtime\Cache\Admin\689885dfb7111836b8265bfdcf008073.php 第 68 行.
NOTIC: [8] Undefined index: haved_borrow E:\wamp\apache\library\Application\Runtime\Cache\Admin\689885dfb7111836b8265bfdcf008073.php 第 68 行.
NOTIC: [8] Undefined index: haved_borrow E:\wamp\apache\library\Application\Runtime\Cache\Admin\689885dfb7111836b8265bfdcf008073.php 第 68 行.
NOTIC: [8] Undefined index: haved_borrow E:\wamp\apache\library\Application\Runtime\Cache\Admin\689885dfb7111836b8265bfdcf008073.php 第 68 行.
NOTIC: [8] Undefined index: haved_borrow E:\wamp\apache\library\Application\Runtime\Cache\Admin\689885dfb7111836b8265bfdcf008073.php 第 68 行.
NOTIC: [8] Undefined index: haved_borrow E:\wamp\apache\library\Application\Runtime\Cache\Admin\689885dfb7111836b8265bfdcf008073.php 第 68 行.
NOTIC: [8] Undefined index: haved_borrow E:\wamp\apache\library\Application\Runtime\Cache\Admin\689885dfb7111836b8265bfdcf008073.php 第 68 行.
NOTIC: [8] Undefined index: haved_borrow E:\wamp\apache\library\Application\Runtime\Cache\Admin\689885dfb7111836b8265bfdcf008073.php 第 68 行.
NOTIC: [8] Undefined index: haved_borrow E:\wamp\apache\library\Application\Runtime\Cache\Admin\689885dfb7111836b8265bfdcf008073.php 第 68 行.
NOTIC: [8] Undefined index: haved_borrow E:\wamp\apache\library\Application\Runtime\Cache\Admin\689885dfb7111836b8265bfdcf008073.php 第 68 行.
NOTIC: [8] Undefined index: haved_borrow E:\wamp\apache\library\Application\Runtime\Cache\Admin\689885dfb7111836b8265bfdcf008073.php 第 68 行.
NOTIC: [8] Undefined index: haved_borrow E:\wamp\apache\library\Application\Runtime\Cache\Admin\689885dfb7111836b8265bfdcf008073.php 第 68 行.
NOTIC: [8] Undefined index: haved_borrow E:\wamp\apache\library\Application\Runtime\Cache\Admin\689885dfb7111836b8265bfdcf008073.php 第 68 行.
NOTIC: [8] Undefined index: haved_borrow E:\wamp\apache\library\Application\Runtime\Cache\Admin\689885dfb7111836b8265bfdcf008073.php 第 68 行.
NOTIC: [8] Undefined index: haved_borrow E:\wamp\apache\library\Application\Runtime\Cache\Admin\689885dfb7111836b8265bfdcf008073.php 第 68 行.
NOTIC: [8] Undefined index: haved_borrow E:\wamp\apache\library\Application\Runtime\Cache\Admin\689885dfb7111836b8265bfdcf008073.php 第 68 行.
NOTIC: [8] Undefined index: haved_borrow E:\wamp\apache\library\Application\Runtime\Cache\Admin\689885dfb7111836b8265bfdcf008073.php 第 68 行.
NOTIC: [8] Undefined index: haved_borrow E:\wamp\apache\library\Application\Runtime\Cache\Admin\689885dfb7111836b8265bfdcf008073.php 第 68 行.
NOTIC: [8] Undefined index: haved_borrow E:\wamp\apache\library\Application\Runtime\Cache\Admin\689885dfb7111836b8265bfdcf008073.php 第 68 行.
NOTIC: [8] Undefined index: haved_borrow E:\wamp\apache\library\Application\Runtime\Cache\Admin\689885dfb7111836b8265bfdcf008073.php 第 68 行.
NOTIC: [8] Undefined index: haved_borrow E:\wamp\apache\library\Application\Runtime\Cache\Admin\689885dfb7111836b8265bfdcf008073.php 第 68 行.
NOTIC: [8] Undefined index: haved_borrow E:\wamp\apache\library\Application\Runtime\Cache\Admin\689885dfb7111836b8265bfdcf008073.php 第 68 行.
NOTIC: [8] Undefined index: haved_borrow E:\wamp\apache\library\Application\Runtime\Cache\Admin\689885dfb7111836b8265bfdcf008073.php 第 68 行.
NOTIC: [8] Undefined index: haved_borrow E:\wamp\apache\library\Application\Runtime\Cache\Admin\689885dfb7111836b8265bfdcf008073.php 第 68 行.
NOTIC: [8] Undefined index: haved_borrow E:\wamp\apache\library\Application\Runtime\Cache\Admin\689885dfb7111836b8265bfdcf008073.php 第 68 行.
NOTIC: [8] Undefined index: haved_borrow E:\wamp\apache\library\Application\Runtime\Cache\Admin\689885dfb7111836b8265bfdcf008073.php 第 68 行.
NOTIC: [8] Undefined index: haved_borrow E:\wamp\apache\library\Application\Runtime\Cache\Admin\689885dfb7111836b8265bfdcf008073.php 第 68 行.
NOTIC: [8] Undefined index: haved_borrow E:\wamp\apache\library\Application\Runtime\Cache\Admin\689885dfb7111836b8265bfdcf008073.php 第 68 行.
NOTIC: [8] Undefined index: haved_borrow E:\wamp\apache\library\Application\Runtime\Cache\Admin\689885dfb7111836b8265bfdcf008073.php 第 68 行.
NOTIC: [8] Undefined index: haved_borrow E:\wamp\apache\library\Application\Runtime\Cache\Admin\689885dfb7111836b8265bfdcf008073.php 第 68 行.
NOTIC: [8] Undefined index: haved_borrow E:\wamp\apache\library\Application\Runtime\Cache\Admin\689885dfb7111836b8265bfdcf008073.php 第 68 行.
NOTIC: [8] Undefined index: haved_borrow E:\wamp\apache\library\Application\Runtime\Cache\Admin\689885dfb7111836b8265bfdcf008073.php 第 68 行.
NOTIC: [8] Undefined index: haved_borrow E:\wamp\apache\library\Application\Runtime\Cache\Admin\689885dfb7111836b8265bfdcf008073.php 第 68 行.
NOTIC: [8] Undefined index: haved_borrow E:\wamp\apache\library\Application\Runtime\Cache\Admin\689885dfb7111836b8265bfdcf008073.php 第 68 行.
NOTIC: [8] Undefined index: haved_borrow E:\wamp\apache\library\Application\Runtime\Cache\Admin\689885dfb7111836b8265bfdcf008073.php 第 68 行.
NOTIC: [8] Undefined index: haved_borrow E:\wamp\apache\library\Application\Runtime\Cache\Admin\689885dfb7111836b8265bfdcf008073.php 第 68 行.
NOTIC: [8] Undefined index: haved_borrow E:\wamp\apache\library\Application\Runtime\Cache\Admin\689885dfb7111836b8265bfdcf008073.php 第 68 行.
NOTIC: [8] Undefined index: haved_borrow E:\wamp\apache\library\Application\Runtime\Cache\Admin\689885dfb7111836b8265bfdcf008073.php 第 68 行.
NOTIC: [8] Undefined index: haved_borrow E:\wamp\apache\library\Application\Runtime\Cache\Admin\689885dfb7111836b8265bfdcf008073.php 第 68 行.
NOTIC: [8] Undefined index: haved_borrow E:\wamp\apache\library\Application\Runtime\Cache\Admin\689885dfb7111836b8265bfdcf008073.php 第 68 行.
INFO: Run Behavior\ParseTemplateBehavior [ RunTime:0.005089s ]
INFO: [ view_parse ] --END-- [ RunTime:0.005105s ]
INFO: [ view_filter ] --START--
INFO: Run Behavior\WriteHtmlCacheBehavior [ RunTime:0.000246s ]
INFO: [ view_filter ] --END-- [ RunTime:0.000260s ]
INFO: [ app_end ] --START--
INFO: Run Behavior\ShowPageTraceBehavior [ RunTime:0.000601s ]
INFO: [ app_end ] --END-- [ RunTime:0.000618s ]

[ 2019-05-31T14:25:53+08:00 ] ::1 /index.php/Admin/Manage/haved_borrow.html
INFO: [ app_init ] --START--
INFO: Run Behavior\BuildLiteBehavior [ RunTime:0.000007s ]
INFO: [ app_init ] --END-- [ RunTime:0.000500s ]
INFO: [ app_begin ] --START--
INFO: Run Behavior\ReadHtmlCacheBehavior [ RunTime:0.000803s ]
INFO: [ app_begin ] --END-- [ RunTime:0.000826s ]
NOTIC: [2] Use of undefined constant id - assumed 'id' (this will throw an Error in a future version of PHP) E:\wamp\apache\library\Application\Admin\Controller\CommonController.class.php 第 11 行.
SQL: SHOW COLUMNS FROM `books` [ RunTime:0.0192s ]
SQL: SHOW COLUMNS FROM `books` [ RunTime:0.0095s ]
SQL: SELECT COUNT(*) AS tp_count FROM books as t1,user as t2 WHERE ( t1.now_borrow= t2.user_id ) LIMIT 1   [ RunTime:0.0010s ]
NOTIC: [8] Undefined variable: count E:\wamp\apache\library\Application\Admin\Model\BooksModel.class.php 第 53 行.
SQL: SHOW COLUMNS FROM `books` [ RunTime:0.0069s ]
SQL: SELECT t1.*,t2.user_name FROM books as t1,user as t2 WHERE ( t1.now_borrow= t2.user_id )  [ RunTime:0.0015s ]
NOTIC: [8] Undefined index: show E:\wamp\apache\library\Application\Admin\Controller\ManageController.class.php 第 176 行.
INFO: [ view_parse ] --START--
INFO: [ template_filter ] --START--
INFO: Run Behavior\ContentReplaceBehavior [ RunTime:0.000029s ]
INFO: [ template_filter ] --END-- [ RunTime:0.000045s ]
NOTIC: [8] Undefined index: haved_borrow E:\wamp\apache\library\Application\Runtime\Cache\Admin\689885dfb7111836b8265bfdcf008073.php 第 68 行.
NOTIC: [8] Undefined index: haved_borrow E:\wamp\apache\library\Application\Runtime\Cache\Admin\689885dfb7111836b8265bfdcf008073.php 第 68 行.
NOTIC: [8] Undefined index: haved_borrow E:\wamp\apache\library\Application\Runtime\Cache\Admin\689885dfb7111836b8265bfdcf008073.php 第 68 行.
NOTIC: [8] Undefined index: haved_borrow E:\wamp\apache\library\Application\Runtime\Cache\Admin\689885dfb7111836b8265bfdcf008073.php 第 68 行.
NOTIC: [8] Undefined index: haved_borrow E:\wamp\apache\library\Application\Runtime\Cache\Admin\689885dfb7111836b8265bfdcf008073.php 第 68 行.
NOTIC: [8] Undefined index: haved_borrow E:\wamp\apache\library\Application\Runtime\Cache\Admin\689885dfb7111836b8265bfdcf008073.php 第 68 行.
NOTIC: [8] Undefined index: haved_borrow E:\wamp\apache\library\Application\Runtime\Cache\Admin\689885dfb7111836b8265bfdcf008073.php 第 68 行.
NOTIC: [8] Undefined index: haved_borrow E:\wamp\apache\library\Application\Runtime\Cache\Admin\689885dfb7111836b8265bfdcf008073.php 第 68 行.
NOTIC: [8] Undefined index: haved_borrow E:\wamp\apache\library\Application\Runtime\Cache\Admin\689885dfb7111836b8265bfdcf008073.php 第 68 行.
NOTIC: [8] Undefined index: haved_borrow E:\wamp\apache\library\Application\Runtime\Cache\Admin\689885dfb7111836b8265bfdcf008073.php 第 68 行.
NOTIC: [8] Undefined index: haved_borrow E:\wamp\apache\library\Application\Runtime\Cache\Admin\689885dfb7111836b8265bfdcf008073.php 第 68 行.
NOTIC: [8] Undefined index: haved_borrow E:\wamp\apache\library\Application\Runtime\Cache\Admin\689885dfb7111836b8265bfdcf008073.php 第 68 行.
NOTIC: [8] Undefined index: haved_borrow E:\wamp\apache\library\Application\Runtime\Cache\Admin\689885dfb7111836b8265bfdcf008073.php 第 68 行.
NOTIC: [8] Undefined index: haved_borrow E:\wamp\apache\library\Application\Runtime\Cache\Admin\689885dfb7111836b8265bfdcf008073.php 第 68 行.
NOTIC: [8] Undefined index: haved_borrow E:\wamp\apache\library\Application\Runtime\Cache\Admin\689885dfb7111836b8265bfdcf008073.php 第 68 行.
NOTIC: [8] Undefined index: haved_borrow E:\wamp\apache\library\Application\Runtime\Cache\Admin\689885dfb7111836b8265bfdcf008073.php 第 68 行.
NOTIC: [8] Undefined index: haved_borrow E:\wamp\apache\library\Application\Runtime\Cache\Admin\689885dfb7111836b8265bfdcf008073.php 第 68 行.
NOTIC: [8] Undefined index: haved_borrow E:\wamp\apache\library\Application\Runtime\Cache\Admin\689885dfb7111836b8265bfdcf008073.php 第 68 行.
NOTIC: [8] Undefined index: haved_borrow E:\wamp\apache\library\Application\Runtime\Cache\Admin\689885dfb7111836b8265bfdcf008073.php 第 68 行.
NOTIC: [8] Undefined index: haved_borrow E:\wamp\apache\library\Application\Runtime\Cache\Admin\689885dfb7111836b8265bfdcf008073.php 第 68 行.
NOTIC: [8] Undefined index: haved_borrow E:\wamp\apache\library\Application\Runtime\Cache\Admin\689885dfb7111836b8265bfdcf008073.php 第 68 行.
NOTIC: [8] Undefined index: haved_borrow E:\wamp\apache\library\Application\Runtime\Cache\Admin\689885dfb7111836b8265bfdcf008073.php 第 68 行.
NOTIC: [8] Undefined index: haved_borrow E:\wamp\apache\library\Application\Runtime\Cache\Admin\689885dfb7111836b8265bfdcf008073.php 第 68 行.
NOTIC: [8] Undefined index: haved_borrow E:\wamp\apache\library\Application\Runtime\Cache\Admin\689885dfb7111836b8265bfdcf008073.php 第 68 行.
NOTIC: [8] Undefined index: haved_borrow E:\wamp\apache\library\Application\Runtime\Cache\Admin\689885dfb7111836b8265bfdcf008073.php 第 68 行.
NOTIC: [8] Undefined index: haved_borrow E:\wamp\apache\library\Application\Runtime\Cache\Admin\689885dfb7111836b8265bfdcf008073.php 第 68 行.
NOTIC: [8] Undefined index: haved_borrow E:\wamp\apache\library\Application\Runtime\Cache\Admin\689885dfb7111836b8265bfdcf008073.php 第 68 行.
NOTIC: [8] Undefined index: haved_borrow E:\wamp\apache\library\Application\Runtime\Cache\Admin\689885dfb7111836b8265bfdcf008073.php 第 68 行.
NOTIC: [8] Undefined index: haved_borrow E:\wamp\apache\library\Application\Runtime\Cache\Admin\689885dfb7111836b8265bfdcf008073.php 第 68 行.
NOTIC: [8] Undefined index: haved_borrow E:\wamp\apache\library\Application\Runtime\Cache\Admin\689885dfb7111836b8265bfdcf008073.php 第 68 行.
NOTIC: [8] Undefined index: haved_borrow E:\wamp\apache\library\Application\Runtime\Cache\Admin\689885dfb7111836b8265bfdcf008073.php 第 68 行.
NOTIC: [8] Undefined index: haved_borrow E:\wamp\apache\library\Application\Runtime\Cache\Admin\689885dfb7111836b8265bfdcf008073.php 第 68 行.
NOTIC: [8] Undefined index: haved_borrow E:\wamp\apache\library\Application\Runtime\Cache\Admin\689885dfb7111836b8265bfdcf008073.php 第 68 行.
NOTIC: [8] Undefined index: haved_borrow E:\wamp\apache\library\Application\Runtime\Cache\Admin\689885dfb7111836b8265bfdcf008073.php 第 68 行.
NOTIC: [8] Undefined index: haved_borrow E:\wamp\apache\library\Application\Runtime\Cache\Admin\689885dfb7111836b8265bfdcf008073.php 第 68 行.
NOTIC: [8] Undefined index: haved_borrow E:\wamp\apache\library\Application\Runtime\Cache\Admin\689885dfb7111836b8265bfdcf008073.php 第 68 行.
NOTIC: [8] Undefined index: haved_borrow E:\wamp\apache\library\Application\Runtime\Cache\Admin\689885dfb7111836b8265bfdcf008073.php 第 68 行.
NOTIC: [8] Undefined index: haved_borrow E:\wamp\apache\library\Application\Runtime\Cache\Admin\689885dfb7111836b8265bfdcf008073.php 第 68 行.
NOTIC: [8] Undefined index: haved_borrow E:\wamp\apache\library\Application\Runtime\Cache\Admin\689885dfb7111836b8265bfdcf008073.php 第 68 行.
NOTIC: [8] Undefined index: haved_borrow E:\wamp\apache\library\Application\Runtime\Cache\Admin\689885dfb7111836b8265bfdcf008073.php 第 68 行.
NOTIC: [8] Undefined index: haved_borrow E:\wamp\apache\library\Application\Runtime\Cache\Admin\689885dfb7111836b8265bfdcf008073.php 第 68 行.
NOTIC: [8] Undefined index: haved_borrow E:\wamp\apache\library\Application\Runtime\Cache\Admin\689885dfb7111836b8265bfdcf008073.php 第 68 行.
NOTIC: [8] Undefined index: haved_borrow E:\wamp\apache\library\Application\Runtime\Cache\Admin\689885dfb7111836b8265bfdcf008073.php 第 68 行.
NOTIC: [8] Undefined index: haved_borrow E:\wamp\apache\library\Application\Runtime\Cache\Admin\689885dfb7111836b8265bfdcf008073.php 第 68 行.
NOTIC: [8] Undefined index: haved_borrow E:\wamp\apache\library\Application\Runtime\Cache\Admin\689885dfb7111836b8265bfdcf008073.php 第 68 行.
NOTIC: [8] Undefined index: haved_borrow E:\wamp\apache\library\Application\Runtime\Cache\Admin\689885dfb7111836b8265bfdcf008073.php 第 68 行.
NOTIC: [8] Undefined index: haved_borrow E:\wamp\apache\library\Application\Runtime\Cache\Admin\689885dfb7111836b8265bfdcf008073.php 第 68 行.
NOTIC: [8] Undefined index: haved_borrow E:\wamp\apache\library\Application\Runtime\Cache\Admin\689885dfb7111836b8265bfdcf008073.php 第 68 行.
NOTIC: [8] Undefined index: haved_borrow E:\wamp\apache\library\Application\Runtime\Cache\Admin\689885dfb7111836b8265bfdcf008073.php 第 68 行.
NOTIC: [8] Undefined index: haved_borrow E:\wamp\apache\library\Application\Runtime\Cache\Admin\689885dfb7111836b8265bfdcf008073.php 第 68 行.
NOTIC: [8] Undefined index: haved_borrow E:\wamp\apache\library\Application\Runtime\Cache\Admin\689885dfb7111836b8265bfdcf008073.php 第 68 行.
NOTIC: [8] Undefined index: haved_borrow E:\wamp\apache\library\Application\Runtime\Cache\Admin\689885dfb7111836b8265bfdcf008073.php 第 68 行.
NOTIC: [8] Undefined index: haved_borrow E:\wamp\apache\library\Application\Runtime\Cache\Admin\689885dfb7111836b8265bfdcf008073.php 第 68 行.
NOTIC: [8] Undefined index: haved_borrow E:\wamp\apache\library\Application\Runtime\Cache\Admin\689885dfb7111836b8265bfdcf008073.php 第 68 行.
NOTIC: [8] Undefined index: haved_borrow E:\wamp\apache\library\Application\Runtime\Cache\Admin\689885dfb7111836b8265bfdcf008073.php 第 68 行.
NOTIC: [8] Undefined index: haved_borrow E:\wamp\apache\library\Application\Runtime\Cache\Admin\689885dfb7111836b8265bfdcf008073.php 第 68 行.
NOTIC: [8] Undefined index: haved_borrow E:\wamp\apache\library\Application\Runtime\Cache\Admin\689885dfb7111836b8265bfdcf008073.php 第 68 行.
NOTIC: [8] Undefined index: haved_borrow E:\wamp\apache\library\Application\Runtime\Cache\Admin\689885dfb7111836b8265bfdcf008073.php 第 68 行.
NOTIC: [8] Undefined index: haved_borrow E:\wamp\apache\library\Application\Runtime\Cache\Admin\689885dfb7111836b8265bfdcf008073.php 第 68 行.
NOTIC: [8] Undefined index: haved_borrow E:\wamp\apache\library\Application\Runtime\Cache\Admin\689885dfb7111836b8265bfdcf008073.php 第 68 行.
NOTIC: [8] Undefined index: haved_borrow E:\wamp\apache\library\Application\Runtime\Cache\Admin\689885dfb7111836b8265bfdcf008073.php 第 68 行.
NOTIC: [8] Undefined index: haved_borrow E:\wamp\apache\library\Application\Runtime\Cache\Admin\689885dfb7111836b8265bfdcf008073.php 第 68 行.
NOTIC: [8] Undefined index: haved_borrow E:\wamp\apache\library\Application\Runtime\Cache\Admin\689885dfb7111836b8265bfdcf008073.php 第 68 行.
NOTIC: [8] Undefined index: haved_borrow E:\wamp\apache\library\Application\Runtime\Cache\Admin\689885dfb7111836b8265bfdcf008073.php 第 68 行.
NOTIC: [8] Undefined index: haved_borrow E:\wamp\apache\library\Application\Runtime\Cache\Admin\689885dfb7111836b8265bfdcf008073.php 第 68 行.
NOTIC: [8] Undefined index: haved_borrow E:\wamp\apache\library\Application\Runtime\Cache\Admin\689885dfb7111836b8265bfdcf008073.php 第 68 行.
NOTIC: [8] Undefined index: haved_borrow E:\wamp\apache\library\Application\Runtime\Cache\Admin\689885dfb7111836b8265bfdcf008073.php 第 68 行.
NOTIC: [8] Undefined index: haved_borrow E:\wamp\apache\library\Application\Runtime\Cache\Admin\689885dfb7111836b8265bfdcf008073.php 第 68 行.
NOTIC: [8] Undefined index: haved_borrow E:\wamp\apache\library\Application\Runtime\Cache\Admin\689885dfb7111836b8265bfdcf008073.php 第 68 行.
NOTIC: [8] Undefined index: haved_borrow E:\wamp\apache\library\Application\Runtime\Cache\Admin\689885dfb7111836b8265bfdcf008073.php 第 68 行.
NOTIC: [8] Undefined index: haved_borrow E:\wamp\apache\library\Application\Runtime\Cache\Admin\689885dfb7111836b8265bfdcf008073.php 第 68 行.
NOTIC: [8] Undefined index: haved_borrow E:\wamp\apache\library\Application\Runtime\Cache\Admin\689885dfb7111836b8265bfdcf008073.php 第 68 行.
NOTIC: [8] Undefined index: haved_borrow E:\wamp\apache\library\Application\Runtime\Cache\Admin\689885dfb7111836b8265bfdcf008073.php 第 68 行.
NOTIC: [8] Undefined index: haved_borrow E:\wamp\apache\library\Application\Runtime\Cache\Admin\689885dfb7111836b8265bfdcf008073.php 第 68 行.
NOTIC: [8] Undefined index: haved_borrow E:\wamp\apache\library\Application\Runtime\Cache\Admin\689885dfb7111836b8265bfdcf008073.php 第 68 行.
NOTIC: [8] Undefined index: haved_borrow E:\wamp\apache\library\Application\Runtime\Cache\Admin\689885dfb7111836b8265bfdcf008073.php 第 68 行.
NOTIC: [8] Undefined index: haved_borrow E:\wamp\apache\library\Application\Runtime\Cache\Admin\689885dfb7111836b8265bfdcf008073.php 第 68 行.
NOTIC: [8] Undefined index: haved_borrow E:\wamp\apache\library\Application\Runtime\Cache\Admin\689885dfb7111836b8265bfdcf008073.php 第 68 行.
NOTIC: [8] Undefined index: haved_borrow E:\wamp\apache\library\Application\Runtime\Cache\Admin\689885dfb7111836b8265bfdcf008073.php 第 68 行.
NOTIC: [8] Undefined index: haved_borrow E:\wamp\apache\library\Application\Runtime\Cache\Admin\689885dfb7111836b8265bfdcf008073.php 第 68 行.
NOTIC: [8] Undefined index: haved_borrow E:\wamp\apache\library\Application\Runtime\Cache\Admin\689885dfb7111836b8265bfdcf008073.php 第 68 行.
NOTIC: [8] Undefined index: haved_borrow E:\wamp\apache\library\Application\Runtime\Cache\Admin\689885dfb7111836b8265bfdcf008073.php 第 68 行.
NOTIC: [8] Undefined index: haved_borrow E:\wamp\apache\library\Application\Runtime\Cache\Admin\689885dfb7111836b8265bfdcf008073.php 第 68 行.
NOTIC: [8] Undefined index: haved_borrow E:\wamp\apache\library\Application\Runtime\Cache\Admin\689885dfb7111836b8265bfdcf008073.php 第 68 行.
NOTIC: [8] Undefined index: haved_borrow E:\wamp\apache\library\Application\Runtime\Cache\Admin\689885dfb7111836b8265bfdcf008073.php 第 68 行.
NOTIC: [8] Undefined index: haved_borrow E:\wamp\apache\library\Application\Runtime\Cache\Admin\689885dfb7111836b8265bfdcf008073.php 第 68 行.
INFO: Run Behavior\ParseTemplateBehavior [ RunTime:0.006630s ]
INFO: [ view_parse ] --END-- [ RunTime:0.006646s ]
INFO: [ view_filter ] --START--
INFO: Run Behavior\WriteHtmlCacheBehavior [ RunTime:0.000587s ]
INFO: [ view_filter ] --END-- [ RunTime:0.000602s ]
INFO: [ app_end ] --START--
INFO: Run Behavior\ShowPageTraceBehavior [ RunTime:0.001009s ]
INFO: [ app_end ] --END-- [ RunTime:0.001030s ]

[ 2019-05-31T14:26:01+08:00 ] ::1 /index.php/Admin/Manage/haved_borrow.html
INFO: [ app_init ] --START--
INFO: Run Behavior\BuildLiteBehavior [ RunTime:0.000007s ]
INFO: [ app_init ] --END-- [ RunTime:0.000388s ]
INFO: [ app_begin ] --START--
INFO: Run Behavior\ReadHtmlCacheBehavior [ RunTime:0.000547s ]
INFO: [ app_begin ] --END-- [ RunTime:0.000567s ]
NOTIC: [2] Use of undefined constant id - assumed 'id' (this will throw an Error in a future version of PHP) E:\wamp\apache\library\Application\Admin\Controller\CommonController.class.php 第 11 行.
SQL: SHOW COLUMNS FROM `books` [ RunTime:0.0121s ]
SQL: SHOW COLUMNS FROM `books` [ RunTime:0.0071s ]
SQL: SELECT COUNT(*) AS tp_count FROM books as t1,user as t2 WHERE ( t1.now_borrow= t2.user_id ) LIMIT 1   [ RunTime:0.0007s ]
NOTIC: [8] Undefined variable: count E:\wamp\apache\library\Application\Admin\Model\BooksModel.class.php 第 53 行.
SQL: SHOW COLUMNS FROM `books` [ RunTime:0.0066s ]
SQL: SELECT t1.*,t2.user_name FROM books as t1,user as t2 WHERE ( t1.now_borrow= t2.user_id )  [ RunTime:0.0023s ]
NOTIC: [8] Undefined index: show E:\wamp\apache\library\Application\Admin\Controller\ManageController.class.php 第 176 行.
INFO: [ view_parse ] --START--
INFO: [ template_filter ] --START--
INFO: Run Behavior\ContentReplaceBehavior [ RunTime:0.000067s ]
INFO: [ template_filter ] --END-- [ RunTime:0.000110s ]
NOTIC: [8] Undefined index: haved_borrow E:\wamp\apache\library\Application\Runtime\Cache\Admin\689885dfb7111836b8265bfdcf008073.php 第 68 行.
NOTIC: [8] Undefined index: haved_borrow E:\wamp\apache\library\Application\Runtime\Cache\Admin\689885dfb7111836b8265bfdcf008073.php 第 68 行.
NOTIC: [8] Undefined index: haved_borrow E:\wamp\apache\library\Application\Runtime\Cache\Admin\689885dfb7111836b8265bfdcf008073.php 第 68 行.
NOTIC: [8] Undefined index: haved_borrow E:\wamp\apache\library\Application\Runtime\Cache\Admin\689885dfb7111836b8265bfdcf008073.php 第 68 行.
NOTIC: [8] Undefined index: haved_borrow E:\wamp\apache\library\Application\Runtime\Cache\Admin\689885dfb7111836b8265bfdcf008073.php 第 68 行.
NOTIC: [8] Undefined index: haved_borrow E:\wamp\apache\library\Application\Runtime\Cache\Admin\689885dfb7111836b8265bfdcf008073.php 第 68 行.
NOTIC: [8] Undefined index: haved_borrow E:\wamp\apache\library\Application\Runtime\Cache\Admin\689885dfb7111836b8265bfdcf008073.php 第 68 行.
NOTIC: [8] Undefined index: haved_borrow E:\wamp\apache\library\Application\Runtime\Cache\Admin\689885dfb7111836b8265bfdcf008073.php 第 68 行.
NOTIC: [8] Undefined index: haved_borrow E:\wamp\apache\library\Application\Runtime\Cache\Admin\689885dfb7111836b8265bfdcf008073.php 第 68 行.
NOTIC: [8] Undefined index: haved_borrow E:\wamp\apache\library\Application\Runtime\Cache\Admin\689885dfb7111836b8265bfdcf008073.php 第 68 行.
NOTIC: [8] Undefined index: haved_borrow E:\wamp\apache\library\Application\Runtime\Cache\Admin\689885dfb7111836b8265bfdcf008073.php 第 68 行.
NOTIC: [8] Undefined index: haved_borrow E:\wamp\apache\library\Application\Runtime\Cache\Admin\689885dfb7111836b8265bfdcf008073.php 第 68 行.
NOTIC: [8] Undefined index: haved_borrow E:\wamp\apache\library\Application\Runtime\Cache\Admin\689885dfb7111836b8265bfdcf008073.php 第 68 行.
NOTIC: [8] Undefined index: haved_borrow E:\wamp\apache\library\Application\Runtime\Cache\Admin\689885dfb7111836b8265bfdcf008073.php 第 68 行.
NOTIC: [8] Undefined index: haved_borrow E:\wamp\apache\library\Application\Runtime\Cache\Admin\689885dfb7111836b8265bfdcf008073.php 第 68 行.
NOTIC: [8] Undefined index: haved_borrow E:\wamp\apache\library\Application\Runtime\Cache\Admin\689885dfb7111836b8265bfdcf008073.php 第 68 行.
NOTIC: [8] Undefined index: haved_borrow E:\wamp\apache\library\Application\Runtime\Cache\Admin\689885dfb7111836b8265bfdcf008073.php 第 68 行.
NOTIC: [8] Undefined index: haved_borrow E:\wamp\apache\library\Application\Runtime\Cache\Admin\689885dfb7111836b8265bfdcf008073.php 第 68 行.
NOTIC: [8] Undefined index: haved_borrow E:\wamp\apache\library\Application\Runtime\Cache\Admin\689885dfb7111836b8265bfdcf008073.php 第 68 行.
NOTIC: [8] Undefined index: haved_borrow E:\wamp\apache\library\Application\Runtime\Cache\Admin\689885dfb7111836b8265bfdcf008073.php 第 68 行.
NOTIC: [8] Undefined index: haved_borrow E:\wamp\apache\library\Application\Runtime\Cache\Admin\689885dfb7111836b8265bfdcf008073.php 第 68 行.
NOTIC: [8] Undefined index: haved_borrow E:\wamp\apache\library\Application\Runtime\Cache\Admin\689885dfb7111836b8265bfdcf008073.php 第 68 行.
NOTIC: [8] Undefined index: haved_borrow E:\wamp\apache\library\Application\Runtime\Cache\Admin\689885dfb7111836b8265bfdcf008073.php 第 68 行.
NOTIC: [8] Undefined index: haved_borrow E:\wamp\apache\library\Application\Runtime\Cache\Admin\689885dfb7111836b8265bfdcf008073.php 第 68 行.
NOTIC: [8] Undefined index: haved_borrow E:\wamp\apache\library\Application\Runtime\Cache\Admin\689885dfb7111836b8265bfdcf008073.php 第 68 行.
NOTIC: [8] Undefined index: haved_borrow E:\wamp\apache\library\Application\Runtime\Cache\Admin\689885dfb7111836b8265bfdcf008073.php 第 68 行.
NOTIC: [8] Undefined index: haved_borrow E:\wamp\apache\library\Application\Runtime\Cache\Admin\689885dfb7111836b8265bfdcf008073.php 第 68 行.
NOTIC: [8] Undefined index: haved_borrow E:\wamp\apache\library\Application\Runtime\Cache\Admin\689885dfb7111836b8265bfdcf008073.php 第 68 行.
NOTIC: [8] Undefined index: haved_borrow E:\wamp\apache\library\Application\Runtime\Cache\Admin\689885dfb7111836b8265bfdcf008073.php 第 68 行.
NOTIC: [8] Undefined index: haved_borrow E:\wamp\apache\library\Application\Runtime\Cache\Admin\689885dfb7111836b8265bfdcf008073.php 第 68 行.
NOTIC: [8] Undefined index: haved_borrow E:\wamp\apache\library\Application\Runtime\Cache\Admin\689885dfb7111836b8265bfdcf008073.php 第 68 行.
NOTIC: [8] Undefined index: haved_borrow E:\wamp\apache\library\Application\Runtime\Cache\Admin\689885dfb7111836b8265bfdcf008073.php 第 68 行.
NOTIC: [8] Undefined index: haved_borrow E:\wamp\apache\library\Application\Runtime\Cache\Admin\689885dfb7111836b8265bfdcf008073.php 第 68 行.
NOTIC: [8] Undefined index: haved_borrow E:\wamp\apache\library\Application\Runtime\Cache\Admin\689885dfb7111836b8265bfdcf008073.php 第 68 行.
NOTIC: [8] Undefined index: haved_borrow E:\wamp\apache\library\Application\Runtime\Cache\Admin\689885dfb7111836b8265bfdcf008073.php 第 68 行.
NOTIC: [8] Undefined index: haved_borrow E:\wamp\apache\library\Application\Runtime\Cache\Admin\689885dfb7111836b8265bfdcf008073.php 第 68 行.
NOTIC: [8] Undefined index: haved_borrow E:\wamp\apache\library\Application\Runtime\Cache\Admin\689885dfb7111836b8265bfdcf008073.php 第 68 行.
NOTIC: [8] Undefined index: haved_borrow E:\wamp\apache\library\Application\Runtime\Cache\Admin\689885dfb7111836b8265bfdcf008073.php 第 68 行.
NOTIC: [8] Undefined index: haved_borrow E:\wamp\apache\library\Application\Runtime\Cache\Admin\689885dfb7111836b8265bfdcf008073.php 第 68 行.
NOTIC: [8] Undefined index: haved_borrow E:\wamp\apache\library\Application\Runtime\Cache\Admin\689885dfb7111836b8265bfdcf008073.php 第 68 行.
NOTIC: [8] Undefined index: haved_borrow E:\wamp\apache\library\Application\Runtime\Cache\Admin\689885dfb7111836b8265bfdcf008073.php 第 68 行.
NOTIC: [8] Undefined index: haved_borrow E:\wamp\apache\library\Application\Runtime\Cache\Admin\689885dfb7111836b8265bfdcf008073.php 第 68 行.
NOTIC: [8] Undefined index: haved_borrow E:\wamp\apache\library\Application\Runtime\Cache\Admin\689885dfb7111836b8265bfdcf008073.php 第 68 行.
NOTIC: [8] Undefined index: haved_borrow E:\wamp\apache\library\Application\Runtime\Cache\Admin\689885dfb7111836b8265bfdcf008073.php 第 68 行.
NOTIC: [8] Undefined index: haved_borrow E:\wamp\apache\library\Application\Runtime\Cache\Admin\689885dfb7111836b8265bfdcf008073.php 第 68 行.
NOTIC: [8] Undefined index: haved_borrow E:\wamp\apache\library\Application\Runtime\Cache\Admin\689885dfb7111836b8265bfdcf008073.php 第 68 行.
NOTIC: [8] Undefined index: haved_borrow E:\wamp\apache\library\Application\Runtime\Cache\Admin\689885dfb7111836b8265bfdcf008073.php 第 68 行.
NOTIC: [8] Undefined index: haved_borrow E:\wamp\apache\library\Application\Runtime\Cache\Admin\689885dfb7111836b8265bfdcf008073.php 第 68 行.
NOTIC: [8] Undefined index: haved_borrow E:\wamp\apache\library\Application\Runtime\Cache\Admin\689885dfb7111836b8265bfdcf008073.php 第 68 行.
NOTIC: [8] Undefined index: haved_borrow E:\wamp\apache\library\Application\Runtime\Cache\Admin\689885dfb7111836b8265bfdcf008073.php 第 68 行.
NOTIC: [8] Undefined index: haved_borrow E:\wamp\apache\library\Application\Runtime\Cache\Admin\689885dfb7111836b8265bfdcf008073.php 第 68 行.
NOTIC: [8] Undefined index: haved_borrow E:\wamp\apache\library\Application\Runtime\Cache\Admin\689885dfb7111836b8265bfdcf008073.php 第 68 行.
NOTIC: [8] Undefined index: haved_borrow E:\wamp\apache\library\Application\Runtime\Cache\Admin\689885dfb7111836b8265bfdcf008073.php 第 68 行.
NOTIC: [8] Undefined index: haved_borrow E:\wamp\apache\library\Application\Runtime\Cache\Admin\689885dfb7111836b8265bfdcf008073.php 第 68 行.
NOTIC: [8] Undefined index: haved_borrow E:\wamp\apache\library\Application\Runtime\Cache\Admin\689885dfb7111836b8265bfdcf008073.php 第 68 行.
NOTIC: [8] Undefined index: haved_borrow E:\wamp\apache\library\Application\Runtime\Cache\Admin\689885dfb7111836b8265bfdcf008073.php 第 68 行.
NOTIC: [8] Undefined index: haved_borrow E:\wamp\apache\library\Application\Runtime\Cache\Admin\689885dfb7111836b8265bfdcf008073.php 第 68 行.
NOTIC: [8] Undefined index: haved_borrow E:\wamp\apache\library\Application\Runtime\Cache\Admin\689885dfb7111836b8265bfdcf008073.php 第 68 行.
NOTIC: [8] Undefined index: haved_borrow E:\wamp\apache\library\Application\Runtime\Cache\Admin\689885dfb7111836b8265bfdcf008073.php 第 68 行.
NOTIC: [8] Undefined index: haved_borrow E:\wamp\apache\library\Application\Runtime\Cache\Admin\689885dfb7111836b8265bfdcf008073.php 第 68 行.
NOTIC: [8] Undefined index: haved_borrow E:\wamp\apache\library\Application\Runtime\Cache\Admin\689885dfb7111836b8265bfdcf008073.php 第 68 行.
NOTIC: [8] Undefined index: haved_borrow E:\wamp\apache\library\Application\Runtime\Cache\Admin\689885dfb7111836b8265bfdcf008073.php 第 68 行.
NOTIC: [8] Undefined index: haved_borrow E:\wamp\apache\library\Application\Runtime\Cache\Admin\689885dfb7111836b8265bfdcf008073.php 第 68 行.
NOTIC: [8] Undefined index: haved_borrow E:\wamp\apache\library\Application\Runtime\Cache\Admin\689885dfb7111836b8265bfdcf008073.php 第 68 行.
NOTIC: [8] Undefined index: haved_borrow E:\wamp\apache\library\Application\Runtime\Cache\Admin\689885dfb7111836b8265bfdcf008073.php 第 68 行.
NOTIC: [8] Undefined index: haved_borrow E:\wamp\apache\library\Application\Runtime\Cache\Admin\689885dfb7111836b8265bfdcf008073.php 第 68 行.
NOTIC: [8] Undefined index: haved_borrow E:\wamp\apache\library\Application\Runtime\Cache\Admin\689885dfb7111836b8265bfdcf008073.php 第 68 行.
NOTIC: [8] Undefined index: haved_borrow E:\wamp\apache\library\Application\Runtime\Cache\Admin\689885dfb7111836b8265bfdcf008073.php 第 68 行.
NOTIC: [8] Undefined index: haved_borrow E:\wamp\apache\library\Application\Runtime\Cache\Admin\689885dfb7111836b8265bfdcf008073.php 第 68 行.
NOTIC: [8] Undefined index: haved_borrow E:\wamp\apache\library\Application\Runtime\Cache\Admin\689885dfb7111836b8265bfdcf008073.php 第 68 行.
NOTIC: [8] Undefined index: haved_borrow E:\wamp\apache\library\Application\Runtime\Cache\Admin\689885dfb7111836b8265bfdcf008073.php 第 68 行.
NOTIC: [8] Undefined index: haved_borrow E:\wamp\apache\library\Application\Runtime\Cache\Admin\689885dfb7111836b8265bfdcf008073.php 第 68 行.
NOTIC: [8] Undefined index: haved_borrow E:\wamp\apache\library\Application\Runtime\Cache\Admin\689885dfb7111836b8265bfdcf008073.php 第 68 行.
NOTIC: [8] Undefined index: haved_borrow E:\wamp\apache\library\Application\Runtime\Cache\Admin\689885dfb7111836b8265bfdcf008073.php 第 68 行.
NOTIC: [8] Undefined index: haved_borrow E:\wamp\apache\library\Application\Runtime\Cache\Admin\689885dfb7111836b8265bfdcf008073.php 第 68 行.
NOTIC: [8] Undefined index: haved_borrow E:\wamp\apache\library\Application\Runtime\Cache\Admin\689885dfb7111836b8265bfdcf008073.php 第 68 行.
NOTIC: [8] Undefined index: haved_borrow E:\wamp\apache\library\Application\Runtime\Cache\Admin\689885dfb7111836b8265bfdcf008073.php 第 68 行.
NOTIC: [8] Undefined index: haved_borrow E:\wamp\apache\library\Application\Runtime\Cache\Admin\689885dfb7111836b8265bfdcf008073.php 第 68 行.
NOTIC: [8] Undefined index: haved_borrow E:\wamp\apache\library\Application\Runtime\Cache\Admin\689885dfb7111836b8265bfdcf008073.php 第 68 行.
NOTIC: [8] Undefined index: haved_borrow E:\wamp\apache\library\Application\Runtime\Cache\Admin\689885dfb7111836b8265bfdcf008073.php 第 68 行.
NOTIC: [8] Undefined index: haved_borrow E:\wamp\apache\library\Application\Runtime\Cache\Admin\689885dfb7111836b8265bfdcf008073.php 第 68 行.
NOTIC: [8] Undefined index: haved_borrow E:\wamp\apache\library\Application\Runtime\Cache\Admin\689885dfb7111836b8265bfdcf008073.php 第 68 行.
NOTIC: [8] Undefined index: haved_borrow E:\wamp\apache\library\Application\Runtime\Cache\Admin\689885dfb7111836b8265bfdcf008073.php 第 68 行.
NOTIC: [8] Undefined index: haved_borrow E:\wamp\apache\library\Application\Runtime\Cache\Admin\689885dfb7111836b8265bfdcf008073.php 第 68 行.
NOTIC: [8] Undefined index: haved_borrow E:\wamp\apache\library\Application\Runtime\Cache\Admin\689885dfb7111836b8265bfdcf008073.php 第 68 行.
NOTIC: [8] Undefined index: haved_borrow E:\wamp\apache\library\Application\Runtime\Cache\Admin\689885dfb7111836b8265bfdcf008073.php 第 68 行.
INFO: Run Behavior\ParseTemplateBehavior [ RunTime:0.006373s ]
INFO: [ view_parse ] --END-- [ RunTime:0.006390s ]
INFO: [ view_filter ] --START--
INFO: Run Behavior\WriteHtmlCacheBehavior [ RunTime:0.000282s ]
INFO: [ view_filter ] --END-- [ RunTime:0.000297s ]
INFO: [ app_end ] --START--
INFO: Run Behavior\ShowPageTraceBehavior [ RunTime:0.000477s ]
INFO: [ app_end ] --END-- [ RunTime:0.000493s ]

[ 2019-05-31T14:26:01+08:00 ] ::1 /index.php/Admin/Manage/add.html
INFO: [ app_init ] --START--
INFO: Run Behavior\BuildLiteBehavior [ RunTime:0.000009s ]
INFO: [ app_init ] --END-- [ RunTime:0.000634s ]
INFO: [ app_begin ] --START--
INFO: Run Behavior\ReadHtmlCacheBehavior [ RunTime:0.001000s ]
INFO: [ app_begin ] --END-- [ RunTime:0.001021s ]
NOTIC: [2] Use of undefined constant id - assumed 'id' (this will throw an Error in a future version of PHP) E:\wamp\apache\library\Application\Admin\Controller\CommonController.class.php 第 11 行.
INFO: [ view_parse ] --START--
INFO: [ template_filter ] --START--
INFO: Run Behavior\ContentReplaceBehavior [ RunTime:0.000020s ]
INFO: [ template_filter ] --END-- [ RunTime:0.000043s ]
INFO: Run Behavior\ParseTemplateBehavior [ RunTime:0.042876s ]
INFO: [ view_parse ] --END-- [ RunTime:0.042908s ]
INFO: [ view_filter ] --START--
INFO: Run Behavior\WriteHtmlCacheBehavior [ RunTime:0.000561s ]
INFO: [ view_filter ] --END-- [ RunTime:0.000578s ]
INFO: [ app_end ] --START--
INFO: Run Behavior\ShowPageTraceBehavior [ RunTime:0.000961s ]
INFO: [ app_end ] --END-- [ RunTime:0.000976s ]

[ 2019-05-31T14:28:35+08:00 ] ::1 /index.php/Admin/Manage/haved_borrow.html
INFO: [ app_init ] --START--
INFO: Run Behavior\BuildLiteBehavior [ RunTime:0.000005s ]
INFO: [ app_init ] --END-- [ RunTime:0.000446s ]
INFO: [ app_begin ] --START--
INFO: Run Behavior\ReadHtmlCacheBehavior [ RunTime:0.000702s ]
INFO: [ app_begin ] --END-- [ RunTime:0.000720s ]
NOTIC: [2] Use of undefined constant id - assumed 'id' (this will throw an Error in a future version of PHP) E:\wamp\apache\library\Application\Admin\Controller\CommonController.class.php 第 11 行.
SQL: SHOW COLUMNS FROM `books` [ RunTime:0.0104s ]
SQL: SHOW COLUMNS FROM `books` [ RunTime:0.0069s ]
SQL: SELECT COUNT(*) AS tp_count FROM books as t1,user as t2 WHERE ( t1.now_borrow= t2.user_id ) LIMIT 1   [ RunTime:0.0008s ]
NOTIC: [8] Undefined variable: count E:\wamp\apache\library\Application\Admin\Model\BooksModel.class.php 第 53 行.
SQL: SHOW COLUMNS FROM `books` [ RunTime:0.0062s ]
SQL: SELECT t1.*,t2.user_name FROM books as t1,user as t2 WHERE ( t1.now_borrow= t2.user_id )  [ RunTime:0.0015s ]
NOTIC: [8] Undefined index: show E:\wamp\apache\library\Application\Admin\Controller\ManageController.class.php 第 176 行.
INFO: [ view_parse ] --START--
INFO: [ template_filter ] --START--
INFO: Run Behavior\ContentReplaceBehavior [ RunTime:0.000028s ]
INFO: [ template_filter ] --END-- [ RunTime:0.000045s ]
NOTIC: [8] Undefined index: haved_borrow E:\wamp\apache\library\Application\Runtime\Cache\Admin\689885dfb7111836b8265bfdcf008073.php 第 68 行.
NOTIC: [8] Undefined index: haved_borrow E:\wamp\apache\library\Application\Runtime\Cache\Admin\689885dfb7111836b8265bfdcf008073.php 第 68 行.
NOTIC: [8] Undefined index: haved_borrow E:\wamp\apache\library\Application\Runtime\Cache\Admin\689885dfb7111836b8265bfdcf008073.php 第 68 行.
NOTIC: [8] Undefined index: haved_borrow E:\wamp\apache\library\Application\Runtime\Cache\Admin\689885dfb7111836b8265bfdcf008073.php 第 68 行.
NOTIC: [8] Undefined index: haved_borrow E:\wamp\apache\library\Application\Runtime\Cache\Admin\689885dfb7111836b8265bfdcf008073.php 第 68 行.
NOTIC: [8] Undefined index: haved_borrow E:\wamp\apache\library\Application\Runtime\Cache\Admin\689885dfb7111836b8265bfdcf008073.php 第 68 行.
NOTIC: [8] Undefined index: haved_borrow E:\wamp\apache\library\Application\Runtime\Cache\Admin\689885dfb7111836b8265bfdcf008073.php 第 68 行.
NOTIC: [8] Undefined index: haved_borrow E:\wamp\apache\library\Application\Runtime\Cache\Admin\689885dfb7111836b8265bfdcf008073.php 第 68 行.
NOTIC: [8] Undefined index: haved_borrow E:\wamp\apache\library\Application\Runtime\Cache\Admin\689885dfb7111836b8265bfdcf008073.php 第 68 行.
NOTIC: [8] Undefined index: haved_borrow E:\wamp\apache\library\Application\Runtime\Cache\Admin\689885dfb7111836b8265bfdcf008073.php 第 68 行.
NOTIC: [8] Undefined index: haved_borrow E:\wamp\apache\library\Application\Runtime\Cache\Admin\689885dfb7111836b8265bfdcf008073.php 第 68 行.
NOTIC: [8] Undefined index: haved_borrow E:\wamp\apache\library\Application\Runtime\Cache\Admin\689885dfb7111836b8265bfdcf008073.php 第 68 行.
NOTIC: [8] Undefined index: haved_borrow E:\wamp\apache\library\Application\Runtime\Cache\Admin\689885dfb7111836b8265bfdcf008073.php 第 68 行.
NOTIC: [8] Undefined index: haved_borrow E:\wamp\apache\library\Application\Runtime\Cache\Admin\689885dfb7111836b8265bfdcf008073.php 第 68 行.
NOTIC: [8] Undefined index: haved_borrow E:\wamp\apache\library\Application\Runtime\Cache\Admin\689885dfb7111836b8265bfdcf008073.php 第 68 行.
NOTIC: [8] Undefined index: haved_borrow E:\wamp\apache\library\Application\Runtime\Cache\Admin\689885dfb7111836b8265bfdcf008073.php 第 68 行.
NOTIC: [8] Undefined index: haved_borrow E:\wamp\apache\library\Application\Runtime\Cache\Admin\689885dfb7111836b8265bfdcf008073.php 第 68 行.
NOTIC: [8] Undefined index: haved_borrow E:\wamp\apache\library\Application\Runtime\Cache\Admin\689885dfb7111836b8265bfdcf008073.php 第 68 行.
NOTIC: [8] Undefined index: haved_borrow E:\wamp\apache\library\Application\Runtime\Cache\Admin\689885dfb7111836b8265bfdcf008073.php 第 68 行.
NOTIC: [8] Undefined index: haved_borrow E:\wamp\apache\library\Application\Runtime\Cache\Admin\689885dfb7111836b8265bfdcf008073.php 第 68 行.
NOTIC: [8] Undefined index: haved_borrow E:\wamp\apache\library\Application\Runtime\Cache\Admin\689885dfb7111836b8265bfdcf008073.php 第 68 行.
NOTIC: [8] Undefined index: haved_borrow E:\wamp\apache\library\Application\Runtime\Cache\Admin\689885dfb7111836b8265bfdcf008073.php 第 68 行.
NOTIC: [8] Undefined index: haved_borrow E:\wamp\apache\library\Application\Runtime\Cache\Admin\689885dfb7111836b8265bfdcf008073.php 第 68 行.
NOTIC: [8] Undefined index: haved_borrow E:\wamp\apache\library\Application\Runtime\Cache\Admin\689885dfb7111836b8265bfdcf008073.php 第 68 行.
NOTIC: [8] Undefined index: haved_borrow E:\wamp\apache\library\Application\Runtime\Cache\Admin\689885dfb7111836b8265bfdcf008073.php 第 68 行.
NOTIC: [8] Undefined index: haved_borrow E:\wamp\apache\library\Application\Runtime\Cache\Admin\689885dfb7111836b8265bfdcf008073.php 第 68 行.
NOTIC: [8] Undefined index: haved_borrow E:\wamp\apache\library\Application\Runtime\Cache\Admin\689885dfb7111836b8265bfdcf008073.php 第 68 行.
NOTIC: [8] Undefined index: haved_borrow E:\wamp\apache\library\Application\Runtime\Cache\Admin\689885dfb7111836b8265bfdcf008073.php 第 68 行.
NOTIC: [8] Undefined index: haved_borrow E:\wamp\apache\library\Application\Runtime\Cache\Admin\689885dfb7111836b8265bfdcf008073.php 第 68 行.
NOTIC: [8] Undefined index: haved_borrow E:\wamp\apache\library\Application\Runtime\Cache\Admin\689885dfb7111836b8265bfdcf008073.php 第 68 行.
NOTIC: [8] Undefined index: haved_borrow E:\wamp\apache\library\Application\Runtime\Cache\Admin\689885dfb7111836b8265bfdcf008073.php 第 68 行.
NOTIC: [8] Undefined index: haved_borrow E:\wamp\apache\library\Application\Runtime\Cache\Admin\689885dfb7111836b8265bfdcf008073.php 第 68 行.
NOTIC: [8] Undefined index: haved_borrow E:\wamp\apache\library\Application\Runtime\Cache\Admin\689885dfb7111836b8265bfdcf008073.php 第 68 行.
NOTIC: [8] Undefined index: haved_borrow E:\wamp\apache\library\Application\Runtime\Cache\Admin\689885dfb7111836b8265bfdcf008073.php 第 68 行.
NOTIC: [8] Undefined index: haved_borrow E:\wamp\apache\library\Application\Runtime\Cache\Admin\689885dfb7111836b8265bfdcf008073.php 第 68 行.
NOTIC: [8] Undefined index: haved_borrow E:\wamp\apache\library\Application\Runtime\Cache\Admin\689885dfb7111836b8265bfdcf008073.php 第 68 行.
NOTIC: [8] Undefined index: haved_borrow E:\wamp\apache\library\Application\Runtime\Cache\Admin\689885dfb7111836b8265bfdcf008073.php 第 68 行.
NOTIC: [8] Undefined index: haved_borrow E:\wamp\apache\library\Application\Runtime\Cache\Admin\689885dfb7111836b8265bfdcf008073.php 第 68 行.
NOTIC: [8] Undefined index: haved_borrow E:\wamp\apache\library\Application\Runtime\Cache\Admin\689885dfb7111836b8265bfdcf008073.php 第 68 行.
NOTIC: [8] Undefined index: haved_borrow E:\wamp\apache\library\Application\Runtime\Cache\Admin\689885dfb7111836b8265bfdcf008073.php 第 68 行.
NOTIC: [8] Undefined index: haved_borrow E:\wamp\apache\library\Application\Runtime\Cache\Admin\689885dfb7111836b8265bfdcf008073.php 第 68 行.
NOTIC: [8] Undefined index: haved_borrow E:\wamp\apache\library\Application\Runtime\Cache\Admin\689885dfb7111836b8265bfdcf008073.php 第 68 行.
NOTIC: [8] Undefined index: haved_borrow E:\wamp\apache\library\Application\Runtime\Cache\Admin\689885dfb7111836b8265bfdcf008073.php 第 68 行.
NOTIC: [8] Undefined index: haved_borrow E:\wamp\apache\library\Application\Runtime\Cache\Admin\689885dfb7111836b8265bfdcf008073.php 第 68 行.
NOTIC: [8] Undefined index: haved_borrow E:\wamp\apache\library\Application\Runtime\Cache\Admin\689885dfb7111836b8265bfdcf008073.php 第 68 行.
NOTIC: [8] Undefined index: haved_borrow E:\wamp\apache\library\Application\Runtime\Cache\Admin\689885dfb7111836b8265bfdcf008073.php 第 68 行.
NOTIC: [8] Undefined index: haved_borrow E:\wamp\apache\library\Application\Runtime\Cache\Admin\689885dfb7111836b8265bfdcf008073.php 第 68 行.
NOTIC: [8] Undefined index: haved_borrow E:\wamp\apache\library\Application\Runtime\Cache\Admin\689885dfb7111836b8265bfdcf008073.php 第 68 行.
NOTIC: [8] Undefined index: haved_borrow E:\wamp\apache\library\Application\Runtime\Cache\Admin\689885dfb7111836b8265bfdcf008073.php 第 68 行.
NOTIC: [8] Undefined index: haved_borrow E:\wamp\apache\library\Application\Runtime\Cache\Admin\689885dfb7111836b8265bfdcf008073.php 第 68 行.
NOTIC: [8] Undefined index: haved_borrow E:\wamp\apache\library\Application\Runtime\Cache\Admin\689885dfb7111836b8265bfdcf008073.php 第 68 行.
NOTIC: [8] Undefined index: haved_borrow E:\wamp\apache\library\Application\Runtime\Cache\Admin\689885dfb7111836b8265bfdcf008073.php 第 68 行.
NOTIC: [8] Undefined index: haved_borrow E:\wamp\apache\library\Application\Runtime\Cache\Admin\689885dfb7111836b8265bfdcf008073.php 第 68 行.
NOTIC: [8] Undefined index: haved_borrow E:\wamp\apache\library\Application\Runtime\Cache\Admin\689885dfb7111836b8265bfdcf008073.php 第 68 行.
NOTIC: [8] Undefined index: haved_borrow E:\wamp\apache\library\Application\Runtime\Cache\Admin\689885dfb7111836b8265bfdcf008073.php 第 68 行.
NOTIC: [8] Undefined index: haved_borrow E:\wamp\apache\library\Application\Runtime\Cache\Admin\689885dfb7111836b8265bfdcf008073.php 第 68 行.
NOTIC: [8] Undefined index: haved_borrow E:\wamp\apache\library\Application\Runtime\Cache\Admin\689885dfb7111836b8265bfdcf008073.php 第 68 行.
NOTIC: [8] Undefined index: haved_borrow E:\wamp\apache\library\Application\Runtime\Cache\Admin\689885dfb7111836b8265bfdcf008073.php 第 68 行.
NOTIC: [8] Undefined index: haved_borrow E:\wamp\apache\library\Application\Runtime\Cache\Admin\689885dfb7111836b8265bfdcf008073.php 第 68 行.
NOTIC: [8] Undefined index: haved_borrow E:\wamp\apache\library\Application\Runtime\Cache\Admin\689885dfb7111836b8265bfdcf008073.php 第 68 行.
NOTIC: [8] Undefined index: haved_borrow E:\wamp\apache\library\Application\Runtime\Cache\Admin\689885dfb7111836b8265bfdcf008073.php 第 68 行.
NOTIC: [8] Undefined index: haved_borrow E:\wamp\apache\library\Application\Runtime\Cache\Admin\689885dfb7111836b8265bfdcf008073.php 第 68 行.
NOTIC: [8] Undefined index: haved_borrow E:\wamp\apache\library\Application\Runtime\Cache\Admin\689885dfb7111836b8265bfdcf008073.php 第 68 行.
NOTIC: [8] Undefined index: haved_borrow E:\wamp\apache\library\Application\Runtime\Cache\Admin\689885dfb7111836b8265bfdcf008073.php 第 68 行.
NOTIC: [8] Undefined index: haved_borrow E:\wamp\apache\library\Application\Runtime\Cache\Admin\689885dfb7111836b8265bfdcf008073.php 第 68 行.
NOTIC: [8] Undefined index: haved_borrow E:\wamp\apache\library\Application\Runtime\Cache\Admin\689885dfb7111836b8265bfdcf008073.php 第 68 行.
NOTIC: [8] Undefined index: haved_borrow E:\wamp\apache\library\Application\Runtime\Cache\Admin\689885dfb7111836b8265bfdcf008073.php 第 68 行.
NOTIC: [8] Undefined index: haved_borrow E:\wamp\apache\library\Application\Runtime\Cache\Admin\689885dfb7111836b8265bfdcf008073.php 第 68 行.
NOTIC: [8] Undefined index: haved_borrow E:\wamp\apache\library\Application\Runtime\Cache\Admin\689885dfb7111836b8265bfdcf008073.php 第 68 行.
NOTIC: [8] Undefined index: haved_borrow E:\wamp\apache\library\Application\Runtime\Cache\Admin\689885dfb7111836b8265bfdcf008073.php 第 68 行.
NOTIC: [8] Undefined index: haved_borrow E:\wamp\apache\library\Application\Runtime\Cache\Admin\689885dfb7111836b8265bfdcf008073.php 第 68 行.
NOTIC: [8] Undefined index: haved_borrow E:\wamp\apache\library\Application\Runtime\Cache\Admin\689885dfb7111836b8265bfdcf008073.php 第 68 行.
NOTIC: [8] Undefined index: haved_borrow E:\wamp\apache\library\Application\Runtime\Cache\Admin\689885dfb7111836b8265bfdcf008073.php 第 68 行.
NOTIC: [8] Undefined index: haved_borrow E:\wamp\apache\library\Application\Runtime\Cache\Admin\689885dfb7111836b8265bfdcf008073.php 第 68 行.
NOTIC: [8] Undefined index: haved_borrow E:\wamp\apache\library\Application\Runtime\Cache\Admin\689885dfb7111836b8265bfdcf008073.php 第 68 行.
NOTIC: [8] Undefined index: haved_borrow E:\wamp\apache\library\Application\Runtime\Cache\Admin\689885dfb7111836b8265bfdcf008073.php 第 68 行.
NOTIC: [8] Undefined index: haved_borrow E:\wamp\apache\library\Application\Runtime\Cache\Admin\689885dfb7111836b8265bfdcf008073.php 第 68 行.
NOTIC: [8] Undefined index: haved_borrow E:\wamp\apache\library\Application\Runtime\Cache\Admin\689885dfb7111836b8265bfdcf008073.php 第 68 行.
NOTIC: [8] Undefined index: haved_borrow E:\wamp\apache\library\Application\Runtime\Cache\Admin\689885dfb7111836b8265bfdcf008073.php 第 68 行.
NOTIC: [8] Undefined index: haved_borrow E:\wamp\apache\library\Application\Runtime\Cache\Admin\689885dfb7111836b8265bfdcf008073.php 第 68 行.
NOTIC: [8] Undefined index: haved_borrow E:\wamp\apache\library\Application\Runtime\Cache\Admin\689885dfb7111836b8265bfdcf008073.php 第 68 行.
NOTIC: [8] Undefined index: haved_borrow E:\wamp\apache\library\Application\Runtime\Cache\Admin\689885dfb7111836b8265bfdcf008073.php 第 68 行.
NOTIC: [8] Undefined index: haved_borrow E:\wamp\apache\library\Application\Runtime\Cache\Admin\689885dfb7111836b8265bfdcf008073.php 第 68 行.
NOTIC: [8] Undefined index: haved_borrow E:\wamp\apache\library\Application\Runtime\Cache\Admin\689885dfb7111836b8265bfdcf008073.php 第 68 行.
NOTIC: [8] Undefined index: haved_borrow E:\wamp\apache\library\Application\Runtime\Cache\Admin\689885dfb7111836b8265bfdcf008073.php 第 68 行.
NOTIC: [8] Undefined index: haved_borrow E:\wamp\apache\library\Application\Runtime\Cache\Admin\689885dfb7111836b8265bfdcf008073.php 第 68 行.
INFO: Run Behavior\ParseTemplateBehavior [ RunTime:0.006463s ]
INFO: [ view_parse ] --END-- [ RunTime:0.006478s ]
INFO: [ view_filter ] --START--
INFO: Run Behavior\WriteHtmlCacheBehavior [ RunTime:0.000485s ]
INFO: [ view_filter ] --END-- [ RunTime:0.000500s ]
INFO: [ app_end ] --START--
INFO: Run Behavior\ShowPageTraceBehavior [ RunTime:0.001045s ]
INFO: [ app_end ] --END-- [ RunTime:0.001079s ]

