[ 2019-08-14T11:02:48+08:00 ] 127.0.0.1 /Experiment/
INFO: [ app_init ] --START--
INFO: Run Behavior\BuildLiteBehavior [ RunTime:0.000048s ]
INFO: [ app_init ] --END-- [ RunTime:0.002557s ]
INFO: [ app_begin ] --START--
INFO: Run Behavior\ReadHtmlCacheBehavior [ RunTime:0.001295s ]
INFO: [ app_begin ] --END-- [ RunTime:0.001328s ]

[ 2019-08-14T11:02:48+08:00 ] 127.0.0.1 /Experiment/index.php/Home/Login/login
INFO: [ app_init ] --START--
INFO: Run Behavior\BuildLiteBehavior [ RunTime:0.000004s ]
INFO: [ app_init ] --END-- [ RunTime:0.000026s ]
INFO: [ app_begin ] --START--
INFO: Run Behavior\ReadHtmlCacheBehavior [ RunTime:0.000017s ]
INFO: [ app_begin ] --END-- [ RunTime:0.000030s ]
INFO: [ view_parse ] --START--
INFO: [ template_filter ] --START--
INFO: Run Behavior\ContentReplaceBehavior [ RunTime:0.000067s ]
INFO: [ template_filter ] --END-- [ RunTime:0.000090s ]
INFO: Run Behavior\ParseTemplateBehavior [ RunTime:0.025769s ]
INFO: [ view_parse ] --END-- [ RunTime:0.025797s ]
INFO: [ view_filter ] --START--
INFO: Run Behavior\WriteHtmlCacheBehavior [ RunTime:0.001599s ]
INFO: [ view_filter ] --END-- [ RunTime:0.001620s ]
INFO: [ app_end ] --START--
INFO: Run Behavior\ShowPageTraceBehavior [ RunTime:0.002246s ]
INFO: [ app_end ] --END-- [ RunTime:0.002268s ]

[ 2019-08-14T11:02:52+08:00 ] 127.0.0.1 /Experiment/index.php/Home/Login/checkLogin
INFO: [ app_init ] --START--
INFO: Run Behavior\BuildLiteBehavior [ RunTime:0.000006s ]
INFO: [ app_init ] --END-- [ RunTime:0.000057s ]
INFO: [ app_begin ] --START--
INFO: Run Behavior\ReadHtmlCacheBehavior [ RunTime:0.000061s ]
INFO: [ app_begin ] --END-- [ RunTime:0.000077s ]
SQL: SHOW COLUMNS FROM `student` [ RunTime:0.2262s ]
SQL: SELECT * FROM `student` WHERE `Sid` = 1 AND `Spwd` = '1' LIMIT 1   [ RunTime:0.0093s ]
INFO: [ view_parse ] --START--
INFO: [ template_filter ] --START--
INFO: Run Behavior\ContentReplaceBehavior [ RunTime:0.000048s ]
INFO: [ template_filter ] --END-- [ RunTime:0.000092s ]
INFO: Run Behavior\ParseTemplateBehavior [ RunTime:0.031572s ]
INFO: [ view_parse ] --END-- [ RunTime:0.031601s ]
INFO: [ view_filter ] --START--
INFO: Run Behavior\WriteHtmlCacheBehavior [ RunTime:0.000251s ]
INFO: [ view_filter ] --END-- [ RunTime:0.000278s ]
INFO: [ app_end ] --START--
INFO: Run Behavior\ShowPageTraceBehavior [ RunTime:0.000048s ]
INFO: [ app_end ] --END-- [ RunTime:0.000071s ]

[ 2019-08-14T11:02:53+08:00 ] 127.0.0.1 /Experiment/index.php/Home/Index/index
INFO: [ app_init ] --START--
INFO: Run Behavior\BuildLiteBehavior [ RunTime:0.000005s ]
INFO: [ app_init ] --END-- [ RunTime:0.000026s ]
INFO: [ app_begin ] --START--
INFO: Run Behavior\ReadHtmlCacheBehavior [ RunTime:0.000011s ]
INFO: [ app_begin ] --END-- [ RunTime:0.000021s ]
INFO: [ view_parse ] --START--
INFO: [ template_filter ] --START--
INFO: Run Behavior\ContentReplaceBehavior [ RunTime:0.000019s ]
INFO: [ template_filter ] --END-- [ RunTime:0.000036s ]
INFO: Run Behavior\ParseTemplateBehavior [ RunTime:0.001136s ]
INFO: [ view_parse ] --END-- [ RunTime:0.001155s ]
INFO: [ view_filter ] --START--
INFO: Run Behavior\WriteHtmlCacheBehavior [ RunTime:0.000015s ]
INFO: [ view_filter ] --END-- [ RunTime:0.000023s ]
INFO: [ app_end ] --START--
INFO: Run Behavior\ShowPageTraceBehavior [ RunTime:0.000011s ]
INFO: [ app_end ] --END-- [ RunTime:0.000020s ]

[ 2019-08-14T11:02:53+08:00 ] 127.0.0.1 /Experiment/index.php/Home/Index/home
INFO: [ app_init ] --START--
INFO: Run Behavior\BuildLiteBehavior [ RunTime:0.000004s ]
INFO: [ app_init ] --END-- [ RunTime:0.000023s ]
INFO: [ app_begin ] --START--
INFO: Run Behavior\ReadHtmlCacheBehavior [ RunTime:0.000009s ]
INFO: [ app_begin ] --END-- [ RunTime:0.000016s ]
INFO: [ view_parse ] --START--
INFO: [ template_filter ] --START--
INFO: Run Behavior\ContentReplaceBehavior [ RunTime:0.000069s ]
INFO: [ template_filter ] --END-- [ RunTime:0.000103s ]
INFO: Run Behavior\ParseTemplateBehavior [ RunTime:0.013769s ]
INFO: [ view_parse ] --END-- [ RunTime:0.013783s ]
INFO: [ view_filter ] --START--
INFO: Run Behavior\WriteHtmlCacheBehavior [ RunTime:0.000019s ]
INFO: [ view_filter ] --END-- [ RunTime:0.000023s ]
INFO: [ app_end ] --START--
INFO: Run Behavior\ShowPageTraceBehavior [ RunTime:0.000013s ]
INFO: [ app_end ] --END-- [ RunTime:0.000018s ]

[ 2019-08-14T11:02:55+08:00 ] 127.0.0.1 /Experiment/index.php/Home/Index/showExperiment
INFO: [ app_init ] --START--
INFO: Run Behavior\BuildLiteBehavior [ RunTime:0.000004s ]
INFO: [ app_init ] --END-- [ RunTime:0.000033s ]
INFO: [ app_begin ] --START--
INFO: Run Behavior\ReadHtmlCacheBehavior [ RunTime:0.000020s ]
INFO: [ app_begin ] --END-- [ RunTime:0.000034s ]
SQL: SHOW COLUMNS FROM `experiment` [ RunTime:0.0370s ]
SQL: SELECT * FROM `experiment`  [ RunTime:0.0002s ]
INFO: [ view_parse ] --START--
INFO: [ template_filter ] --START--
INFO: Run Behavior\ContentReplaceBehavior [ RunTime:0.000023s ]
INFO: [ template_filter ] --END-- [ RunTime:0.000043s ]
INFO: Run Behavior\ParseTemplateBehavior [ RunTime:0.021672s ]
INFO: [ view_parse ] --END-- [ RunTime:0.021695s ]
INFO: [ view_filter ] --START--
INFO: Run Behavior\WriteHtmlCacheBehavior [ RunTime:0.000037s ]
INFO: [ view_filter ] --END-- [ RunTime:0.000048s ]
INFO: [ app_end ] --START--
INFO: Run Behavior\ShowPageTraceBehavior [ RunTime:0.000453s ]
INFO: [ app_end ] --END-- [ RunTime:0.000473s ]

[ 2019-08-14T11:02:55+08:00 ] 127.0.0.1 /Experiment/index.php/Home/Index/fdsaf.jpg
INFO: [ app_init ] --START--
INFO: Run Behavior\BuildLiteBehavior [ RunTime:0.000007s ]
INFO: [ app_init ] --END-- [ RunTime:0.000057s ]

[ 2019-08-14T11:03:23+08:00 ] 127.0.0.1 /Experiment/index.php/Home/Docker/joinExperiment/id/1
INFO: [ app_init ] --START--
INFO: Run Behavior\BuildLiteBehavior [ RunTime:0.000004s ]
INFO: [ app_init ] --END-- [ RunTime:0.000023s ]
INFO: [ app_begin ] --START--
INFO: Run Behavior\ReadHtmlCacheBehavior [ RunTime:0.000009s ]
INFO: [ app_begin ] --END-- [ RunTime:0.000016s ]
SQL: SHOW COLUMNS FROM `experiment` [ RunTime:0.0003s ]
SQL: SHOW COLUMNS FROM `student_experiment` [ RunTime:0.0420s ]
SQL: SHOW COLUMNS FROM `docker_container` [ RunTime:0.0988s ]
SQL: SELECT * FROM `student_experiment` WHERE ( Sid='1' and Eid='1' ) LIMIT 1   [ RunTime:0.0007s ]
SQL: SELECT * FROM `experiment` WHERE `Eid` = 1 LIMIT 1   [ RunTime:0.0003s ]
SQL: SELECT * FROM `docker_container` WHERE ( student_id='1' and Image_id='d0ae770d2ba7' ) LIMIT 1   [ RunTime:0.0005s ]
SQL: SELECT * FROM `docker_container` WHERE ( student_id='1' and Image_id='d0ae770d2ba7' ) LIMIT 1   [ RunTime:0.0003s ]

[ 2019-08-14T11:13:47+08:00 ] 127.0.0.1 /Experiment/index.php/Home/Index/index
INFO: [ app_init ] --START--
INFO: Run Behavior\BuildLiteBehavior [ RunTime:0.000007s ]
INFO: [ app_init ] --END-- [ RunTime:0.001156s ]
INFO: [ app_begin ] --START--
INFO: Run Behavior\ReadHtmlCacheBehavior [ RunTime:0.001040s ]
INFO: [ app_begin ] --END-- [ RunTime:0.001063s ]
INFO: [ view_parse ] --START--
INFO: [ template_filter ] --START--
INFO: Run Behavior\ContentReplaceBehavior [ RunTime:0.000026s ]
INFO: [ template_filter ] --END-- [ RunTime:0.000052s ]
INFO: Run Behavior\ParseTemplateBehavior [ RunTime:0.035968s ]
INFO: [ view_parse ] --END-- [ RunTime:0.035994s ]
INFO: [ view_filter ] --START--
INFO: Run Behavior\WriteHtmlCacheBehavior [ RunTime:0.000654s ]
INFO: [ view_filter ] --END-- [ RunTime:0.000681s ]
INFO: [ app_end ] --START--
INFO: Run Behavior\ShowPageTraceBehavior [ RunTime:0.002444s ]
INFO: [ app_end ] --END-- [ RunTime:0.002466s ]

[ 2019-08-14T11:13:47+08:00 ] 127.0.0.1 /Experiment/index.php/Home/Index/home
INFO: [ app_init ] --START--
INFO: Run Behavior\BuildLiteBehavior [ RunTime:0.000005s ]
INFO: [ app_init ] --END-- [ RunTime:0.000044s ]
INFO: [ app_begin ] --START--
INFO: Run Behavior\ReadHtmlCacheBehavior [ RunTime:0.000024s ]
INFO: [ app_begin ] --END-- [ RunTime:0.000036s ]
INFO: [ view_parse ] --START--
INFO: [ template_filter ] --START--
INFO: Run Behavior\ContentReplaceBehavior [ RunTime:0.000021s ]
INFO: [ template_filter ] --END-- [ RunTime:0.000052s ]
INFO: Run Behavior\ParseTemplateBehavior [ RunTime:0.014993s ]
INFO: [ view_parse ] --END-- [ RunTime:0.015022s ]
INFO: [ view_filter ] --START--
INFO: Run Behavior\WriteHtmlCacheBehavior [ RunTime:0.000024s ]
INFO: [ view_filter ] --END-- [ RunTime:0.000029s ]
INFO: [ app_end ] --START--
INFO: Run Behavior\ShowPageTraceBehavior [ RunTime:0.000025s ]
INFO: [ app_end ] --END-- [ RunTime:0.000033s ]

[ 2019-08-14T11:13:49+08:00 ] 127.0.0.1 /Experiment/index.php/Home/Index/showExperiment
INFO: [ app_init ] --START--
INFO: Run Behavior\BuildLiteBehavior [ RunTime:0.000004s ]
INFO: [ app_init ] --END-- [ RunTime:0.000026s ]
INFO: [ app_begin ] --START--
INFO: Run Behavior\ReadHtmlCacheBehavior [ RunTime:0.000012s ]
INFO: [ app_begin ] --END-- [ RunTime:0.000022s ]
SQL: SHOW COLUMNS FROM `experiment` [ RunTime:0.0513s ]
SQL: SELECT * FROM `experiment`  [ RunTime:0.0005s ]
INFO: [ view_parse ] --START--
INFO: [ template_filter ] --START--
INFO: Run Behavior\ContentReplaceBehavior [ RunTime:0.000022s ]
INFO: [ template_filter ] --END-- [ RunTime:0.000042s ]
INFO: Run Behavior\ParseTemplateBehavior [ RunTime:0.008653s ]
INFO: [ view_parse ] --END-- [ RunTime:0.008665s ]
INFO: [ view_filter ] --START--
INFO: Run Behavior\WriteHtmlCacheBehavior [ RunTime:0.000017s ]
INFO: [ view_filter ] --END-- [ RunTime:0.000026s ]
INFO: [ app_end ] --START--
INFO: Run Behavior\ShowPageTraceBehavior [ RunTime:0.000011s ]
INFO: [ app_end ] --END-- [ RunTime:0.000021s ]

[ 2019-08-14T11:13:49+08:00 ] 127.0.0.1 /Experiment/index.php/Home/Index/fdsaf.jpg
INFO: [ app_init ] --START--
INFO: Run Behavior\BuildLiteBehavior [ RunTime:0.000014s ]
INFO: [ app_init ] --END-- [ RunTime:0.000169s ]

[ 2019-08-14T11:13:52+08:00 ] 127.0.0.1 /Experiment/index.php/Home/Docker/joinExperiment/id/1
INFO: [ app_init ] --START--
INFO: Run Behavior\BuildLiteBehavior [ RunTime:0.000003s ]
INFO: [ app_init ] --END-- [ RunTime:0.000021s ]
INFO: [ app_begin ] --START--
INFO: Run Behavior\ReadHtmlCacheBehavior [ RunTime:0.000013s ]
INFO: [ app_begin ] --END-- [ RunTime:0.000019s ]
SQL: SHOW COLUMNS FROM `experiment` [ RunTime:0.0006s ]
SQL: SHOW COLUMNS FROM `student_experiment` [ RunTime:0.0004s ]
SQL: SHOW COLUMNS FROM `docker_container` [ RunTime:0.0004s ]
SQL: SELECT * FROM `student_experiment` WHERE ( Sid='1' and Eid='1' ) LIMIT 1   [ RunTime:0.0104s ]
SQL: SELECT * FROM `experiment` WHERE `Eid` = 1 LIMIT 1   [ RunTime:0.0005s ]
SQL: SELECT * FROM `docker_container` WHERE ( student_id='1' and Image_id='d0ae770d2ba7' ) LIMIT 1   [ RunTime:0.0001s ]
SQL: SELECT * FROM `docker_container` WHERE ( student_id='1' and Image_id='d0ae770d2ba7' ) LIMIT 1   [ RunTime:0.0003s ]

[ 2019-08-14T11:32:28+08:00 ] 127.0.0.1 /Experiment/index.php/Home/Index/index
INFO: [ app_init ] --START--
INFO: Run Behavior\BuildLiteBehavior [ RunTime:0.000007s ]
INFO: [ app_init ] --END-- [ RunTime:0.000057s ]
INFO: [ app_begin ] --START--
INFO: Run Behavior\ReadHtmlCacheBehavior [ RunTime:0.000066s ]
INFO: [ app_begin ] --END-- [ RunTime:0.000086s ]
INFO: [ view_parse ] --START--
INFO: [ template_filter ] --START--
INFO: Run Behavior\ContentReplaceBehavior [ RunTime:0.000019s ]
INFO: [ template_filter ] --END-- [ RunTime:0.000034s ]
INFO: Run Behavior\ParseTemplateBehavior [ RunTime:0.004063s ]
INFO: [ view_parse ] --END-- [ RunTime:0.004192s ]
INFO: [ view_filter ] --START--
INFO: Run Behavior\WriteHtmlCacheBehavior [ RunTime:0.000028s ]
INFO: [ view_filter ] --END-- [ RunTime:0.000037s ]
INFO: [ app_end ] --START--
INFO: Run Behavior\ShowPageTraceBehavior [ RunTime:0.000021s ]
INFO: [ app_end ] --END-- [ RunTime:0.000030s ]

[ 2019-08-14T11:32:28+08:00 ] 127.0.0.1 /Experiment/index.php/Home/Index/home
INFO: [ app_init ] --START--
INFO: Run Behavior\BuildLiteBehavior [ RunTime:0.000004s ]
INFO: [ app_init ] --END-- [ RunTime:0.000036s ]
INFO: [ app_begin ] --START--
INFO: Run Behavior\ReadHtmlCacheBehavior [ RunTime:0.000011s ]
INFO: [ app_begin ] --END-- [ RunTime:0.000021s ]
INFO: [ view_parse ] --START--
INFO: [ template_filter ] --START--
INFO: Run Behavior\ContentReplaceBehavior [ RunTime:0.000011s ]
INFO: [ template_filter ] --END-- [ RunTime:0.000021s ]
INFO: Run Behavior\ParseTemplateBehavior [ RunTime:0.000495s ]
INFO: [ view_parse ] --END-- [ RunTime:0.000508s ]
INFO: [ view_filter ] --START--
INFO: Run Behavior\WriteHtmlCacheBehavior [ RunTime:0.000013s ]
INFO: [ view_filter ] --END-- [ RunTime:0.000022s ]
INFO: [ app_end ] --START--
INFO: Run Behavior\ShowPageTraceBehavior [ RunTime:0.000015s ]
INFO: [ app_end ] --END-- [ RunTime:0.000023s ]

[ 2019-08-14T11:32:30+08:00 ] 127.0.0.1 /Experiment/index.php/Home/Index/showMyCourse
INFO: [ app_init ] --START--
INFO: Run Behavior\BuildLiteBehavior [ RunTime:0.000004s ]
INFO: [ app_init ] --END-- [ RunTime:0.000027s ]
INFO: [ app_begin ] --START--
INFO: Run Behavior\ReadHtmlCacheBehavior [ RunTime:0.000012s ]
INFO: [ app_begin ] --END-- [ RunTime:0.000022s ]
SQL: SHOW COLUMNS FROM `student_experiment` [ RunTime:0.0008s ]
SQL: SHOW COLUMNS FROM `student_experiment` [ RunTime:0.0002s ]
SQL: SELECT * FROM student_experiment as t1,experiment as t2 WHERE ( t1.Sid=1 and t1.Eid=t2.Eid )  [ RunTime:0.2189s ]
INFO: [ view_parse ] --START--
INFO: [ template_filter ] --START--
INFO: Run Behavior\ContentReplaceBehavior [ RunTime:0.000021s ]
INFO: [ template_filter ] --END-- [ RunTime:0.000042s ]
INFO: Run Behavior\ParseTemplateBehavior [ RunTime:0.030914s ]
INFO: [ view_parse ] --END-- [ RunTime:0.030932s ]
INFO: [ view_filter ] --START--
INFO: Run Behavior\WriteHtmlCacheBehavior [ RunTime:0.000019s ]
INFO: [ view_filter ] --END-- [ RunTime:0.000029s ]
INFO: [ app_end ] --START--
INFO: Run Behavior\ShowPageTraceBehavior [ RunTime:0.000012s ]
INFO: [ app_end ] --END-- [ RunTime:0.000021s ]

[ 2019-08-14T11:32:32+08:00 ] 127.0.0.1 /Experiment/index.php/Home/Index/showMyCourse
INFO: [ app_init ] --START--
INFO: Run Behavior\BuildLiteBehavior [ RunTime:0.000004s ]
INFO: [ app_init ] --END-- [ RunTime:0.000030s ]
INFO: [ app_begin ] --START--
INFO: Run Behavior\ReadHtmlCacheBehavior [ RunTime:0.000015s ]
INFO: [ app_begin ] --END-- [ RunTime:0.000025s ]
SQL: SHOW COLUMNS FROM `student_experiment` [ RunTime:0.0005s ]
SQL: SHOW COLUMNS FROM `student_experiment` [ RunTime:0.0003s ]
SQL: SELECT * FROM student_experiment as t1,experiment as t2 WHERE ( t1.Sid=1 and t1.Eid=t2.Eid )  [ RunTime:0.0008s ]
INFO: [ view_parse ] --START--
INFO: [ template_filter ] --START--
INFO: Run Behavior\ContentReplaceBehavior [ RunTime:0.000020s ]
INFO: [ template_filter ] --END-- [ RunTime:0.000062s ]
INFO: Run Behavior\ParseTemplateBehavior [ RunTime:0.004921s ]
INFO: [ view_parse ] --END-- [ RunTime:0.004964s ]
INFO: [ view_filter ] --START--
INFO: Run Behavior\WriteHtmlCacheBehavior [ RunTime:0.000137s ]
INFO: [ view_filter ] --END-- [ RunTime:0.000165s ]
INFO: [ app_end ] --START--
INFO: Run Behavior\ShowPageTraceBehavior [ RunTime:0.000039s ]
INFO: [ app_end ] --END-- [ RunTime:0.000064s ]

[ 2019-08-14T11:32:33+08:00 ] 127.0.0.1 /Experiment/index.php/Home/Docker/joinExperiment/id/1
INFO: [ app_init ] --START--
INFO: Run Behavior\BuildLiteBehavior [ RunTime:0.000004s ]
INFO: [ app_init ] --END-- [ RunTime:0.000040s ]
INFO: [ app_begin ] --START--
INFO: Run Behavior\ReadHtmlCacheBehavior [ RunTime:0.000016s ]
INFO: [ app_begin ] --END-- [ RunTime:0.000037s ]
SQL: SHOW COLUMNS FROM `experiment` [ RunTime:0.0007s ]
SQL: SHOW COLUMNS FROM `student_experiment` [ RunTime:0.0007s ]
SQL: SHOW COLUMNS FROM `docker_container` [ RunTime:0.0032s ]
SQL: SELECT * FROM `student_experiment` WHERE ( Sid='1' and Eid='1' ) LIMIT 1   [ RunTime:0.0002s ]
SQL: SELECT * FROM `experiment` WHERE `Eid` = 1 LIMIT 1   [ RunTime:0.0002s ]
SQL: SELECT * FROM `docker_container` WHERE ( student_id='1' and Image_id='d0ae770d2ba7' ) LIMIT 1   [ RunTime:0.0001s ]
SQL: SELECT * FROM `docker_container` WHERE ( student_id='1' and Image_id='d0ae770d2ba7' ) LIMIT 1   [ RunTime:0.0002s ]

[ 2019-08-14T12:55:14+08:00 ] 127.0.0.1 /Experiment/
INFO: [ app_init ] --START--
INFO: Run Behavior\BuildLiteBehavior [ RunTime:0.000035s ]
INFO: [ app_init ] --END-- [ RunTime:0.001393s ]
INFO: [ app_begin ] --START--
INFO: Run Behavior\ReadHtmlCacheBehavior [ RunTime:0.001302s ]
INFO: [ app_begin ] --END-- [ RunTime:0.001332s ]

[ 2019-08-14T12:55:15+08:00 ] 127.0.0.1 /Experiment/index.php/Home/Login/login
INFO: [ app_init ] --START--
INFO: Run Behavior\BuildLiteBehavior [ RunTime:0.000004s ]
INFO: [ app_init ] --END-- [ RunTime:0.000026s ]
INFO: [ app_begin ] --START--
INFO: Run Behavior\ReadHtmlCacheBehavior [ RunTime:0.000017s ]
INFO: [ app_begin ] --END-- [ RunTime:0.000030s ]
INFO: [ view_parse ] --START--
INFO: [ template_filter ] --START--
INFO: Run Behavior\ContentReplaceBehavior [ RunTime:0.000320s ]
INFO: [ template_filter ] --END-- [ RunTime:0.000372s ]
INFO: Run Behavior\ParseTemplateBehavior [ RunTime:0.039453s ]
INFO: [ view_parse ] --END-- [ RunTime:0.039477s ]
INFO: [ view_filter ] --START--
INFO: Run Behavior\WriteHtmlCacheBehavior [ RunTime:0.000781s ]
INFO: [ view_filter ] --END-- [ RunTime:0.000797s ]
INFO: [ app_end ] --START--
INFO: Run Behavior\ShowPageTraceBehavior [ RunTime:0.000977s ]
INFO: [ app_end ] --END-- [ RunTime:0.000995s ]

[ 2019-08-14T12:55:20+08:00 ] 127.0.0.1 /Experiment/index.php/Home/Login/checkLogin
INFO: [ app_init ] --START--
INFO: Run Behavior\BuildLiteBehavior [ RunTime:0.000008s ]
INFO: [ app_init ] --END-- [ RunTime:0.000050s ]
INFO: [ app_begin ] --START--
INFO: Run Behavior\ReadHtmlCacheBehavior [ RunTime:0.000032s ]
INFO: [ app_begin ] --END-- [ RunTime:0.000046s ]
SQL: SHOW COLUMNS FROM `student` [ RunTime:0.1532s ]
SQL: SELECT * FROM `student` WHERE `Sid` = 1 AND `Spwd` = '1' LIMIT 1   [ RunTime:0.1159s ]
INFO: [ view_parse ] --START--
INFO: [ template_filter ] --START--
INFO: Run Behavior\ContentReplaceBehavior [ RunTime:0.000063s ]
INFO: [ template_filter ] --END-- [ RunTime:0.000119s ]
INFO: Run Behavior\ParseTemplateBehavior [ RunTime:0.153539s ]
INFO: [ view_parse ] --END-- [ RunTime:0.153578s ]
INFO: [ view_filter ] --START--
INFO: Run Behavior\WriteHtmlCacheBehavior [ RunTime:0.000111s ]
INFO: [ view_filter ] --END-- [ RunTime:0.000145s ]
INFO: [ app_end ] --START--
INFO: Run Behavior\ShowPageTraceBehavior [ RunTime:0.000045s ]
INFO: [ app_end ] --END-- [ RunTime:0.000076s ]

[ 2019-08-14T12:55:21+08:00 ] 127.0.0.1 /Experiment/index.php/Home/Index/index
INFO: [ app_init ] --START--
INFO: Run Behavior\BuildLiteBehavior [ RunTime:0.000008s ]
INFO: [ app_init ] --END-- [ RunTime:0.000102s ]
INFO: [ app_begin ] --START--
INFO: Run Behavior\ReadHtmlCacheBehavior [ RunTime:0.000020s ]
INFO: [ app_begin ] --END-- [ RunTime:0.000036s ]
INFO: [ view_parse ] --START--
INFO: [ template_filter ] --START--
INFO: Run Behavior\ContentReplaceBehavior [ RunTime:0.000024s ]
INFO: [ template_filter ] --END-- [ RunTime:0.000048s ]
INFO: Run Behavior\ParseTemplateBehavior [ RunTime:0.100451s ]
INFO: [ view_parse ] --END-- [ RunTime:0.100487s ]
INFO: [ view_filter ] --START--
INFO: Run Behavior\WriteHtmlCacheBehavior [ RunTime:0.000029s ]
INFO: [ view_filter ] --END-- [ RunTime:0.000059s ]
INFO: [ app_end ] --START--
INFO: Run Behavior\ShowPageTraceBehavior [ RunTime:0.000012s ]
INFO: [ app_end ] --END-- [ RunTime:0.000021s ]

[ 2019-08-14T12:55:21+08:00 ] 127.0.0.1 /Experiment/index.php/Home/Index/home
INFO: [ app_init ] --START--
INFO: Run Behavior\BuildLiteBehavior [ RunTime:0.000004s ]
INFO: [ app_init ] --END-- [ RunTime:0.000043s ]
INFO: [ app_begin ] --START--
INFO: Run Behavior\ReadHtmlCacheBehavior [ RunTime:0.000010s ]
INFO: [ app_begin ] --END-- [ RunTime:0.000016s ]
INFO: [ view_parse ] --START--
INFO: [ template_filter ] --START--
INFO: Run Behavior\ContentReplaceBehavior [ RunTime:0.000015s ]
INFO: [ template_filter ] --END-- [ RunTime:0.000035s ]
INFO: Run Behavior\ParseTemplateBehavior [ RunTime:0.013867s ]
INFO: [ view_parse ] --END-- [ RunTime:0.013880s ]
INFO: [ view_filter ] --START--
INFO: Run Behavior\WriteHtmlCacheBehavior [ RunTime:0.000014s ]
INFO: [ view_filter ] --END-- [ RunTime:0.000022s ]
INFO: [ app_end ] --START--
INFO: Run Behavior\ShowPageTraceBehavior [ RunTime:0.000011s ]
INFO: [ app_end ] --END-- [ RunTime:0.000019s ]

[ 2019-08-14T12:55:24+08:00 ] 127.0.0.1 /Experiment/index.php/Home/Index/showExperiment
INFO: [ app_init ] --START--
INFO: Run Behavior\BuildLiteBehavior [ RunTime:0.000004s ]
INFO: [ app_init ] --END-- [ RunTime:0.000029s ]
INFO: [ app_begin ] --START--
INFO: Run Behavior\ReadHtmlCacheBehavior [ RunTime:0.000027s ]
INFO: [ app_begin ] --END-- [ RunTime:0.000037s ]
SQL: SHOW COLUMNS FROM `experiment` [ RunTime:0.1778s ]
SQL: SELECT * FROM `experiment`  [ RunTime:0.0017s ]
INFO: [ view_parse ] --START--
INFO: [ template_filter ] --START--
INFO: Run Behavior\ContentReplaceBehavior [ RunTime:0.000078s ]
INFO: [ template_filter ] --END-- [ RunTime:0.000134s ]
INFO: Run Behavior\ParseTemplateBehavior [ RunTime:0.089391s ]
INFO: [ view_parse ] --END-- [ RunTime:0.089411s ]
INFO: [ view_filter ] --START--
INFO: Run Behavior\WriteHtmlCacheBehavior [ RunTime:0.000018s ]
INFO: [ view_filter ] --END-- [ RunTime:0.000024s ]
INFO: [ app_end ] --START--
INFO: Run Behavior\ShowPageTraceBehavior [ RunTime:0.000010s ]
INFO: [ app_end ] --END-- [ RunTime:0.000015s ]

[ 2019-08-14T12:55:24+08:00 ] 127.0.0.1 /Experiment/index.php/Home/Index/fdsaf.jpg
INFO: [ app_init ] --START--
INFO: Run Behavior\BuildLiteBehavior [ RunTime:0.000005s ]
INFO: [ app_init ] --END-- [ RunTime:0.000037s ]

[ 2019-08-14T12:55:29+08:00 ] 127.0.0.1 /Experiment/index.php/Home/Docker/joinExperiment/id/1
INFO: [ app_init ] --START--
INFO: Run Behavior\BuildLiteBehavior [ RunTime:0.000004s ]
INFO: [ app_init ] --END-- [ RunTime:0.000024s ]
INFO: [ app_begin ] --START--
INFO: Run Behavior\ReadHtmlCacheBehavior [ RunTime:0.000010s ]
INFO: [ app_begin ] --END-- [ RunTime:0.000017s ]
SQL: SHOW COLUMNS FROM `experiment` [ RunTime:0.0009s ]
SQL: SHOW COLUMNS FROM `student_experiment` [ RunTime:0.0092s ]
SQL: SHOW COLUMNS FROM `docker_container` [ RunTime:0.0564s ]
SQL: SELECT * FROM `student_experiment` WHERE ( Sid='1' and Eid='1' ) LIMIT 1   [ RunTime:0.0005s ]
SQL: SELECT * FROM `experiment` WHERE `Eid` = 1 LIMIT 1   [ RunTime:0.0001s ]
SQL: SELECT * FROM `docker_container` WHERE ( student_id='1' and Image_id='d0ae770d2ba7' ) LIMIT 1   [ RunTime:0.0002s ]
SQL: SELECT * FROM `docker_container` WHERE ( student_id='1' and Image_id='d0ae770d2ba7' ) LIMIT 1   [ RunTime:0.0004s ]

[ 2019-08-14T13:00:00+08:00 ] 127.0.0.1 /Experiment/
INFO: [ app_init ] --START--
INFO: Run Behavior\BuildLiteBehavior [ RunTime:0.000004s ]
INFO: [ app_init ] --END-- [ RunTime:0.004524s ]
INFO: [ app_begin ] --START--
INFO: Run Behavior\ReadHtmlCacheBehavior [ RunTime:0.000025s ]
INFO: [ app_begin ] --END-- [ RunTime:0.000036s ]

[ 2019-08-14T13:00:00+08:00 ] 127.0.0.1 /Experiment/index.php/Home/Login/login
INFO: [ app_init ] --START--
INFO: Run Behavior\BuildLiteBehavior [ RunTime:0.000004s ]
INFO: [ app_init ] --END-- [ RunTime:0.000022s ]
INFO: [ app_begin ] --START--
INFO: Run Behavior\ReadHtmlCacheBehavior [ RunTime:0.000011s ]
INFO: [ app_begin ] --END-- [ RunTime:0.000019s ]
INFO: [ view_parse ] --START--
INFO: [ template_filter ] --START--
INFO: Run Behavior\ContentReplaceBehavior [ RunTime:0.000022s ]
INFO: [ template_filter ] --END-- [ RunTime:0.000033s ]
INFO: Run Behavior\ParseTemplateBehavior [ RunTime:0.001355s ]
INFO: [ view_parse ] --END-- [ RunTime:0.001368s ]
INFO: [ view_filter ] --START--
INFO: Run Behavior\WriteHtmlCacheBehavior [ RunTime:0.000020s ]
INFO: [ view_filter ] --END-- [ RunTime:0.000029s ]
INFO: [ app_end ] --START--
INFO: Run Behavior\ShowPageTraceBehavior [ RunTime:0.000039s ]
INFO: [ app_end ] --END-- [ RunTime:0.000083s ]

[ 2019-08-14T13:23:59+08:00 ] 127.0.0.1 /Experiment/index.php/Home/Docker/joinExperiment/id/2
INFO: [ app_init ] --START--
INFO: Run Behavior\BuildLiteBehavior [ RunTime:0.000006s ]
INFO: [ app_init ] --END-- [ RunTime:0.000092s ]
INFO: [ app_begin ] --START--
INFO: Run Behavior\ReadHtmlCacheBehavior [ RunTime:0.000023s ]
INFO: [ app_begin ] --END-- [ RunTime:0.000035s ]
SQL: SHOW COLUMNS FROM `experiment` [ RunTime:0.0009s ]
SQL: SHOW COLUMNS FROM `student_experiment` [ RunTime:0.0008s ]
SQL: SHOW COLUMNS FROM `docker_container` [ RunTime:0.0004s ]
SQL: SELECT * FROM `student_experiment` WHERE ( Sid='1' and Eid='2' ) LIMIT 1   [ RunTime:0.0026s ]
SQL: SELECT * FROM `experiment` WHERE `Eid` = 2 LIMIT 1   [ RunTime:0.0003s ]
SQL: SELECT * FROM `docker_container` WHERE ( student_id='1' and Image_id='c84426304f6b' ) LIMIT 1   [ RunTime:0.0002s ]
SQL: SELECT * FROM `docker_container` WHERE ( student_id='1' and Image_id='c84426304f6b' ) LIMIT 1   [ RunTime:0.0009s ]

[ 2019-08-14T13:24:12+08:00 ] 127.0.0.1 /Experiment/index.php/Home/Docker/joinExperiment/id/3
INFO: [ app_init ] --START--
INFO: Run Behavior\BuildLiteBehavior [ RunTime:0.000006s ]
INFO: [ app_init ] --END-- [ RunTime:0.000051s ]
INFO: [ app_begin ] --START--
INFO: Run Behavior\ReadHtmlCacheBehavior [ RunTime:0.000036s ]
INFO: [ app_begin ] --END-- [ RunTime:0.000051s ]
SQL: SHOW COLUMNS FROM `experiment` [ RunTime:0.0005s ]
SQL: SHOW COLUMNS FROM `student_experiment` [ RunTime:0.0003s ]
SQL: SHOW COLUMNS FROM `docker_container` [ RunTime:0.0003s ]
SQL: SELECT * FROM `student_experiment` WHERE ( Sid='1' and Eid='3' ) LIMIT 1   [ RunTime:0.0001s ]
SQL: SELECT * FROM `experiment` WHERE `Eid` = 3 LIMIT 1   [ RunTime:0.0001s ]
SQL: SELECT * FROM `docker_container` WHERE ( student_id='1' and Image_id='92f7bf669a99' ) LIMIT 1   [ RunTime:0.0017s ]
SQL: SELECT * FROM `docker_container` WHERE ( student_id='1' and Image_id='92f7bf669a99' ) LIMIT 1   [ RunTime:0.0003s ]

[ 2019-08-14T14:05:02+08:00 ] 127.0.0.1 /Experiment/index.php/Home/Index/index
INFO: [ app_init ] --START--
INFO: Run Behavior\BuildLiteBehavior [ RunTime:0.000006s ]
INFO: [ app_init ] --END-- [ RunTime:0.000090s ]
INFO: [ app_begin ] --START--
INFO: Run Behavior\ReadHtmlCacheBehavior [ RunTime:0.000024s ]
INFO: [ app_begin ] --END-- [ RunTime:0.000036s ]
INFO: [ view_parse ] --START--
INFO: [ template_filter ] --START--
INFO: Run Behavior\ContentReplaceBehavior [ RunTime:0.000045s ]
INFO: [ template_filter ] --END-- [ RunTime:0.000068s ]
INFO: Run Behavior\ParseTemplateBehavior [ RunTime:0.055165s ]
INFO: [ view_parse ] --END-- [ RunTime:0.055179s ]
INFO: [ view_filter ] --START--
INFO: Run Behavior\WriteHtmlCacheBehavior [ RunTime:0.000057s ]
INFO: [ view_filter ] --END-- [ RunTime:0.000067s ]
INFO: [ app_end ] --START--
INFO: Run Behavior\ShowPageTraceBehavior [ RunTime:0.000034s ]
INFO: [ app_end ] --END-- [ RunTime:0.000044s ]

[ 2019-08-14T14:05:02+08:00 ] 127.0.0.1 /Experiment/index.php/Home/Index/home
INFO: [ app_init ] --START--
INFO: Run Behavior\BuildLiteBehavior [ RunTime:0.000004s ]
INFO: [ app_init ] --END-- [ RunTime:0.000028s ]
INFO: [ app_begin ] --START--
INFO: Run Behavior\ReadHtmlCacheBehavior [ RunTime:0.000012s ]
INFO: [ app_begin ] --END-- [ RunTime:0.000022s ]
INFO: [ view_parse ] --START--
INFO: [ template_filter ] --START--
INFO: Run Behavior\ContentReplaceBehavior [ RunTime:0.000054s ]
INFO: [ template_filter ] --END-- [ RunTime:0.000198s ]
INFO: Run Behavior\ParseTemplateBehavior [ RunTime:0.017247s ]
INFO: [ view_parse ] --END-- [ RunTime:0.017277s ]
INFO: [ view_filter ] --START--
INFO: Run Behavior\WriteHtmlCacheBehavior [ RunTime:0.000041s ]
INFO: [ view_filter ] --END-- [ RunTime:0.000051s ]
INFO: [ app_end ] --START--
INFO: Run Behavior\ShowPageTraceBehavior [ RunTime:0.000023s ]
INFO: [ app_end ] --END-- [ RunTime:0.000033s ]

[ 2019-08-14T14:05:03+08:00 ] 127.0.0.1 /Experiment/index.php/Home/Index/showExperiment
INFO: [ app_init ] --START--
INFO: Run Behavior\BuildLiteBehavior [ RunTime:0.000004s ]
INFO: [ app_init ] --END-- [ RunTime:0.000026s ]
INFO: [ app_begin ] --START--
INFO: Run Behavior\ReadHtmlCacheBehavior [ RunTime:0.000011s ]
INFO: [ app_begin ] --END-- [ RunTime:0.000021s ]
SQL: SHOW COLUMNS FROM `experiment` [ RunTime:0.0037s ]
SQL: SELECT * FROM `experiment`  [ RunTime:0.0003s ]
INFO: [ view_parse ] --START--
INFO: [ template_filter ] --START--
INFO: Run Behavior\ContentReplaceBehavior [ RunTime:0.000021s ]
INFO: [ template_filter ] --END-- [ RunTime:0.000042s ]
INFO: Run Behavior\ParseTemplateBehavior [ RunTime:0.019374s ]
INFO: [ view_parse ] --END-- [ RunTime:0.019407s ]
INFO: [ view_filter ] --START--
INFO: Run Behavior\WriteHtmlCacheBehavior [ RunTime:0.000020s ]
INFO: [ view_filter ] --END-- [ RunTime:0.000028s ]
INFO: [ app_end ] --START--
INFO: Run Behavior\ShowPageTraceBehavior [ RunTime:0.000012s ]
INFO: [ app_end ] --END-- [ RunTime:0.000021s ]

[ 2019-08-14T14:05:03+08:00 ] 127.0.0.1 /Experiment/index.php/Home/Index/fdsaf.jpg
INFO: [ app_init ] --START--
INFO: Run Behavior\BuildLiteBehavior [ RunTime:0.000003s ]
INFO: [ app_init ] --END-- [ RunTime:0.000027s ]

[ 2019-08-14T14:05:05+08:00 ] 127.0.0.1 /Experiment/index.php/Home/Docker/joinExperiment/id/1
INFO: [ app_init ] --START--
INFO: Run Behavior\BuildLiteBehavior [ RunTime:0.000005s ]
INFO: [ app_init ] --END-- [ RunTime:0.000028s ]
INFO: [ app_begin ] --START--
INFO: Run Behavior\ReadHtmlCacheBehavior [ RunTime:0.000026s ]
INFO: [ app_begin ] --END-- [ RunTime:0.000035s ]
SQL: SHOW COLUMNS FROM `experiment` [ RunTime:0.0005s ]
SQL: SHOW COLUMNS FROM `student_experiment` [ RunTime:0.0003s ]
SQL: SHOW COLUMNS FROM `docker_container` [ RunTime:0.0003s ]
SQL: SELECT * FROM `student_experiment` WHERE ( Sid='1' and Eid='1' ) LIMIT 1   [ RunTime:0.0003s ]
SQL: SELECT * FROM `experiment` WHERE `Eid` = 1 LIMIT 1   [ RunTime:0.0002s ]
SQL: SELECT * FROM `docker_container` WHERE ( student_id='1' and Image_id='d0ae770d2ba7' ) LIMIT 1   [ RunTime:0.0024s ]
SQL: SELECT * FROM `docker_container` WHERE ( student_id='1' and Image_id='d0ae770d2ba7' ) LIMIT 1   [ RunTime:0.0003s ]

[ 2019-08-14T14:08:40+08:00 ] 127.0.0.1 /Experiment/index.php/Home/Docker/joinExperiment/id/1
INFO: [ app_init ] --START--
INFO: Run Behavior\BuildLiteBehavior [ RunTime:0.000005s ]
INFO: [ app_init ] --END-- [ RunTime:0.000088s ]
INFO: [ app_begin ] --START--
INFO: Run Behavior\ReadHtmlCacheBehavior [ RunTime:0.000056s ]
INFO: [ app_begin ] --END-- [ RunTime:0.000070s ]
SQL: SHOW COLUMNS FROM `experiment` [ RunTime:0.0044s ]
SQL: SHOW COLUMNS FROM `student_experiment` [ RunTime:0.0005s ]
SQL: SHOW COLUMNS FROM `docker_container` [ RunTime:0.0003s ]
SQL: SELECT * FROM `student_experiment` WHERE ( Sid='1' and Eid='1' ) LIMIT 1   [ RunTime:0.0002s ]
SQL: SELECT * FROM `experiment` WHERE `Eid` = 1 LIMIT 1   [ RunTime:0.0001s ]
SQL: SELECT * FROM `docker_container` WHERE ( student_id='1' and Image_id='d0ae770d2ba7' ) LIMIT 1   [ RunTime:0.0001s ]
SQL: SELECT * FROM `docker_container` WHERE ( student_id='1' and Image_id='d0ae770d2ba7' ) LIMIT 1   [ RunTime:0.0004s ]

[ 2019-08-14T14:15:18+08:00 ] 127.0.0.1 /Experiment/index.php/Home/Docker/joinExperiment/id/1
INFO: [ app_init ] --START--
INFO: Run Behavior\BuildLiteBehavior [ RunTime:0.000006s ]
INFO: [ app_init ] --END-- [ RunTime:0.000120s ]
INFO: [ app_begin ] --START--
INFO: Run Behavior\ReadHtmlCacheBehavior [ RunTime:0.000021s ]
INFO: [ app_begin ] --END-- [ RunTime:0.000033s ]
SQL: SHOW COLUMNS FROM `experiment` [ RunTime:0.0009s ]
SQL: SHOW COLUMNS FROM `student_experiment` [ RunTime:0.0040s ]
SQL: SHOW COLUMNS FROM `docker_container` [ RunTime:0.0007s ]
SQL: SELECT * FROM `student_experiment` WHERE ( Sid='1' and Eid='1' ) LIMIT 1   [ RunTime:0.0004s ]
SQL: SELECT * FROM `experiment` WHERE `Eid` = 1 LIMIT 1   [ RunTime:0.0001s ]
SQL: SELECT * FROM `docker_container` WHERE ( student_id='1' and Image_id='d0ae770d2ba7' ) LIMIT 1   [ RunTime:0.0025s ]
SQL: SELECT * FROM `docker_container` WHERE ( student_id='1' and Image_id='d0ae770d2ba7' ) LIMIT 1   [ RunTime:0.0002s ]

[ 2019-08-14T16:30:25+08:00 ] 127.0.0.1 /Experiment/index.php/Home/Index/fdsaf.jpg
INFO: [ app_init ] --START--
INFO: Run Behavior\BuildLiteBehavior [ RunTime:0.000040s ]
INFO: [ app_init ] --END-- [ RunTime:0.001057s ]

[ 2019-08-14T16:30:34+08:00 ] 127.0.0.1 /Experiment/index.php/Home/Index/index
INFO: [ app_init ] --START--
INFO: Run Behavior\BuildLiteBehavior [ RunTime:0.000004s ]
INFO: [ app_init ] --END-- [ RunTime:0.000039s ]
INFO: [ app_begin ] --START--
INFO: Run Behavior\ReadHtmlCacheBehavior [ RunTime:0.001113s ]
INFO: [ app_begin ] --END-- [ RunTime:0.001169s ]

[ 2019-08-14T16:30:34+08:00 ] 127.0.0.1 /Experiment/index.php/Home/Login/login
INFO: [ app_init ] --START--
INFO: Run Behavior\BuildLiteBehavior [ RunTime:0.000005s ]
INFO: [ app_init ] --END-- [ RunTime:0.000043s ]
INFO: [ app_begin ] --START--
INFO: Run Behavior\ReadHtmlCacheBehavior [ RunTime:0.000012s ]
INFO: [ app_begin ] --END-- [ RunTime:0.000038s ]
INFO: [ view_parse ] --START--
INFO: [ template_filter ] --START--
INFO: Run Behavior\ContentReplaceBehavior [ RunTime:0.000100s ]
INFO: [ template_filter ] --END-- [ RunTime:0.000121s ]
INFO: Run Behavior\ParseTemplateBehavior [ RunTime:0.027462s ]
INFO: [ view_parse ] --END-- [ RunTime:0.027489s ]
INFO: [ view_filter ] --START--
INFO: Run Behavior\WriteHtmlCacheBehavior [ RunTime:0.000561s ]
INFO: [ view_filter ] --END-- [ RunTime:0.000574s ]
INFO: [ app_end ] --START--
INFO: Run Behavior\ShowPageTraceBehavior [ RunTime:0.000867s ]
INFO: [ app_end ] --END-- [ RunTime:0.000880s ]

[ 2019-08-14T16:30:38+08:00 ] 127.0.0.1 /Experiment/index.php/Home/Login/checkLogin
INFO: [ app_init ] --START--
INFO: Run Behavior\BuildLiteBehavior [ RunTime:0.000005s ]
INFO: [ app_init ] --END-- [ RunTime:0.000038s ]
INFO: [ app_begin ] --START--
INFO: Run Behavior\ReadHtmlCacheBehavior [ RunTime:0.000021s ]
INFO: [ app_begin ] --END-- [ RunTime:0.000028s ]
SQL: SHOW COLUMNS FROM `student` [ RunTime:0.0809s ]
SQL: SELECT * FROM `student` WHERE `Sid` = 1 AND `Spwd` = '1' LIMIT 1   [ RunTime:0.0029s ]
INFO: [ view_parse ] --START--
INFO: [ template_filter ] --START--
INFO: Run Behavior\ContentReplaceBehavior [ RunTime:0.000023s ]
INFO: [ template_filter ] --END-- [ RunTime:0.000044s ]
INFO: Run Behavior\ParseTemplateBehavior [ RunTime:0.024514s ]
INFO: [ view_parse ] --END-- [ RunTime:0.024530s ]
INFO: [ view_filter ] --START--
INFO: Run Behavior\WriteHtmlCacheBehavior [ RunTime:0.000030s ]
INFO: [ view_filter ] --END-- [ RunTime:0.000039s ]
INFO: [ app_end ] --START--
INFO: Run Behavior\ShowPageTraceBehavior [ RunTime:0.000017s ]
INFO: [ app_end ] --END-- [ RunTime:0.000039s ]

[ 2019-08-14T16:30:39+08:00 ] 127.0.0.1 /Experiment/index.php/Home/Index/index
INFO: [ app_init ] --START--
INFO: Run Behavior\BuildLiteBehavior [ RunTime:0.000005s ]
INFO: [ app_init ] --END-- [ RunTime:0.000032s ]
INFO: [ app_begin ] --START--
INFO: Run Behavior\ReadHtmlCacheBehavior [ RunTime:0.000015s ]
INFO: [ app_begin ] --END-- [ RunTime:0.000028s ]
INFO: [ view_parse ] --START--
INFO: [ template_filter ] --START--
INFO: Run Behavior\ContentReplaceBehavior [ RunTime:0.000022s ]
INFO: [ template_filter ] --END-- [ RunTime:0.000040s ]
INFO: Run Behavior\ParseTemplateBehavior [ RunTime:0.001176s ]
INFO: [ view_parse ] --END-- [ RunTime:0.001193s ]
INFO: [ view_filter ] --START--
INFO: Run Behavior\WriteHtmlCacheBehavior [ RunTime:0.000020s ]
INFO: [ view_filter ] --END-- [ RunTime:0.000030s ]
INFO: [ app_end ] --START--
INFO: Run Behavior\ShowPageTraceBehavior [ RunTime:0.000014s ]
INFO: [ app_end ] --END-- [ RunTime:0.000025s ]

[ 2019-08-14T16:30:39+08:00 ] 127.0.0.1 /Experiment/index.php/Home/Index/home
INFO: [ app_init ] --START--
INFO: Run Behavior\BuildLiteBehavior [ RunTime:0.000004s ]
INFO: [ app_init ] --END-- [ RunTime:0.000024s ]
INFO: [ app_begin ] --START--
INFO: Run Behavior\ReadHtmlCacheBehavior [ RunTime:0.000010s ]
INFO: [ app_begin ] --END-- [ RunTime:0.000017s ]
INFO: [ view_parse ] --START--
INFO: [ template_filter ] --START--
INFO: Run Behavior\ContentReplaceBehavior [ RunTime:0.000013s ]
INFO: [ template_filter ] --END-- [ RunTime:0.000026s ]
INFO: Run Behavior\ParseTemplateBehavior [ RunTime:0.000817s ]
INFO: [ view_parse ] --END-- [ RunTime:0.000829s ]
INFO: [ view_filter ] --START--
INFO: Run Behavior\WriteHtmlCacheBehavior [ RunTime:0.000014s ]
INFO: [ view_filter ] --END-- [ RunTime:0.000022s ]
INFO: [ app_end ] --START--
INFO: Run Behavior\ShowPageTraceBehavior [ RunTime:0.000010s ]
INFO: [ app_end ] --END-- [ RunTime:0.000018s ]

[ 2019-08-14T16:30:40+08:00 ] 127.0.0.1 /Experiment/index.php/Home/Index/showExperiment
INFO: [ app_init ] --START--
INFO: Run Behavior\BuildLiteBehavior [ RunTime:0.000005s ]
INFO: [ app_init ] --END-- [ RunTime:0.000029s ]
INFO: [ app_begin ] --START--
INFO: Run Behavior\ReadHtmlCacheBehavior [ RunTime:0.000014s ]
INFO: [ app_begin ] --END-- [ RunTime:0.000024s ]
SQL: SHOW COLUMNS FROM `experiment` [ RunTime:0.0211s ]
SQL: SELECT * FROM `experiment`  [ RunTime:0.0002s ]
INFO: [ view_parse ] --START--
INFO: [ template_filter ] --START--
INFO: Run Behavior\ContentReplaceBehavior [ RunTime:0.000021s ]
INFO: [ template_filter ] --END-- [ RunTime:0.000040s ]
INFO: Run Behavior\ParseTemplateBehavior [ RunTime:0.009764s ]
INFO: [ view_parse ] --END-- [ RunTime:0.009779s ]
INFO: [ view_filter ] --START--
INFO: Run Behavior\WriteHtmlCacheBehavior [ RunTime:0.000021s ]
INFO: [ view_filter ] --END-- [ RunTime:0.000031s ]
INFO: [ app_end ] --START--
INFO: Run Behavior\ShowPageTraceBehavior [ RunTime:0.000014s ]
INFO: [ app_end ] --END-- [ RunTime:0.000023s ]

[ 2019-08-14T16:30:40+08:00 ] 127.0.0.1 /Experiment/index.php/Home/Index/fdsaf.jpg
INFO: [ app_init ] --START--
INFO: Run Behavior\BuildLiteBehavior [ RunTime:0.000005s ]
INFO: [ app_init ] --END-- [ RunTime:0.000025s ]

[ 2019-08-14T16:30:45+08:00 ] 127.0.0.1 /Experiment/index.php/Home/Docker/joinExperiment/id/1
INFO: [ app_init ] --START--
INFO: Run Behavior\BuildLiteBehavior [ RunTime:0.000004s ]
INFO: [ app_init ] --END-- [ RunTime:0.000049s ]
INFO: [ app_begin ] --START--
INFO: Run Behavior\ReadHtmlCacheBehavior [ RunTime:0.000010s ]
INFO: [ app_begin ] --END-- [ RunTime:0.000016s ]
SQL: SHOW COLUMNS FROM `experiment` [ RunTime:0.0005s ]
SQL: SHOW COLUMNS FROM `student_experiment` [ RunTime:0.0806s ]
SQL: SHOW COLUMNS FROM `docker_container` [ RunTime:0.0110s ]
SQL: SELECT * FROM `student_experiment` WHERE ( Sid='1' and Eid='1' ) LIMIT 1   [ RunTime:0.0003s ]
SQL: SELECT * FROM `experiment` WHERE `Eid` = 1 LIMIT 1   [ RunTime:0.0001s ]
SQL: SELECT * FROM `docker_container` WHERE ( student_id='1' and Image_id='d0ae770d2ba7' ) LIMIT 1   [ RunTime:0.0002s ]
SQL: SELECT * FROM `docker_container` WHERE ( student_id='1' and Image_id='d0ae770d2ba7' ) LIMIT 1   [ RunTime:0.0003s ]

[ 2019-08-14T16:31:10+08:00 ] 127.0.0.1 /Experiment/index.php/Home/Docker/joinExperiment/id/1
INFO: [ app_init ] --START--
INFO: Run Behavior\BuildLiteBehavior [ RunTime:0.000028s ]
INFO: [ app_init ] --END-- [ RunTime:0.003685s ]
INFO: [ app_begin ] --START--
INFO: Run Behavior\ReadHtmlCacheBehavior [ RunTime:0.000025s ]
INFO: [ app_begin ] --END-- [ RunTime:0.000033s ]
SQL: SHOW COLUMNS FROM `experiment` [ RunTime:0.0003s ]
SQL: SHOW COLUMNS FROM `student_experiment` [ RunTime:0.0002s ]
SQL: SHOW COLUMNS FROM `docker_container` [ RunTime:0.0003s ]
SQL: SELECT * FROM `student_experiment` WHERE ( Sid='1' and Eid='1' ) LIMIT 1   [ RunTime:0.0002s ]
SQL: SELECT * FROM `experiment` WHERE `Eid` = 1 LIMIT 1   [ RunTime:0.0001s ]
SQL: SELECT * FROM `docker_container` WHERE ( student_id='1' and Image_id='d0ae770d2ba7' ) LIMIT 1   [ RunTime:0.0002s ]
SQL: SELECT * FROM `docker_container` WHERE ( student_id='1' and Image_id='d0ae770d2ba7' ) LIMIT 1   [ RunTime:0.0003s ]

[ 2019-08-14T16:36:32+08:00 ] 127.0.0.1 /Experiment/
INFO: [ app_init ] --START--
INFO: Run Behavior\BuildLiteBehavior [ RunTime:0.000026s ]
INFO: [ app_init ] --END-- [ RunTime:0.000927s ]
INFO: [ app_begin ] --START--
INFO: Run Behavior\ReadHtmlCacheBehavior [ RunTime:0.001032s ]
INFO: [ app_begin ] --END-- [ RunTime:0.001052s ]

[ 2019-08-14T16:36:32+08:00 ] 127.0.0.1 /Experiment/index.php/Home/Login/login
INFO: [ app_init ] --START--
INFO: Run Behavior\BuildLiteBehavior [ RunTime:0.000004s ]
INFO: [ app_init ] --END-- [ RunTime:0.000025s ]
INFO: [ app_begin ] --START--
INFO: Run Behavior\ReadHtmlCacheBehavior [ RunTime:0.000014s ]
INFO: [ app_begin ] --END-- [ RunTime:0.000026s ]
INFO: [ view_parse ] --START--
INFO: [ template_filter ] --START--
INFO: Run Behavior\ContentReplaceBehavior [ RunTime:0.001787s ]
INFO: [ template_filter ] --END-- [ RunTime:0.001825s ]
INFO: Run Behavior\ParseTemplateBehavior [ RunTime:0.027519s ]
INFO: [ view_parse ] --END-- [ RunTime:0.027545s ]
INFO: [ view_filter ] --START--
INFO: Run Behavior\WriteHtmlCacheBehavior [ RunTime:0.000705s ]
INFO: [ view_filter ] --END-- [ RunTime:0.000721s ]
INFO: [ app_end ] --START--
INFO: Run Behavior\ShowPageTraceBehavior [ RunTime:0.001066s ]
INFO: [ app_end ] --END-- [ RunTime:0.001085s ]

[ 2019-08-14T16:36:36+08:00 ] 127.0.0.1 /Experiment/index.php/Home/Login/checkLogin
INFO: [ app_init ] --START--
INFO: Run Behavior\BuildLiteBehavior [ RunTime:0.000026s ]
INFO: [ app_init ] --END-- [ RunTime:0.004238s ]
INFO: [ app_begin ] --START--
INFO: Run Behavior\ReadHtmlCacheBehavior [ RunTime:0.000055s ]
INFO: [ app_begin ] --END-- [ RunTime:0.000069s ]
SQL: SHOW COLUMNS FROM `student` [ RunTime:0.1077s ]
SQL: SELECT * FROM `student` WHERE `Sid` = 1 AND `Spwd` = '1' LIMIT 1   [ RunTime:0.0653s ]
INFO: [ view_parse ] --START--
INFO: [ template_filter ] --START--
INFO: Run Behavior\ContentReplaceBehavior [ RunTime:0.000026s ]
INFO: [ template_filter ] --END-- [ RunTime:0.000050s ]
INFO: Run Behavior\ParseTemplateBehavior [ RunTime:0.046805s ]
INFO: [ view_parse ] --END-- [ RunTime:0.046842s ]
INFO: [ view_filter ] --START--
INFO: Run Behavior\WriteHtmlCacheBehavior [ RunTime:0.000066s ]
INFO: [ view_filter ] --END-- [ RunTime:0.000079s ]
INFO: [ app_end ] --START--
INFO: Run Behavior\ShowPageTraceBehavior [ RunTime:0.000025s ]
INFO: [ app_end ] --END-- [ RunTime:0.000039s ]

[ 2019-08-14T16:36:37+08:00 ] 127.0.0.1 /Experiment/index.php/Home/Index/index
INFO: [ app_init ] --START--
INFO: Run Behavior\BuildLiteBehavior [ RunTime:0.000005s ]
INFO: [ app_init ] --END-- [ RunTime:0.000037s ]
INFO: [ app_begin ] --START--
INFO: Run Behavior\ReadHtmlCacheBehavior [ RunTime:0.000018s ]
INFO: [ app_begin ] --END-- [ RunTime:0.000034s ]
INFO: [ view_parse ] --START--
INFO: [ template_filter ] --START--
INFO: Run Behavior\ContentReplaceBehavior [ RunTime:0.000025s ]
INFO: [ template_filter ] --END-- [ RunTime:0.000045s ]
INFO: Run Behavior\ParseTemplateBehavior [ RunTime:0.001269s ]
INFO: [ view_parse ] --END-- [ RunTime:0.001290s ]
INFO: [ view_filter ] --START--
INFO: Run Behavior\WriteHtmlCacheBehavior [ RunTime:0.000023s ]
INFO: [ view_filter ] --END-- [ RunTime:0.000036s ]
INFO: [ app_end ] --START--
INFO: Run Behavior\ShowPageTraceBehavior [ RunTime:0.000016s ]
INFO: [ app_end ] --END-- [ RunTime:0.000030s ]

[ 2019-08-14T16:36:37+08:00 ] 127.0.0.1 /Experiment/index.php/Home/Index/home
INFO: [ app_init ] --START--
INFO: Run Behavior\BuildLiteBehavior [ RunTime:0.000004s ]
INFO: [ app_init ] --END-- [ RunTime:0.000037s ]
INFO: [ app_begin ] --START--
INFO: Run Behavior\ReadHtmlCacheBehavior [ RunTime:0.000010s ]
INFO: [ app_begin ] --END-- [ RunTime:0.000016s ]
INFO: [ view_parse ] --START--
INFO: [ template_filter ] --START--
INFO: Run Behavior\ContentReplaceBehavior [ RunTime:0.000016s ]
INFO: [ template_filter ] --END-- [ RunTime:0.000035s ]
INFO: Run Behavior\ParseTemplateBehavior [ RunTime:0.031510s ]
INFO: [ view_parse ] --END-- [ RunTime:0.031532s ]
INFO: [ view_filter ] --START--
INFO: Run Behavior\WriteHtmlCacheBehavior [ RunTime:0.000023s ]
INFO: [ view_filter ] --END-- [ RunTime:0.000032s ]
INFO: [ app_end ] --START--
INFO: Run Behavior\ShowPageTraceBehavior [ RunTime:0.000013s ]
INFO: [ app_end ] --END-- [ RunTime:0.000022s ]

[ 2019-08-14T16:36:39+08:00 ] 127.0.0.1 /Experiment/index.php/Home/Index/showExperiment
INFO: [ app_init ] --START--
INFO: Run Behavior\BuildLiteBehavior [ RunTime:0.000005s ]
INFO: [ app_init ] --END-- [ RunTime:0.000032s ]
INFO: [ app_begin ] --START--
INFO: Run Behavior\ReadHtmlCacheBehavior [ RunTime:0.000015s ]
INFO: [ app_begin ] --END-- [ RunTime:0.000024s ]
SQL: SHOW COLUMNS FROM `experiment` [ RunTime:0.1043s ]
SQL: SELECT * FROM `experiment`  [ RunTime:0.0004s ]
INFO: [ view_parse ] --START--
INFO: [ template_filter ] --START--
INFO: Run Behavior\ContentReplaceBehavior [ RunTime:0.000023s ]
INFO: [ template_filter ] --END-- [ RunTime:0.000044s ]
INFO: Run Behavior\ParseTemplateBehavior [ RunTime:0.019143s ]
INFO: [ view_parse ] --END-- [ RunTime:0.019172s ]
INFO: [ view_filter ] --START--
INFO: Run Behavior\WriteHtmlCacheBehavior [ RunTime:0.000076s ]
INFO: [ view_filter ] --END-- [ RunTime:0.000091s ]
INFO: [ app_end ] --START--
INFO: Run Behavior\ShowPageTraceBehavior [ RunTime:0.000028s ]
INFO: [ app_end ] --END-- [ RunTime:0.000035s ]

[ 2019-08-14T16:36:39+08:00 ] 127.0.0.1 /Experiment/index.php/Home/Index/fdsaf.jpg
INFO: [ app_init ] --START--
INFO: Run Behavior\BuildLiteBehavior [ RunTime:0.000004s ]
INFO: [ app_init ] --END-- [ RunTime:0.000023s ]

[ 2019-08-14T16:36:44+08:00 ] 127.0.0.1 /Experiment/index.php/Home/Docker/joinExperiment/id/1
INFO: [ app_init ] --START--
INFO: Run Behavior\BuildLiteBehavior [ RunTime:0.000003s ]
INFO: [ app_init ] --END-- [ RunTime:0.000021s ]
INFO: [ app_begin ] --START--
INFO: Run Behavior\ReadHtmlCacheBehavior [ RunTime:0.000009s ]
INFO: [ app_begin ] --END-- [ RunTime:0.000016s ]
SQL: SHOW COLUMNS FROM `experiment` [ RunTime:0.0004s ]
SQL: SHOW COLUMNS FROM `student_experiment` [ RunTime:0.0771s ]
SQL: SHOW COLUMNS FROM `docker_container` [ RunTime:0.0168s ]
SQL: SELECT * FROM `student_experiment` WHERE ( Sid='1' and Eid='1' ) LIMIT 1   [ RunTime:0.0002s ]
SQL: SELECT * FROM `experiment` WHERE `Eid` = 1 LIMIT 1   [ RunTime:0.0001s ]
SQL: SELECT * FROM `docker_container` WHERE ( student_id='1' and Image_id='d0ae770d2ba7' ) LIMIT 1   [ RunTime:0.0001s ]
SQL: SELECT * FROM `docker_container` WHERE ( student_id='1' and Image_id='d0ae770d2ba7' ) LIMIT 1   [ RunTime:0.0003s ]

[ 2019-08-14T17:48:21+08:00 ] 127.0.0.1 /Experiment/index.php/Home/Docker/joinExperiment/id/2
INFO: [ app_init ] --START--
INFO: Run Behavior\BuildLiteBehavior [ RunTime:0.000007s ]
INFO: [ app_init ] --END-- [ RunTime:0.000113s ]
INFO: [ app_begin ] --START--
INFO: Run Behavior\ReadHtmlCacheBehavior [ RunTime:0.000056s ]
INFO: [ app_begin ] --END-- [ RunTime:0.000080s ]
SQL: SHOW COLUMNS FROM `experiment` [ RunTime:0.0630s ]
SQL: SHOW COLUMNS FROM `student_experiment` [ RunTime:0.0008s ]
SQL: SHOW COLUMNS FROM `docker_container` [ RunTime:0.0373s ]
SQL: SELECT * FROM `student_experiment` WHERE ( Sid='' and Eid='2' ) LIMIT 1   [ RunTime:0.0003s ]
SQL: SELECT * FROM `experiment` WHERE `Eid` = 2 LIMIT 1   [ RunTime:0.0001s ]
ERR: 1048:Column 'Sid' cannot be null
 [ SQL语句 ] : INSERT INTO `student_experiment` (`Sid`,`Eid`) VALUES (NULL,'2')
ERR: 1048:Column 'Sid' cannot be null
 [ SQL语句 ] : INSERT INTO `student_experiment` (`Sid`,`Eid`) VALUES (NULL,'2')

[ 2019-08-14T17:48:25+08:00 ] 127.0.0.1 /Experiment/index.php/Home/Index/index
INFO: [ app_init ] --START--
INFO: Run Behavior\BuildLiteBehavior [ RunTime:0.000009s ]
INFO: [ app_init ] --END-- [ RunTime:0.000063s ]
INFO: [ app_begin ] --START--
INFO: Run Behavior\ReadHtmlCacheBehavior [ RunTime:0.000033s ]
INFO: [ app_begin ] --END-- [ RunTime:0.000057s ]

[ 2019-08-14T17:48:26+08:00 ] 127.0.0.1 /Experiment/index.php/Home/Login/login
INFO: [ app_init ] --START--
INFO: Run Behavior\BuildLiteBehavior [ RunTime:0.000004s ]
INFO: [ app_init ] --END-- [ RunTime:0.000024s ]
INFO: [ app_begin ] --START--
INFO: Run Behavior\ReadHtmlCacheBehavior [ RunTime:0.000012s ]
INFO: [ app_begin ] --END-- [ RunTime:0.000019s ]
INFO: [ view_parse ] --START--
INFO: [ template_filter ] --START--
INFO: Run Behavior\ContentReplaceBehavior [ RunTime:0.000026s ]
INFO: [ template_filter ] --END-- [ RunTime:0.000046s ]
INFO: Run Behavior\ParseTemplateBehavior [ RunTime:0.027021s ]
INFO: [ view_parse ] --END-- [ RunTime:0.027038s ]
INFO: [ view_filter ] --START--
INFO: Run Behavior\WriteHtmlCacheBehavior [ RunTime:0.000021s ]
INFO: [ view_filter ] --END-- [ RunTime:0.000030s ]
INFO: [ app_end ] --START--
INFO: Run Behavior\ShowPageTraceBehavior [ RunTime:0.000016s ]
INFO: [ app_end ] --END-- [ RunTime:0.000025s ]

[ 2019-08-14T17:48:30+08:00 ] 127.0.0.1 /Experiment/index.php/Home/Login/checkLogin
INFO: [ app_init ] --START--
INFO: Run Behavior\BuildLiteBehavior [ RunTime:0.000003s ]
INFO: [ app_init ] --END-- [ RunTime:0.000024s ]
INFO: [ app_begin ] --START--
INFO: Run Behavior\ReadHtmlCacheBehavior [ RunTime:0.000011s ]
INFO: [ app_begin ] --END-- [ RunTime:0.000057s ]
SQL: SHOW COLUMNS FROM `student` [ RunTime:0.0004s ]
SQL: SELECT * FROM `student` WHERE `Sid` = 1 AND `Spwd` = '1' LIMIT 1   [ RunTime:0.0003s ]
INFO: [ view_parse ] --START--
INFO: [ template_filter ] --START--
INFO: Run Behavior\ContentReplaceBehavior [ RunTime:0.000019s ]
INFO: [ template_filter ] --END-- [ RunTime:0.000038s ]
INFO: Run Behavior\ParseTemplateBehavior [ RunTime:0.004190s ]
INFO: [ view_parse ] --END-- [ RunTime:0.004204s ]
INFO: [ view_filter ] --START--
INFO: Run Behavior\WriteHtmlCacheBehavior [ RunTime:0.000018s ]
INFO: [ view_filter ] --END-- [ RunTime:0.000026s ]
INFO: [ app_end ] --START--
INFO: Run Behavior\ShowPageTraceBehavior [ RunTime:0.000013s ]
INFO: [ app_end ] --END-- [ RunTime:0.000021s ]

[ 2019-08-14T17:48:31+08:00 ] 127.0.0.1 /Experiment/index.php/Home/Index/index
INFO: [ app_init ] --START--
INFO: Run Behavior\BuildLiteBehavior [ RunTime:0.000004s ]
INFO: [ app_init ] --END-- [ RunTime:0.000025s ]
INFO: [ app_begin ] --START--
INFO: Run Behavior\ReadHtmlCacheBehavior [ RunTime:0.000012s ]
INFO: [ app_begin ] --END-- [ RunTime:0.000022s ]
INFO: [ view_parse ] --START--
INFO: [ template_filter ] --START--
INFO: Run Behavior\ContentReplaceBehavior [ RunTime:0.000016s ]
INFO: [ template_filter ] --END-- [ RunTime:0.000030s ]
INFO: Run Behavior\ParseTemplateBehavior [ RunTime:0.001332s ]
INFO: [ view_parse ] --END-- [ RunTime:0.001344s ]
INFO: [ view_filter ] --START--
INFO: Run Behavior\WriteHtmlCacheBehavior [ RunTime:0.000015s ]
INFO: [ view_filter ] --END-- [ RunTime:0.000023s ]
INFO: [ app_end ] --START--
INFO: Run Behavior\ShowPageTraceBehavior [ RunTime:0.000010s ]
INFO: [ app_end ] --END-- [ RunTime:0.000019s ]

[ 2019-08-14T17:48:31+08:00 ] 127.0.0.1 /Experiment/index.php/Home/Index/home
INFO: [ app_init ] --START--
INFO: Run Behavior\BuildLiteBehavior [ RunTime:0.000006s ]
INFO: [ app_init ] --END-- [ RunTime:0.000075s ]
INFO: [ app_begin ] --START--
INFO: Run Behavior\ReadHtmlCacheBehavior [ RunTime:0.000023s ]
INFO: [ app_begin ] --END-- [ RunTime:0.000040s ]
INFO: [ view_parse ] --START--
INFO: [ template_filter ] --START--
INFO: Run Behavior\ContentReplaceBehavior [ RunTime:0.000016s ]
INFO: [ template_filter ] --END-- [ RunTime:0.000040s ]
INFO: Run Behavior\ParseTemplateBehavior [ RunTime:0.001600s ]
INFO: [ view_parse ] --END-- [ RunTime:0.001632s ]
INFO: [ view_filter ] --START--
INFO: Run Behavior\WriteHtmlCacheBehavior [ RunTime:0.000018s ]
INFO: [ view_filter ] --END-- [ RunTime:0.000023s ]
INFO: [ app_end ] --START--
INFO: Run Behavior\ShowPageTraceBehavior [ RunTime:0.000009s ]
INFO: [ app_end ] --END-- [ RunTime:0.000014s ]

[ 2019-08-14T17:48:32+08:00 ] 127.0.0.1 /Experiment/index.php/Home/Index/showExperiment
INFO: [ app_init ] --START--
INFO: Run Behavior\BuildLiteBehavior [ RunTime:0.000004s ]
INFO: [ app_init ] --END-- [ RunTime:0.000025s ]
INFO: [ app_begin ] --START--
INFO: Run Behavior\ReadHtmlCacheBehavior [ RunTime:0.000012s ]
INFO: [ app_begin ] --END-- [ RunTime:0.000021s ]
SQL: SHOW COLUMNS FROM `experiment` [ RunTime:0.0004s ]
SQL: SELECT * FROM `experiment`  [ RunTime:0.0001s ]
INFO: [ view_parse ] --START--
INFO: [ template_filter ] --START--
INFO: Run Behavior\ContentReplaceBehavior [ RunTime:0.000021s ]
INFO: [ template_filter ] --END-- [ RunTime:0.000039s ]
INFO: Run Behavior\ParseTemplateBehavior [ RunTime:0.189881s ]
INFO: [ view_parse ] --END-- [ RunTime:0.189896s ]
INFO: [ view_filter ] --START--
INFO: Run Behavior\WriteHtmlCacheBehavior [ RunTime:0.000059s ]
INFO: [ view_filter ] --END-- [ RunTime:0.000068s ]
INFO: [ app_end ] --START--
INFO: Run Behavior\ShowPageTraceBehavior [ RunTime:0.000073s ]
INFO: [ app_end ] --END-- [ RunTime:0.000141s ]

[ 2019-08-14T17:48:32+08:00 ] 127.0.0.1 /Experiment/index.php/Home/Index/fdsaf.jpg
INFO: [ app_init ] --START--
INFO: Run Behavior\BuildLiteBehavior [ RunTime:0.000004s ]
INFO: [ app_init ] --END-- [ RunTime:0.000022s ]

[ 2019-08-14T17:48:49+08:00 ] 127.0.0.1 /Experiment/index.php/Home/Docker/joinExperiment/id/2
INFO: [ app_init ] --START--
INFO: Run Behavior\BuildLiteBehavior [ RunTime:0.000005s ]
INFO: [ app_init ] --END-- [ RunTime:0.000035s ]
INFO: [ app_begin ] --START--
INFO: Run Behavior\ReadHtmlCacheBehavior [ RunTime:0.000060s ]
INFO: [ app_begin ] --END-- [ RunTime:0.000073s ]
SQL: SHOW COLUMNS FROM `experiment` [ RunTime:0.1299s ]
SQL: SHOW COLUMNS FROM `student_experiment` [ RunTime:0.0004s ]
SQL: SHOW COLUMNS FROM `docker_container` [ RunTime:0.0002s ]
SQL: SELECT * FROM `student_experiment` WHERE ( Sid='1' and Eid='2' ) LIMIT 1   [ RunTime:0.0003s ]
SQL: SELECT * FROM `experiment` WHERE `Eid` = 2 LIMIT 1   [ RunTime:0.0001s ]
SQL: SELECT * FROM `docker_container` WHERE ( student_id='1' and Image_id='c84426304f6b' ) LIMIT 1   [ RunTime:0.0001s ]
SQL: SELECT * FROM `docker_container` WHERE ( student_id='1' and Image_id='c84426304f6b' ) LIMIT 1   [ RunTime:0.0003s ]

[ 2019-08-14T17:48:49+08:00 ] 127.0.0.1 /Experiment/index.php/Home/Index/index
INFO: [ app_init ] --START--
INFO: Run Behavior\BuildLiteBehavior [ RunTime:0.000005s ]
INFO: [ app_init ] --END-- [ RunTime:0.000055s ]
INFO: [ app_begin ] --START--
INFO: Run Behavior\ReadHtmlCacheBehavior [ RunTime:0.000023s ]
INFO: [ app_begin ] --END-- [ RunTime:0.000032s ]
INFO: [ view_parse ] --START--
INFO: [ template_filter ] --START--
INFO: Run Behavior\ContentReplaceBehavior [ RunTime:0.000028s ]
INFO: [ template_filter ] --END-- [ RunTime:0.000048s ]
INFO: Run Behavior\ParseTemplateBehavior [ RunTime:0.002214s ]
INFO: [ view_parse ] --END-- [ RunTime:0.002288s ]
INFO: [ view_filter ] --START--
INFO: Run Behavior\WriteHtmlCacheBehavior [ RunTime:0.000026s ]
INFO: [ view_filter ] --END-- [ RunTime:0.000035s ]
INFO: [ app_end ] --START--
INFO: Run Behavior\ShowPageTraceBehavior [ RunTime:0.000018s ]
INFO: [ app_end ] --END-- [ RunTime:0.000028s ]

[ 2019-08-14T17:48:49+08:00 ] 127.0.0.1 /Experiment/index.php/Home/Index/home
INFO: [ app_init ] --START--
INFO: Run Behavior\BuildLiteBehavior [ RunTime:0.000004s ]
INFO: [ app_init ] --END-- [ RunTime:0.000033s ]
INFO: [ app_begin ] --START--
INFO: Run Behavior\ReadHtmlCacheBehavior [ RunTime:0.000012s ]
INFO: [ app_begin ] --END-- [ RunTime:0.000020s ]
INFO: [ view_parse ] --START--
INFO: [ template_filter ] --START--
INFO: Run Behavior\ContentReplaceBehavior [ RunTime:0.000010s ]
INFO: [ template_filter ] --END-- [ RunTime:0.000018s ]
INFO: Run Behavior\ParseTemplateBehavior [ RunTime:0.000351s ]
INFO: [ view_parse ] --END-- [ RunTime:0.000360s ]
INFO: [ view_filter ] --START--
INFO: Run Behavior\WriteHtmlCacheBehavior [ RunTime:0.000014s ]
INFO: [ view_filter ] --END-- [ RunTime:0.000018s ]
INFO: [ app_end ] --START--
INFO: Run Behavior\ShowPageTraceBehavior [ RunTime:0.000191s ]
INFO: [ app_end ] --END-- [ RunTime:0.000197s ]

[ 2019-08-14T17:49:24+08:00 ] 127.0.0.1 /Experiment/index.php/Home/Index/showExperiment
INFO: [ app_init ] --START--
INFO: Run Behavior\BuildLiteBehavior [ RunTime:0.000006s ]
INFO: [ app_init ] --END-- [ RunTime:0.000077s ]
INFO: [ app_begin ] --START--
INFO: Run Behavior\ReadHtmlCacheBehavior [ RunTime:0.000054s ]
INFO: [ app_begin ] --END-- [ RunTime:0.000076s ]
SQL: SHOW COLUMNS FROM `experiment` [ RunTime:0.0005s ]
SQL: SELECT * FROM `experiment`  [ RunTime:0.0001s ]
INFO: [ view_parse ] --START--
INFO: [ template_filter ] --START--
INFO: Run Behavior\ContentReplaceBehavior [ RunTime:0.000021s ]
INFO: [ template_filter ] --END-- [ RunTime:0.000035s ]
INFO: Run Behavior\ParseTemplateBehavior [ RunTime:0.002394s ]
INFO: [ view_parse ] --END-- [ RunTime:0.002411s ]
INFO: [ view_filter ] --START--
INFO: Run Behavior\WriteHtmlCacheBehavior [ RunTime:0.000040s ]
INFO: [ view_filter ] --END-- [ RunTime:0.000050s ]
INFO: [ app_end ] --START--
INFO: Run Behavior\ShowPageTraceBehavior [ RunTime:0.000017s ]
INFO: [ app_end ] --END-- [ RunTime:0.000027s ]

[ 2019-08-14T17:49:24+08:00 ] 127.0.0.1 /Experiment/index.php/Home/Index/fdsaf.jpg
INFO: [ app_init ] --START--
INFO: Run Behavior\BuildLiteBehavior [ RunTime:0.000004s ]
INFO: [ app_init ] --END-- [ RunTime:0.000026s ]

[ 2019-08-14T17:49:26+08:00 ] 127.0.0.1 /Experiment/index.php/Home/Docker/joinExperiment/id/2
INFO: [ app_init ] --START--
INFO: Run Behavior\BuildLiteBehavior [ RunTime:0.000004s ]
INFO: [ app_init ] --END-- [ RunTime:0.000022s ]
INFO: [ app_begin ] --START--
INFO: Run Behavior\ReadHtmlCacheBehavior [ RunTime:0.000010s ]
INFO: [ app_begin ] --END-- [ RunTime:0.000015s ]
SQL: SHOW COLUMNS FROM `experiment` [ RunTime:0.0004s ]
SQL: SHOW COLUMNS FROM `student_experiment` [ RunTime:0.0004s ]
SQL: SHOW COLUMNS FROM `docker_container` [ RunTime:0.0004s ]
SQL: SELECT * FROM `student_experiment` WHERE ( Sid='1' and Eid='2' ) LIMIT 1   [ RunTime:0.0003s ]
SQL: SELECT * FROM `experiment` WHERE `Eid` = 2 LIMIT 1   [ RunTime:0.0001s ]
SQL: SELECT * FROM `docker_container` WHERE ( student_id='1' and Image_id='c84426304f6b' ) LIMIT 1   [ RunTime:0.0001s ]
SQL: SELECT * FROM `docker_container` WHERE ( student_id='1' and Image_id='c84426304f6b' ) LIMIT 1   [ RunTime:0.0018s ]

[ 2019-08-14T17:55:28+08:00 ] 127.0.0.1 /Experiment/index.php/Home/Docker/joinExperiment/id/2
INFO: [ app_init ] --START--
INFO: Run Behavior\BuildLiteBehavior [ RunTime:0.000005s ]
INFO: [ app_init ] --END-- [ RunTime:0.000041s ]
INFO: [ app_begin ] --START--
INFO: Run Behavior\ReadHtmlCacheBehavior [ RunTime:0.000042s ]
INFO: [ app_begin ] --END-- [ RunTime:0.000055s ]
SQL: SHOW COLUMNS FROM `experiment` [ RunTime:0.0332s ]
SQL: SHOW COLUMNS FROM `student_experiment` [ RunTime:0.0003s ]
SQL: SHOW COLUMNS FROM `docker_container` [ RunTime:0.0003s ]
SQL: SELECT * FROM `student_experiment` WHERE ( Sid='1' and Eid='2' ) LIMIT 1   [ RunTime:0.0005s ]
SQL: SELECT * FROM `experiment` WHERE `Eid` = 2 LIMIT 1   [ RunTime:0.0018s ]
SQL: SELECT * FROM `docker_container` WHERE ( student_id='1' and Image_id='c84426304f6b' ) LIMIT 1   [ RunTime:0.0002s ]
SQL: SELECT * FROM `docker_container` WHERE ( student_id='1' and Image_id='c84426304f6b' ) LIMIT 1   [ RunTime:0.0004s ]

[ 2019-08-14T17:55:45+08:00 ] 127.0.0.1 /Experiment/index.php/Home/Docker/joinExperiment/id/3
INFO: [ app_init ] --START--
INFO: Run Behavior\BuildLiteBehavior [ RunTime:0.000022s ]
INFO: [ app_init ] --END-- [ RunTime:0.000130s ]
INFO: [ app_begin ] --START--
INFO: Run Behavior\ReadHtmlCacheBehavior [ RunTime:0.000044s ]
INFO: [ app_begin ] --END-- [ RunTime:0.000058s ]
SQL: SHOW COLUMNS FROM `experiment` [ RunTime:0.0009s ]
SQL: SHOW COLUMNS FROM `student_experiment` [ RunTime:0.0026s ]
SQL: SHOW COLUMNS FROM `docker_container` [ RunTime:0.0004s ]
SQL: SELECT * FROM `student_experiment` WHERE ( Sid='1' and Eid='3' ) LIMIT 1   [ RunTime:0.0002s ]
SQL: SELECT * FROM `experiment` WHERE `Eid` = 3 LIMIT 1   [ RunTime:0.0001s ]
SQL: SELECT * FROM `docker_container` WHERE ( student_id='1' and Image_id='92f7bf669a99' ) LIMIT 1   [ RunTime:0.0001s ]
SQL: SELECT * FROM `docker_container` WHERE ( student_id='1' and Image_id='92f7bf669a99' ) LIMIT 1   [ RunTime:0.0002s ]

