[ 2019-06-06T15:58:03+08:00 ] ::1 /index.php
INFO: [ app_init ] --START--
INFO: Run Behavior\BuildLiteBehavior [ RunTime:0.000011s ]
INFO: [ app_init ] --END-- [ RunTime:0.002350s ]
INFO: [ app_begin ] --START--
INFO: Run Behavior\ReadHtmlCacheBehavior [ RunTime:0.002026s ]
INFO: [ app_begin ] --END-- [ RunTime:0.002055s ]
NOTIC: [2] Use of undefined constant user_id - assumed 'user_id' (this will throw an Error in a future version of PHP) E:\wamp\apache\library\Application\Home\Controller\CommonController.class.php 第 11 行.

[ 2019-06-06T15:58:03+08:00 ] ::1 /index.php/Home/Login/login.html
INFO: [ app_init ] --START--
INFO: Run Behavior\BuildLiteBehavior [ RunTime:0.000018s ]
INFO: [ app_init ] --END-- [ RunTime:0.000603s ]
INFO: [ app_begin ] --START--
INFO: Run Behavior\ReadHtmlCacheBehavior [ RunTime:0.000436s ]
INFO: [ app_begin ] --END-- [ RunTime:0.000458s ]
INFO: [ view_parse ] --START--
INFO: [ template_filter ] --START--
INFO: Run Behavior\ContentReplaceBehavior [ RunTime:0.001648s ]
INFO: [ template_filter ] --END-- [ RunTime:0.001696s ]
INFO: Run Behavior\ParseTemplateBehavior [ RunTime:0.040434s ]
INFO: [ view_parse ] --END-- [ RunTime:0.040501s ]
INFO: [ view_filter ] --START--
INFO: Run Behavior\WriteHtmlCacheBehavior [ RunTime:0.001398s ]
INFO: [ view_filter ] --END-- [ RunTime:0.001422s ]
INFO: [ app_end ] --START--
INFO: Run Behavior\ShowPageTraceBehavior [ RunTime:0.001949s ]
INFO: [ app_end ] --END-- [ RunTime:0.001971s ]

[ 2019-06-06T15:58:07+08:00 ] ::1 /index.php/Home/Login/checkLogin
INFO: [ app_init ] --START--
INFO: Run Behavior\BuildLiteBehavior [ RunTime:0.000005s ]
INFO: [ app_init ] --END-- [ RunTime:0.000429s ]
INFO: [ app_begin ] --START--
INFO: Run Behavior\ReadHtmlCacheBehavior [ RunTime:0.000887s ]
INFO: [ app_begin ] --END-- [ RunTime:0.000912s ]
SQL: SHOW COLUMNS FROM `user` [ RunTime:0.1040s ]
SQL: SELECT * FROM `user` WHERE `user_id` = 1 AND `user_pwd` = '1' LIMIT 1   [ RunTime:0.0096s ]
INFO: [ view_parse ] --START--
INFO: [ template_filter ] --START--
INFO: Run Behavior\ContentReplaceBehavior [ RunTime:0.000021s ]
INFO: [ template_filter ] --END-- [ RunTime:0.000045s ]
INFO: Run Behavior\ParseTemplateBehavior [ RunTime:0.021716s ]
INFO: [ view_parse ] --END-- [ RunTime:0.021749s ]
INFO: [ view_filter ] --START--
INFO: Run Behavior\WriteHtmlCacheBehavior [ RunTime:0.000709s ]
INFO: [ view_filter ] --END-- [ RunTime:0.000728s ]
INFO: [ app_end ] --START--
INFO: Run Behavior\ShowPageTraceBehavior [ RunTime:0.000965s ]
INFO: [ app_end ] --END-- [ RunTime:0.000989s ]

[ 2019-06-06T15:58:09+08:00 ] ::1 /index.php/Home/Index/index.html
INFO: [ app_init ] --START--
INFO: Run Behavior\BuildLiteBehavior [ RunTime:0.000005s ]
INFO: [ app_init ] --END-- [ RunTime:0.000316s ]
INFO: [ app_begin ] --START--
INFO: Run Behavior\ReadHtmlCacheBehavior [ RunTime:0.000401s ]
INFO: [ app_begin ] --END-- [ RunTime:0.000418s ]
NOTIC: [2] Use of undefined constant user_id - assumed 'user_id' (this will throw an Error in a future version of PHP) E:\wamp\apache\library\Application\Home\Controller\CommonController.class.php 第 11 行.
INFO: [ view_parse ] --START--
INFO: [ template_filter ] --START--
INFO: Run Behavior\ContentReplaceBehavior [ RunTime:0.000027s ]
INFO: [ template_filter ] --END-- [ RunTime:0.000047s ]
INFO: Run Behavior\ParseTemplateBehavior [ RunTime:0.013956s ]
INFO: [ view_parse ] --END-- [ RunTime:0.013985s ]
INFO: [ view_filter ] --START--
INFO: Run Behavior\WriteHtmlCacheBehavior [ RunTime:0.000259s ]
INFO: [ view_filter ] --END-- [ RunTime:0.000272s ]
INFO: [ app_end ] --START--
INFO: Run Behavior\ShowPageTraceBehavior [ RunTime:0.000445s ]
INFO: [ app_end ] --END-- [ RunTime:0.000457s ]

[ 2019-06-06T15:58:09+08:00 ] ::1 /index.php/Home/Index/home
INFO: [ app_init ] --START--
INFO: Run Behavior\BuildLiteBehavior [ RunTime:0.000013s ]
INFO: [ app_init ] --END-- [ RunTime:0.000668s ]
INFO: [ app_begin ] --START--
INFO: Run Behavior\ReadHtmlCacheBehavior [ RunTime:0.000675s ]
INFO: [ app_begin ] --END-- [ RunTime:0.000724s ]
NOTIC: [2] Use of undefined constant user_id - assumed 'user_id' (this will throw an Error in a future version of PHP) E:\wamp\apache\library\Application\Home\Controller\CommonController.class.php 第 11 行.

[ 2019-06-06T15:58:10+08:00 ] ::1 /index.php/Home/Message/show_message.html
INFO: [ app_init ] --START--
INFO: Run Behavior\BuildLiteBehavior [ RunTime:0.000012s ]
INFO: [ app_init ] --END-- [ RunTime:0.000710s ]
INFO: [ app_begin ] --START--
INFO: Run Behavior\ReadHtmlCacheBehavior [ RunTime:0.001218s ]
INFO: [ app_begin ] --END-- [ RunTime:0.001269s ]
NOTIC: [2] Use of undefined constant user_id - assumed 'user_id' (this will throw an Error in a future version of PHP) E:\wamp\apache\library\Application\Home\Controller\CommonController.class.php 第 11 行.
SQL: SHOW COLUMNS FROM `message` [ RunTime:0.0227s ]
SQL: SELECT DISTINCT  t1.*,t2.user_name FROM `message` INNER JOIN message as t1 ,user as t2   WHERE ( t1.user_id=t2.user_id AND (t1.user_status =1 OR t1.user_status=0) ) ORDER BY add_date desc   [ RunTime:0.0057s ]
SQL: SELECT DISTINCT  t1.*,t2.user_name FROM `message` INNER JOIN message as t1 ,user as t2   WHERE ( t1.user_id=t2.user_id AND t1.user_status>=10  ) ORDER BY add_date desc  LIMIT 1   [ RunTime:0.0008s ]
INFO: [ view_parse ] --START--
INFO: [ template_filter ] --START--
INFO: Run Behavior\ContentReplaceBehavior [ RunTime:0.000065s ]
INFO: [ template_filter ] --END-- [ RunTime:0.000121s ]
INFO: Run Behavior\ParseTemplateBehavior [ RunTime:0.042345s ]
INFO: [ view_parse ] --END-- [ RunTime:0.042401s ]
INFO: [ view_filter ] --START--
INFO: Run Behavior\WriteHtmlCacheBehavior [ RunTime:0.000825s ]
INFO: [ view_filter ] --END-- [ RunTime:0.000850s ]
INFO: [ app_end ] --START--
INFO: Run Behavior\ShowPageTraceBehavior [ RunTime:0.001131s ]
INFO: [ app_end ] --END-- [ RunTime:0.001154s ]

[ 2019-06-06T15:58:10+08:00 ] ::1 /index.php/Home/Message/leave_message.html
INFO: [ app_init ] --START--
INFO: Run Behavior\BuildLiteBehavior [ RunTime:0.000004s ]
INFO: [ app_init ] --END-- [ RunTime:0.000353s ]
INFO: [ app_begin ] --START--
INFO: Run Behavior\ReadHtmlCacheBehavior [ RunTime:0.000435s ]
INFO: [ app_begin ] --END-- [ RunTime:0.000452s ]
NOTIC: [2] Use of undefined constant user_id - assumed 'user_id' (this will throw an Error in a future version of PHP) E:\wamp\apache\library\Application\Home\Controller\CommonController.class.php 第 11 行.
INFO: [ view_parse ] --START--
INFO: [ template_filter ] --START--
INFO: Run Behavior\ContentReplaceBehavior [ RunTime:0.000014s ]
INFO: [ template_filter ] --END-- [ RunTime:0.000033s ]
INFO: Run Behavior\ParseTemplateBehavior [ RunTime:0.015817s ]
INFO: [ view_parse ] --END-- [ RunTime:0.015847s ]
INFO: [ view_filter ] --START--
INFO: Run Behavior\WriteHtmlCacheBehavior [ RunTime:0.000275s ]
INFO: [ view_filter ] --END-- [ RunTime:0.000289s ]
INFO: [ app_end ] --START--
INFO: Run Behavior\ShowPageTraceBehavior [ RunTime:0.000460s ]
INFO: [ app_end ] --END-- [ RunTime:0.000474s ]

[ 2019-06-06T15:58:13+08:00 ] ::1 /index.php/Home/Rank/book_rank.html
INFO: [ app_init ] --START--
INFO: Run Behavior\BuildLiteBehavior [ RunTime:0.000006s ]
INFO: [ app_init ] --END-- [ RunTime:0.000331s ]
INFO: [ app_begin ] --START--
INFO: Run Behavior\ReadHtmlCacheBehavior [ RunTime:0.000491s ]
INFO: [ app_begin ] --END-- [ RunTime:0.000507s ]
NOTIC: [2] Use of undefined constant user_id - assumed 'user_id' (this will throw an Error in a future version of PHP) E:\wamp\apache\library\Application\Home\Controller\CommonController.class.php 第 11 行.
SQL: SHOW COLUMNS FROM `record` [ RunTime:0.0081s ]
SQL: select distinct book_id from record   [ RunTime:0.0048s ]
SQL: select  t1.book_name, t2.book_id,count(t2.book_id) as num from books as t1, record as t2 where t2.book_id =2222 AND t1.id=2222   [ RunTime:0.0026s ]
SQL: select  t1.book_name, t2.book_id,count(t2.book_id) as num from books as t1, record as t2 where t2.book_id =2227 AND t1.id=2227   [ RunTime:0.0003s ]
SQL: select  t1.book_name, t2.book_id,count(t2.book_id) as num from books as t1, record as t2 where t2.book_id =2236 AND t1.id=2236   [ RunTime:0.0003s ]
SQL: select  t1.book_name, t2.book_id,count(t2.book_id) as num from books as t1, record as t2 where t2.book_id =2238 AND t1.id=2238   [ RunTime:0.0003s ]
SQL: select  t1.book_name, t2.book_id,count(t2.book_id) as num from books as t1, record as t2 where t2.book_id =2247 AND t1.id=2247   [ RunTime:0.0003s ]
SQL: select  t1.book_name, t2.book_id,count(t2.book_id) as num from books as t1, record as t2 where t2.book_id =2249 AND t1.id=2249   [ RunTime:0.0003s ]
SQL: select  t1.book_name, t2.book_id,count(t2.book_id) as num from books as t1, record as t2 where t2.book_id =2255 AND t1.id=2255   [ RunTime:0.0008s ]
SQL: select  t1.book_name, t2.book_id,count(t2.book_id) as num from books as t1, record as t2 where t2.book_id =2256 AND t1.id=2256   [ RunTime:0.0003s ]
SQL: select  t1.book_name, t2.book_id,count(t2.book_id) as num from books as t1, record as t2 where t2.book_id =2257 AND t1.id=2257   [ RunTime:0.0003s ]
SQL: select  t1.book_name, t2.book_id,count(t2.book_id) as num from books as t1, record as t2 where t2.book_id =2258 AND t1.id=2258   [ RunTime:0.0003s ]
SQL: select  t1.book_name, t2.book_id,count(t2.book_id) as num from books as t1, record as t2 where t2.book_id =2259 AND t1.id=2259   [ RunTime:0.0003s ]
SQL: select  t1.book_name, t2.book_id,count(t2.book_id) as num from books as t1, record as t2 where t2.book_id =2262 AND t1.id=2262   [ RunTime:0.0003s ]
SQL: select  t1.book_name, t2.book_id,count(t2.book_id) as num from books as t1, record as t2 where t2.book_id =2263 AND t1.id=2263   [ RunTime:0.0003s ]
SQL: select  t1.book_name, t2.book_id,count(t2.book_id) as num from books as t1, record as t2 where t2.book_id =2264 AND t1.id=2264   [ RunTime:0.0003s ]
SQL: select  t1.book_name, t2.book_id,count(t2.book_id) as num from books as t1, record as t2 where t2.book_id =2265 AND t1.id=2265   [ RunTime:0.0003s ]
SQL: select  t1.book_name, t2.book_id,count(t2.book_id) as num from books as t1, record as t2 where t2.book_id =2268 AND t1.id=2268   [ RunTime:0.0003s ]
SQL: select  t1.book_name, t2.book_id,count(t2.book_id) as num from books as t1, record as t2 where t2.book_id =2279 AND t1.id=2279   [ RunTime:0.0003s ]
SQL: select  t1.book_name, t2.book_id,count(t2.book_id) as num from books as t1, record as t2 where t2.book_id =2287 AND t1.id=2287   [ RunTime:0.0003s ]
SQL: select  t1.book_name, t2.book_id,count(t2.book_id) as num from books as t1, record as t2 where t2.book_id =2294 AND t1.id=2294   [ RunTime:0.0009s ]
SQL: select  t1.book_name, t2.book_id,count(t2.book_id) as num from books as t1, record as t2 where t2.book_id =2295 AND t1.id=2295   [ RunTime:0.0003s ]
SQL: select  t1.book_name, t2.book_id,count(t2.book_id) as num from books as t1, record as t2 where t2.book_id =2332 AND t1.id=2332   [ RunTime:0.0003s ]
SQL: select  t1.book_name, t2.book_id,count(t2.book_id) as num from books as t1, record as t2 where t2.book_id =2345 AND t1.id=2345   [ RunTime:0.0002s ]
SQL: select  t1.book_name, t2.book_id,count(t2.book_id) as num from books as t1, record as t2 where t2.book_id =2359 AND t1.id=2359   [ RunTime:0.0002s ]
SQL: select  t1.book_name, t2.book_id,count(t2.book_id) as num from books as t1, record as t2 where t2.book_id =2367 AND t1.id=2367   [ RunTime:0.0002s ]
SQL: select  t1.book_name, t2.book_id,count(t2.book_id) as num from books as t1, record as t2 where t2.book_id =2368 AND t1.id=2368   [ RunTime:0.0003s ]
SQL: select  t1.book_name, t2.book_id,count(t2.book_id) as num from books as t1, record as t2 where t2.book_id =2405 AND t1.id=2405   [ RunTime:0.0003s ]
SQL: select  t1.book_name, t2.book_id,count(t2.book_id) as num from books as t1, record as t2 where t2.book_id =2453 AND t1.id=2453   [ RunTime:0.0002s ]
SQL: select  t1.book_name, t2.book_id,count(t2.book_id) as num from books as t1, record as t2 where t2.book_id =2479 AND t1.id=2479   [ RunTime:0.0002s ]
SQL: select  t1.book_name, t2.book_id,count(t2.book_id) as num from books as t1, record as t2 where t2.book_id =2494 AND t1.id=2494   [ RunTime:0.0002s ]
SQL: select  t1.book_name, t2.book_id,count(t2.book_id) as num from books as t1, record as t2 where t2.book_id =2496 AND t1.id=2496   [ RunTime:0.0002s ]
SQL: select  t1.book_name, t2.book_id,count(t2.book_id) as num from books as t1, record as t2 where t2.book_id =2513 AND t1.id=2513   [ RunTime:0.0002s ]
SQL: select  t1.book_name, t2.book_id,count(t2.book_id) as num from books as t1, record as t2 where t2.book_id =2526 AND t1.id=2526   [ RunTime:0.0002s ]
SQL: select  t1.book_name, t2.book_id,count(t2.book_id) as num from books as t1, record as t2 where t2.book_id =2552 AND t1.id=2552   [ RunTime:0.0003s ]
SQL: select  t1.book_name, t2.book_id,count(t2.book_id) as num from books as t1, record as t2 where t2.book_id =2569 AND t1.id=2569   [ RunTime:0.0002s ]
SQL: select  t1.book_name, t2.book_id,count(t2.book_id) as num from books as t1, record as t2 where t2.book_id =2573 AND t1.id=2573   [ RunTime:0.0002s ]
SQL: select  t1.book_name, t2.book_id,count(t2.book_id) as num from books as t1, record as t2 where t2.book_id =2575 AND t1.id=2575   [ RunTime:0.0002s ]
SQL: select  t1.book_name, t2.book_id,count(t2.book_id) as num from books as t1, record as t2 where t2.book_id =2580 AND t1.id=2580   [ RunTime:0.0003s ]
SQL: select  t1.book_name, t2.book_id,count(t2.book_id) as num from books as t1, record as t2 where t2.book_id =2585 AND t1.id=2585   [ RunTime:0.0002s ]
SQL: select  t1.book_name, t2.book_id,count(t2.book_id) as num from books as t1, record as t2 where t2.book_id =2590 AND t1.id=2590   [ RunTime:0.0002s ]
SQL: select  t1.book_name, t2.book_id,count(t2.book_id) as num from books as t1, record as t2 where t2.book_id =2593 AND t1.id=2593   [ RunTime:0.0002s ]
SQL: select  t1.book_name, t2.book_id,count(t2.book_id) as num from books as t1, record as t2 where t2.book_id =2602 AND t1.id=2602   [ RunTime:0.0002s ]
SQL: select  t1.book_name, t2.book_id,count(t2.book_id) as num from books as t1, record as t2 where t2.book_id =2605 AND t1.id=2605   [ RunTime:0.0007s ]
SQL: select  t1.book_name, t2.book_id,count(t2.book_id) as num from books as t1, record as t2 where t2.book_id =2606 AND t1.id=2606   [ RunTime:0.0002s ]
SQL: select  t1.book_name, t2.book_id,count(t2.book_id) as num from books as t1, record as t2 where t2.book_id =2619 AND t1.id=2619   [ RunTime:0.0003s ]
SQL: select  t1.book_name, t2.book_id,count(t2.book_id) as num from books as t1, record as t2 where t2.book_id =2643 AND t1.id=2643   [ RunTime:0.0003s ]
SQL: select  t1.book_name, t2.book_id,count(t2.book_id) as num from books as t1, record as t2 where t2.book_id =2649 AND t1.id=2649   [ RunTime:0.0002s ]
SQL: select  t1.book_name, t2.book_id,count(t2.book_id) as num from books as t1, record as t2 where t2.book_id =2650 AND t1.id=2650   [ RunTime:0.0003s ]
SQL: select  t1.book_name, t2.book_id,count(t2.book_id) as num from books as t1, record as t2 where t2.book_id =2656 AND t1.id=2656   [ RunTime:0.0003s ]
SQL: select  t1.book_name, t2.book_id,count(t2.book_id) as num from books as t1, record as t2 where t2.book_id =2683 AND t1.id=2683   [ RunTime:0.0004s ]
SQL: select  t1.book_name, t2.book_id,count(t2.book_id) as num from books as t1, record as t2 where t2.book_id =2702 AND t1.id=2702   [ RunTime:0.0003s ]
SQL: select  t1.book_name, t2.book_id,count(t2.book_id) as num from books as t1, record as t2 where t2.book_id =2706 AND t1.id=2706   [ RunTime:0.0003s ]
SQL: select  t1.book_name, t2.book_id,count(t2.book_id) as num from books as t1, record as t2 where t2.book_id =2716 AND t1.id=2716   [ RunTime:0.0007s ]
SQL: select  t1.book_name, t2.book_id,count(t2.book_id) as num from books as t1, record as t2 where t2.book_id =2741 AND t1.id=2741   [ RunTime:0.0002s ]
SQL: select  t1.book_name, t2.book_id,count(t2.book_id) as num from books as t1, record as t2 where t2.book_id =2764 AND t1.id=2764   [ RunTime:0.0002s ]
SQL: select  t1.book_name, t2.book_id,count(t2.book_id) as num from books as t1, record as t2 where t2.book_id =2769 AND t1.id=2769   [ RunTime:0.0004s ]
SQL: select  t1.book_name, t2.book_id,count(t2.book_id) as num from books as t1, record as t2 where t2.book_id =2785 AND t1.id=2785   [ RunTime:0.0004s ]
SQL: select  t1.book_name, t2.book_id,count(t2.book_id) as num from books as t1, record as t2 where t2.book_id =2789 AND t1.id=2789   [ RunTime:0.0002s ]
SQL: select  t1.book_name, t2.book_id,count(t2.book_id) as num from books as t1, record as t2 where t2.book_id =2814 AND t1.id=2814   [ RunTime:0.0002s ]
SQL: select  t1.book_name, t2.book_id,count(t2.book_id) as num from books as t1, record as t2 where t2.book_id =2827 AND t1.id=2827   [ RunTime:0.0002s ]
SQL: select  t1.book_name, t2.book_id,count(t2.book_id) as num from books as t1, record as t2 where t2.book_id =2830 AND t1.id=2830   [ RunTime:0.0002s ]
SQL: select  t1.book_name, t2.book_id,count(t2.book_id) as num from books as t1, record as t2 where t2.book_id =2836 AND t1.id=2836   [ RunTime:0.0002s ]
SQL: select  t1.book_name, t2.book_id,count(t2.book_id) as num from books as t1, record as t2 where t2.book_id =2857 AND t1.id=2857   [ RunTime:0.0002s ]
SQL: select  t1.book_name, t2.book_id,count(t2.book_id) as num from books as t1, record as t2 where t2.book_id =2868 AND t1.id=2868   [ RunTime:0.0002s ]
SQL: select  t1.book_name, t2.book_id,count(t2.book_id) as num from books as t1, record as t2 where t2.book_id =2880 AND t1.id=2880   [ RunTime:0.0002s ]
SQL: select  t1.book_name, t2.book_id,count(t2.book_id) as num from books as t1, record as t2 where t2.book_id =2909 AND t1.id=2909   [ RunTime:0.0002s ]
SQL: select  t1.book_name, t2.book_id,count(t2.book_id) as num from books as t1, record as t2 where t2.book_id =2914 AND t1.id=2914   [ RunTime:0.0002s ]
SQL: select  t1.book_name, t2.book_id,count(t2.book_id) as num from books as t1, record as t2 where t2.book_id =2932 AND t1.id=2932   [ RunTime:0.0002s ]
SQL: select  t1.book_name, t2.book_id,count(t2.book_id) as num from books as t1, record as t2 where t2.book_id =2935 AND t1.id=2935   [ RunTime:0.0002s ]
SQL: select  t1.book_name, t2.book_id,count(t2.book_id) as num from books as t1, record as t2 where t2.book_id =2939 AND t1.id=2939   [ RunTime:0.0002s ]
SQL: select  t1.book_name, t2.book_id,count(t2.book_id) as num from books as t1, record as t2 where t2.book_id =2941 AND t1.id=2941   [ RunTime:0.0002s ]
SQL: select  t1.book_name, t2.book_id,count(t2.book_id) as num from books as t1, record as t2 where t2.book_id =2963 AND t1.id=2963   [ RunTime:0.0002s ]
SQL: select  t1.book_name, t2.book_id,count(t2.book_id) as num from books as t1, record as t2 where t2.book_id =2980 AND t1.id=2980   [ RunTime:0.0002s ]
SQL: select  t1.book_name, t2.book_id,count(t2.book_id) as num from books as t1, record as t2 where t2.book_id =2999 AND t1.id=2999   [ RunTime:0.0002s ]
SQL: select  t1.book_name, t2.book_id,count(t2.book_id) as num from books as t1, record as t2 where t2.book_id =3001 AND t1.id=3001   [ RunTime:0.0002s ]
SQL: select  t1.book_name, t2.book_id,count(t2.book_id) as num from books as t1, record as t2 where t2.book_id =3002 AND t1.id=3002   [ RunTime:0.0003s ]
SQL: select  t1.book_name, t2.book_id,count(t2.book_id) as num from books as t1, record as t2 where t2.book_id =3010 AND t1.id=3010   [ RunTime:0.0002s ]
SQL: select  t1.book_name, t2.book_id,count(t2.book_id) as num from books as t1, record as t2 where t2.book_id =3019 AND t1.id=3019   [ RunTime:0.0002s ]
SQL: select  t1.book_name, t2.book_id,count(t2.book_id) as num from books as t1, record as t2 where t2.book_id =3043 AND t1.id=3043   [ RunTime:0.0002s ]
SQL: select  t1.book_name, t2.book_id,count(t2.book_id) as num from books as t1, record as t2 where t2.book_id =3045 AND t1.id=3045   [ RunTime:0.0002s ]
SQL: select  t1.book_name, t2.book_id,count(t2.book_id) as num from books as t1, record as t2 where t2.book_id =3052 AND t1.id=3052   [ RunTime:0.0002s ]
SQL: select  t1.book_name, t2.book_id,count(t2.book_id) as num from books as t1, record as t2 where t2.book_id =3053 AND t1.id=3053   [ RunTime:0.0002s ]
SQL: select  t1.book_name, t2.book_id,count(t2.book_id) as num from books as t1, record as t2 where t2.book_id =3058 AND t1.id=3058   [ RunTime:0.0002s ]
SQL: select  t1.book_name, t2.book_id,count(t2.book_id) as num from books as t1, record as t2 where t2.book_id =3059 AND t1.id=3059   [ RunTime:0.0002s ]
SQL: select  t1.book_name, t2.book_id,count(t2.book_id) as num from books as t1, record as t2 where t2.book_id =3075 AND t1.id=3075   [ RunTime:0.0006s ]
SQL: select  t1.book_name, t2.book_id,count(t2.book_id) as num from books as t1, record as t2 where t2.book_id =3101 AND t1.id=3101   [ RunTime:0.0003s ]
SQL: select  t1.book_name, t2.book_id,count(t2.book_id) as num from books as t1, record as t2 where t2.book_id =3106 AND t1.id=3106   [ RunTime:0.0002s ]
SQL: select  t1.book_name, t2.book_id,count(t2.book_id) as num from books as t1, record as t2 where t2.book_id =3109 AND t1.id=3109   [ RunTime:0.0002s ]
SQL: select  t1.book_name, t2.book_id,count(t2.book_id) as num from books as t1, record as t2 where t2.book_id =3114 AND t1.id=3114   [ RunTime:0.0002s ]
SQL: select  t1.book_name, t2.book_id,count(t2.book_id) as num from books as t1, record as t2 where t2.book_id =3115 AND t1.id=3115   [ RunTime:0.0002s ]
SQL: select  t1.book_name, t2.book_id,count(t2.book_id) as num from books as t1, record as t2 where t2.book_id =3116 AND t1.id=3116   [ RunTime:0.0003s ]
INFO: [ view_parse ] --START--
INFO: [ template_filter ] --START--
INFO: Run Behavior\ContentReplaceBehavior [ RunTime:0.000018s ]
INFO: [ template_filter ] --END-- [ RunTime:0.000037s ]
INFO: Run Behavior\ParseTemplateBehavior [ RunTime:0.117433s ]
INFO: [ view_parse ] --END-- [ RunTime:0.117456s ]
INFO: [ view_filter ] --START--
INFO: Run Behavior\WriteHtmlCacheBehavior [ RunTime:0.000274s ]
INFO: [ view_filter ] --END-- [ RunTime:0.000286s ]
INFO: [ app_end ] --START--
INFO: Run Behavior\ShowPageTraceBehavior [ RunTime:0.000530s ]
INFO: [ app_end ] --END-- [ RunTime:0.000543s ]

[ 2019-06-06T15:58:15+08:00 ] ::1 /index.php/Home/Rank/press_rank.html
INFO: [ app_init ] --START--
INFO: Run Behavior\BuildLiteBehavior [ RunTime:0.000007s ]
INFO: [ app_init ] --END-- [ RunTime:0.000447s ]
INFO: [ app_begin ] --START--
INFO: Run Behavior\ReadHtmlCacheBehavior [ RunTime:0.000554s ]
INFO: [ app_begin ] --END-- [ RunTime:0.000577s ]
NOTIC: [2] Use of undefined constant user_id - assumed 'user_id' (this will throw an Error in a future version of PHP) E:\wamp\apache\library\Application\Home\Controller\CommonController.class.php 第 11 行.
SQL: SHOW COLUMNS FROM `books` [ RunTime:0.0096s ]
SQL: select distinct press from books [ RunTime:0.0036s ]
SQL: SELECT COUNT(*) AS tp_count FROM `books` WHERE ( press='南海出版公司' ) LIMIT 1   [ RunTime:0.0007s ]
SQL: SELECT COUNT(*) AS tp_count FROM `books` WHERE ( press='人民文学出版社' ) LIMIT 1   [ RunTime:0.0007s ]
SQL: SELECT COUNT(*) AS tp_count FROM `books` WHERE ( press='重庆出版社' ) LIMIT 1   [ RunTime:0.0007s ]
SQL: SELECT COUNT(*) AS tp_count FROM `books` WHERE ( press='上海译文出版社' ) LIMIT 1   [ RunTime:0.0007s ]
SQL: SELECT COUNT(*) AS tp_count FROM `books` WHERE ( press='三联书店' ) LIMIT 1   [ RunTime:0.0007s ]
SQL: SELECT COUNT(*) AS tp_count FROM `books` WHERE ( press='花城出版社' ) LIMIT 1   [ RunTime:0.0007s ]
SQL: SELECT COUNT(*) AS tp_count FROM `books` WHERE ( press='上海书店出版社' ) LIMIT 1   [ RunTime:0.0007s ]
SQL: SELECT COUNT(*) AS tp_count FROM `books` WHERE ( press='北京燕山出版社' ) LIMIT 1   [ RunTime:0.0008s ]
SQL: SELECT COUNT(*) AS tp_count FROM `books` WHERE ( press='海南出版社' ) LIMIT 1   [ RunTime:0.0007s ]
SQL: SELECT COUNT(*) AS tp_count FROM `books` WHERE ( press='生活·读书·新知三联书店' ) LIMIT 1   [ RunTime:0.0007s ]
SQL: SELECT COUNT(*) AS tp_count FROM `books` WHERE ( press='皇冠出版社' ) LIMIT 1   [ RunTime:0.0007s ]
SQL: SELECT COUNT(*) AS tp_count FROM `books` WHERE ( press='中国青年出版社' ) LIMIT 1   [ RunTime:0.0007s ]
SQL: SELECT COUNT(*) AS tp_count FROM `books` WHERE ( press='译林出版社' ) LIMIT 1   [ RunTime:0.0007s ]
SQL: SELECT COUNT(*) AS tp_count FROM `books` WHERE ( press='北京出版集团公司,北京十月文艺出版社' ) LIMIT 1   [ RunTime:0.0006s ]
SQL: SELECT COUNT(*) AS tp_count FROM `books` WHERE ( press='江苏凤凰文艺出版社' ) LIMIT 1   [ RunTime:0.0006s ]
SQL: SELECT COUNT(*) AS tp_count FROM `books` WHERE ( press='京华出版社' ) LIMIT 1   [ RunTime:0.0006s ]
SQL: SELECT COUNT(*) AS tp_count FROM `books` WHERE ( press='中国友谊出版公司' ) LIMIT 1   [ RunTime:0.0006s ]
SQL: SELECT COUNT(*) AS tp_count FROM `books` WHERE ( press='湖北长江出版集团，长江文艺出版社' ) LIMIT 1   [ RunTime:0.0006s ]
SQL: SELECT COUNT(*) AS tp_count FROM `books` WHERE ( press='长江文艺出版社' ) LIMIT 1   [ RunTime:0.0006s ]
SQL: SELECT COUNT(*) AS tp_count FROM `books` WHERE ( press='北京十月文艺出版社' ) LIMIT 1   [ RunTime:0.0006s ]
SQL: SELECT COUNT(*) AS tp_count FROM `books` WHERE ( press='中央编译出版社' ) LIMIT 1   [ RunTime:0.0006s ]
SQL: SELECT COUNT(*) AS tp_count FROM `books` WHERE ( press='上海社会科学院出版社' ) LIMIT 1   [ RunTime:0.0005s ]
SQL: SELECT COUNT(*) AS tp_count FROM `books` WHERE ( press='上海古籍出版社' ) LIMIT 1   [ RunTime:0.0005s ]
SQL: SELECT COUNT(*) AS tp_count FROM `books` WHERE ( press='上海文艺出版社' ) LIMIT 1   [ RunTime:0.0005s ]
SQL: SELECT COUNT(*) AS tp_count FROM `books` WHERE ( press='哈尔滨出版社' ) LIMIT 1   [ RunTime:0.0005s ]
SQL: SELECT COUNT(*) AS tp_count FROM `books` WHERE ( press='中国工人出版社' ) LIMIT 1   [ RunTime:0.0005s ]
SQL: SELECT COUNT(*) AS tp_count FROM `books` WHERE ( press='春风文艺出版社' ) LIMIT 1   [ RunTime:0.0005s ]
SQL: SELECT COUNT(*) AS tp_count FROM `books` WHERE ( press='四川科学技术出版社' ) LIMIT 1   [ RunTime:0.0005s ]
SQL: SELECT COUNT(*) AS tp_count FROM `books` WHERE ( press='浙江人民美术出版社' ) LIMIT 1   [ RunTime:0.0005s ]
SQL: SELECT COUNT(*) AS tp_count FROM `books` WHERE ( press='河北教育出版社' ) LIMIT 1   [ RunTime:0.0005s ]
SQL: SELECT COUNT(*) AS tp_count FROM `books` WHERE ( press='天津人民出版社' ) LIMIT 1   [ RunTime:0.0005s ]
SQL: SELECT COUNT(*) AS tp_count FROM `books` WHERE ( press='广州出版社花城出版社' ) LIMIT 1   [ RunTime:0.0005s ]
SQL: SELECT COUNT(*) AS tp_count FROM `books` WHERE ( press='浙江文艺出版社' ) LIMIT 1   [ RunTime:0.0007s ]
SQL: SELECT COUNT(*) AS tp_count FROM `books` WHERE ( press='商务印书馆' ) LIMIT 1   [ RunTime:0.0007s ]
SQL: SELECT COUNT(*) AS tp_count FROM `books` WHERE ( press='百花文艺出版社' ) LIMIT 1   [ RunTime:0.0005s ]
SQL: SELECT COUNT(*) AS tp_count FROM `books` WHERE ( press='广西师范大学出版社' ) LIMIT 1   [ RunTime:0.0005s ]
SQL: SELECT COUNT(*) AS tp_count FROM `books` WHERE ( press='湖南科学技术出版社' ) LIMIT 1   [ RunTime:0.0005s ]
SQL: SELECT COUNT(*) AS tp_count FROM `books` WHERE ( press='光明日报出版社' ) LIMIT 1   [ RunTime:0.0005s ]
SQL: SELECT COUNT(*) AS tp_count FROM `books` WHERE ( press='江苏文艺出版社' ) LIMIT 1   [ RunTime:0.0005s ]
SQL: SELECT COUNT(*) AS tp_count FROM `books` WHERE ( press='广西美术出版社' ) LIMIT 1   [ RunTime:0.0006s ]
SQL: SELECT COUNT(*) AS tp_count FROM `books` WHERE ( press='人民出版社' ) LIMIT 1   [ RunTime:0.0006s ]
SQL: SELECT COUNT(*) AS tp_count FROM `books` WHERE ( press='中国发展出版社' ) LIMIT 1   [ RunTime:0.0005s ]
SQL: SELECT COUNT(*) AS tp_count FROM `books` WHERE ( press='作家出版社' ) LIMIT 1   [ RunTime:0.0005s ]
SQL: SELECT COUNT(*) AS tp_count FROM `books` WHERE ( press='上海人民出版社' ) LIMIT 1   [ RunTime:0.0006s ]
SQL: SELECT COUNT(*) AS tp_count FROM `books` WHERE ( press='人民邮电出版社' ) LIMIT 1   [ RunTime:0.0005s ]
SQL: SELECT COUNT(*) AS tp_count FROM `books` WHERE ( press='陕西师范大学出版社' ) LIMIT 1   [ RunTime:0.0005s ]
SQL: SELECT COUNT(*) AS tp_count FROM `books` WHERE ( press='新星出版社' ) LIMIT 1   [ RunTime:0.0005s ]
SQL: SELECT COUNT(*) AS tp_count FROM `books` WHERE ( press='机械工业出版社' ) LIMIT 1   [ RunTime:0.0006s ]
SQL: SELECT COUNT(*) AS tp_count FROM `books` WHERE ( press='华夏出版社' ) LIMIT 1   [ RunTime:0.0005s ]
SQL: SELECT COUNT(*) AS tp_count FROM `books` WHERE ( press='北方文艺出版社' ) LIMIT 1   [ RunTime:0.0005s ]
SQL: SELECT COUNT(*) AS tp_count FROM `books` WHERE ( press='龍馬文化' ) LIMIT 1   [ RunTime:0.0005s ]
SQL: SELECT COUNT(*) AS tp_count FROM `books` WHERE ( press='江西人民出版社' ) LIMIT 1   [ RunTime:0.0005s ]
SQL: SELECT COUNT(*) AS tp_count FROM `books` WHERE ( press='重庆' ) LIMIT 1   [ RunTime:0.0006s ]
SQL: SELECT COUNT(*) AS tp_count FROM `books` WHERE ( press='民主与建设出版社' ) LIMIT 1   [ RunTime:0.0013s ]
SQL: SELECT COUNT(*) AS tp_count FROM `books` WHERE ( press='科学出版社' ) LIMIT 1   [ RunTime:0.0006s ]
SQL: SELECT COUNT(*) AS tp_count FROM `books` WHERE ( press='東立' ) LIMIT 1   [ RunTime:0.0005s ]
SQL: SELECT COUNT(*) AS tp_count FROM `books` WHERE ( press='陕西人民出版社' ) LIMIT 1   [ RunTime:0.0006s ]
SQL: SELECT COUNT(*) AS tp_count FROM `books` WHERE ( press='后浪丨四川人民出版社' ) LIMIT 1   [ RunTime:0.0005s ]
SQL: SELECT COUNT(*) AS tp_count FROM `books` WHERE ( press='文治图书·四川文艺出版社' ) LIMIT 1   [ RunTime:0.0006s ]
SQL: SELECT COUNT(*) AS tp_count FROM `books` WHERE ( press='中信出版社' ) LIMIT 1   [ RunTime:0.0008s ]
SQL: SELECT COUNT(*) AS tp_count FROM `books` WHERE ( press='百花洲文艺出版社' ) LIMIT 1   [ RunTime:0.0006s ]
SQL: SELECT COUNT(*) AS tp_count FROM `books` WHERE ( press='上海三联书店' ) LIMIT 1   [ RunTime:0.0005s ]
SQL: SELECT COUNT(*) AS tp_count FROM `books` WHERE ( press='世界图书出版公司' ) LIMIT 1   [ RunTime:0.0005s ]
SQL: SELECT COUNT(*) AS tp_count FROM `books` WHERE ( press='新世界出版社' ) LIMIT 1   [ RunTime:0.0006s ]
SQL: SELECT COUNT(*) AS tp_count FROM `books` WHERE ( press='国际文化出版公司' ) LIMIT 1   [ RunTime:0.0005s ]
SQL: SELECT COUNT(*) AS tp_count FROM `books` WHERE ( press='中华书局' ) LIMIT 1   [ RunTime:0.0005s ]
SQL: SELECT COUNT(*) AS tp_count FROM `books` WHERE ( press='北京大学出版社' ) LIMIT 1   [ RunTime:0.0005s ]
SQL: SELECT COUNT(*) AS tp_count FROM `books` WHERE ( press='中国社会科学出版社' ) LIMIT 1   [ RunTime:0.0005s ]
SQL: SELECT COUNT(*) AS tp_count FROM `books` WHERE ( press='中国人民大学出版社' ) LIMIT 1   [ RunTime:0.0005s ]
SQL: SELECT COUNT(*) AS tp_count FROM `books` WHERE ( press='北京出版社' ) LIMIT 1   [ RunTime:0.0005s ]
SQL: SELECT COUNT(*) AS tp_count FROM `books` WHERE ( press='漓江出版社' ) LIMIT 1   [ RunTime:0.0005s ]
SQL: SELECT COUNT(*) AS tp_count FROM `books` WHERE ( press='武汉出版社' ) LIMIT 1   [ RunTime:0.0005s ]
SQL: SELECT COUNT(*) AS tp_count FROM `books` WHERE ( press='商務印書館' ) LIMIT 1   [ RunTime:0.0007s ]
SQL: SELECT COUNT(*) AS tp_count FROM `books` WHERE ( press='文化艺术出版社' ) LIMIT 1   [ RunTime:0.0005s ]
SQL: SELECT COUNT(*) AS tp_count FROM `books` WHERE ( press='广州出版社' ) LIMIT 1   [ RunTime:0.0005s ]
SQL: SELECT COUNT(*) AS tp_count FROM `books` WHERE ( press='时代文艺出版社' ) LIMIT 1   [ RunTime:0.0008s ]
SQL: SELECT COUNT(*) AS tp_count FROM `books` WHERE ( press='同心出版社' ) LIMIT 1   [ RunTime:0.0005s ]
SQL: SELECT COUNT(*) AS tp_count FROM `books` WHERE ( press='三秦出版社' ) LIMIT 1   [ RunTime:0.0005s ]
SQL: SELECT COUNT(*) AS tp_count FROM `books` WHERE ( press='江苏少年儿童出版社' ) LIMIT 1   [ RunTime:0.0005s ]
SQL: SELECT COUNT(*) AS tp_count FROM `books` WHERE ( press='理想国|天地出版社' ) LIMIT 1   [ RunTime:0.0005s ]
SQL: SELECT COUNT(*) AS tp_count FROM `books` WHERE ( press='云南人民出版社' ) LIMIT 1   [ RunTime:0.0005s ]
SQL: SELECT COUNT(*) AS tp_count FROM `books` WHERE ( press='湖南文艺出版社' ) LIMIT 1   [ RunTime:0.0005s ]
SQL: SELECT COUNT(*) AS tp_count FROM `books` WHERE ( press='贵州人民出版社' ) LIMIT 1   [ RunTime:0.0006s ]
SQL: SELECT COUNT(*) AS tp_count FROM `books` WHERE ( press='东方出版中心' ) LIMIT 1   [ RunTime:0.0005s ]
SQL: SELECT COUNT(*) AS tp_count FROM `books` WHERE ( press='北京联合出版公司·后浪出版公司' ) LIMIT 1   [ RunTime:0.0005s ]
SQL: SELECT COUNT(*) AS tp_count FROM `books` WHERE ( press='华东师范大学出版社' ) LIMIT 1   [ RunTime:0.0008s ]
SQL: SELECT COUNT(*) AS tp_count FROM `books` WHERE ( press='珠海出版社' ) LIMIT 1   [ RunTime:0.0008s ]
SQL: SELECT COUNT(*) AS tp_count FROM `books` WHERE ( press='青海人民出版社' ) LIMIT 1   [ RunTime:0.0005s ]
SQL: SELECT COUNT(*) AS tp_count FROM `books` WHERE ( press='群言出版社' ) LIMIT 1   [ RunTime:0.0005s ]
SQL: SELECT COUNT(*) AS tp_count FROM `books` WHERE ( press='华文出版社' ) LIMIT 1   [ RunTime:0.0005s ]
SQL: SELECT COUNT(*) AS tp_count FROM `books` WHERE ( press='中国电影出版社' ) LIMIT 1   [ RunTime:0.0005s ]
SQL: SELECT COUNT(*) AS tp_count FROM `books` WHERE ( press='天地出版社' ) LIMIT 1   [ RunTime:0.0005s ]
SQL: SELECT COUNT(*) AS tp_count FROM `books` WHERE ( press='江苏译林' ) LIMIT 1   [ RunTime:0.0005s ]
SQL: SELECT COUNT(*) AS tp_count FROM `books` WHERE ( press='二十一世纪出版集团' ) LIMIT 1   [ RunTime:0.0005s ]
SQL: SELECT COUNT(*) AS tp_count FROM `books` WHERE ( press='上海人民美术出版社' ) LIMIT 1   [ RunTime:0.0006s ]
SQL: SELECT COUNT(*) AS tp_count FROM `books` WHERE ( press='沈阳出版社百花洲文艺出版社' ) LIMIT 1   [ RunTime:0.0005s ]
SQL: SELECT COUNT(*) AS tp_count FROM `books` WHERE ( press='齐鲁出版社' ) LIMIT 1   [ RunTime:0.0006s ]
SQL: SELECT COUNT(*) AS tp_count FROM `books` WHERE ( press='岳麓书社' ) LIMIT 1   [ RunTime:0.0005s ]
SQL: SELECT COUNT(*) AS tp_count FROM `books` WHERE ( press='猫头鹰文化·浙江文艺出版社' ) LIMIT 1   [ RunTime:0.0005s ]
SQL: SELECT COUNT(*) AS tp_count FROM `books` WHERE ( press='天海文化' ) LIMIT 1   [ RunTime:0.0006s ]
SQL: SELECT COUNT(*) AS tp_count FROM `books` WHERE ( press='解放军文艺出版社' ) LIMIT 1   [ RunTime:0.0005s ]
SQL: SELECT COUNT(*) AS tp_count FROM `books` WHERE ( press='新加坡南洋出版社' ) LIMIT 1   [ RunTime:0.0009s ]
SQL: SELECT COUNT(*) AS tp_count FROM `books` WHERE ( press='浙江大学出版社' ) LIMIT 1   [ RunTime:0.0008s ]
SQL: SELECT COUNT(*) AS tp_count FROM `books` WHERE ( press='九州出版社' ) LIMIT 1   [ RunTime:0.0006s ]
SQL: SELECT COUNT(*) AS tp_count FROM `books` WHERE ( press='浙江人民出版社' ) LIMIT 1   [ RunTime:0.0006s ]
SQL: SELECT COUNT(*) AS tp_count FROM `books` WHERE ( press='万卷出版公司' ) LIMIT 1   [ RunTime:0.0005s ]
SQL: SELECT COUNT(*) AS tp_count FROM `books` WHERE ( press='长征' ) LIMIT 1   [ RunTime:0.0005s ]
SQL: SELECT COUNT(*) AS tp_count FROM `books` WHERE ( press='万卷出版公司出版' ) LIMIT 1   [ RunTime:0.0005s ]
SQL: SELECT COUNT(*) AS tp_count FROM `books` WHERE ( press='复旦大学出版社' ) LIMIT 1   [ RunTime:0.0005s ]
SQL: SELECT COUNT(*) AS tp_count FROM `books` WHERE ( press='线装书局' ) LIMIT 1   [ RunTime:0.0005s ]
SQL: SELECT COUNT(*) AS tp_count FROM `books` WHERE ( press='中医古籍出版社' ) LIMIT 1   [ RunTime:0.0006s ]
SQL: SELECT COUNT(*) AS tp_count FROM `books` WHERE ( press='北京联合出版公司' ) LIMIT 1   [ RunTime:0.0007s ]
SQL: SELECT COUNT(*) AS tp_count FROM `books` WHERE ( press='山西古籍出版社' ) LIMIT 1   [ RunTime:0.0005s ]
SQL: SELECT COUNT(*) AS tp_count FROM `books` WHERE ( press='大众文艺出版社' ) LIMIT 1   [ RunTime:0.0006s ]
SQL: SELECT COUNT(*) AS tp_count FROM `books` WHERE ( press='河南文艺出版社' ) LIMIT 1   [ RunTime:0.0005s ]
SQL: SELECT COUNT(*) AS tp_count FROM `books` WHERE ( press='读客图书·江苏凤凰文艺出版社' ) LIMIT 1   [ RunTime:0.0007s ]
SQL: SELECT COUNT(*) AS tp_count FROM `books` WHERE ( press='长春出版社' ) LIMIT 1   [ RunTime:0.0004s ]
SQL: SELECT COUNT(*) AS tp_count FROM `books` WHERE ( press='朝花少年儿童出版社' ) LIMIT 1   [ RunTime:0.0005s ]
SQL: SELECT COUNT(*) AS tp_count FROM `books` WHERE ( press='中国对外翻译出版社' ) LIMIT 1   [ RunTime:0.0004s ]
SQL: SELECT COUNT(*) AS tp_count FROM `books` WHERE ( press='二十一世纪出版社' ) LIMIT 1   [ RunTime:0.0005s ]
SQL: SELECT COUNT(*) AS tp_count FROM `books` WHERE ( press='后浪丨湖南美术出版社' ) LIMIT 1   [ RunTime:0.0004s ]
SQL: SELECT COUNT(*) AS tp_count FROM `books` WHERE ( press='蓝天' ) LIMIT 1   [ RunTime:0.0005s ]
SQL: SELECT COUNT(*) AS tp_count FROM `books` WHERE ( press='四川文艺出版社' ) LIMIT 1   [ RunTime:0.0004s ]
SQL: SELECT COUNT(*) AS tp_count FROM `books` WHERE ( press='教育科学出版社' ) LIMIT 1   [ RunTime:0.0005s ]
SQL: SELECT COUNT(*) AS tp_count FROM `books` WHERE ( press='世界知识出版社' ) LIMIT 1   [ RunTime:0.0005s ]
SQL: SELECT COUNT(*) AS tp_count FROM `books` WHERE ( press='上海世界图书出版公司' ) LIMIT 1   [ RunTime:0.0005s ]
SQL: SELECT COUNT(*) AS tp_count FROM `books` WHERE ( press='吉林文史出版社' ) LIMIT 1   [ RunTime:0.0005s ]
SQL: SELECT COUNT(*) AS tp_count FROM `books` WHERE ( press='清华大学出版社' ) LIMIT 1   [ RunTime:0.0005s ]
SQL: SELECT COUNT(*) AS tp_count FROM `books` WHERE ( press='后浪丨北京联合出版公司' ) LIMIT 1   [ RunTime:0.0005s ]
SQL: SELECT COUNT(*) AS tp_count FROM `books` WHERE ( press='团结出版社' ) LIMIT 1   [ RunTime:0.0005s ]
SQL: SELECT COUNT(*) AS tp_count FROM `books` WHERE ( press='中国国际广播出版社' ) LIMIT 1   [ RunTime:0.0005s ]
SQL: SELECT COUNT(*) AS tp_count FROM `books` WHERE ( press='齐鲁书社' ) LIMIT 1   [ RunTime:0.0004s ]
SQL: SELECT COUNT(*) AS tp_count FROM `books` WHERE ( press='中国少年儿童出版社' ) LIMIT 1   [ RunTime:0.0005s ]
SQL: SELECT COUNT(*) AS tp_count FROM `books` WHERE ( press='陕西师范大学出版总社' ) LIMIT 1   [ RunTime:0.0006s ]
SQL: SELECT COUNT(*) AS tp_count FROM `books` WHERE ( press='中州古籍出版社' ) LIMIT 1   [ RunTime:0.0005s ]
SQL: SELECT COUNT(*) AS tp_count FROM `books` WHERE ( press='江苏人民出版社' ) LIMIT 1   [ RunTime:0.0005s ]
SQL: SELECT COUNT(*) AS tp_count FROM `books` WHERE ( press='中国轻工业出版社' ) LIMIT 1   [ RunTime:0.0005s ]
SQL: SELECT COUNT(*) AS tp_count FROM `books` WHERE ( press='法律出版社' ) LIMIT 1   [ RunTime:0.0006s ]
SQL: SELECT COUNT(*) AS tp_count FROM `books` WHERE ( press='外语教学与研究出版社' ) LIMIT 1   [ RunTime:0.0005s ]
SQL: SELECT COUNT(*) AS tp_count FROM `books` WHERE ( press='辽宁教育出版社' ) LIMIT 1   [ RunTime:0.0005s ]
SQL: SELECT COUNT(*) AS tp_count FROM `books` WHERE ( press='安徽文艺出版社' ) LIMIT 1   [ RunTime:0.0005s ]
SQL: SELECT COUNT(*) AS tp_count FROM `books` WHERE ( press='中国宇航' ) LIMIT 1   [ RunTime:0.0006s ]
SQL: SELECT COUNT(*) AS tp_count FROM `books` WHERE ( press='浙江教育出版社' ) LIMIT 1   [ RunTime:0.0006s ]
SQL: SELECT COUNT(*) AS tp_count FROM `books` WHERE ( press='开明出版社' ) LIMIT 1   [ RunTime:0.0005s ]
SQL: SELECT COUNT(*) AS tp_count FROM `books` WHERE ( press='文汇出版社' ) LIMIT 1   [ RunTime:0.0007s ]
SQL: SELECT COUNT(*) AS tp_count FROM `books` WHERE ( press='安徽人民出版社' ) LIMIT 1   [ RunTime:0.0006s ]
SQL: SELECT COUNT(*) AS tp_count FROM `books` WHERE ( press='北京理工大学出版社' ) LIMIT 1   [ RunTime:0.0005s ]
SQL: SELECT COUNT(*) AS tp_count FROM `books` WHERE ( press='宗教文化出版社' ) LIMIT 1   [ RunTime:0.0005s ]
SQL: SELECT COUNT(*) AS tp_count FROM `books` WHERE ( press='吉林出版集团' ) LIMIT 1   [ RunTime:0.0005s ]
SQL: SELECT COUNT(*) AS tp_count FROM `books` WHERE ( press='中国统计出版社' ) LIMIT 1   [ RunTime:0.0005s ]
SQL: SELECT COUNT(*) AS tp_count FROM `books` WHERE ( press='上海科学普及出版社' ) LIMIT 1   [ RunTime:0.0005s ]
SQL: SELECT COUNT(*) AS tp_count FROM `books` WHERE ( press='中信出版集团' ) LIMIT 1   [ RunTime:0.0006s ]
SQL: SELECT COUNT(*) AS tp_count FROM `books` WHERE ( press='日本小学馆' ) LIMIT 1   [ RunTime:0.0005s ]
SQL: SELECT COUNT(*) AS tp_count FROM `books` WHERE ( press='青岛出版社' ) LIMIT 1   [ RunTime:0.0005s ]
SQL: SELECT COUNT(*) AS tp_count FROM `books` WHERE ( press='安东尼' ) LIMIT 1   [ RunTime:0.0008s ]
SQL: SELECT COUNT(*) AS tp_count FROM `books` WHERE ( press='中国大百科全书出版社' ) LIMIT 1   [ RunTime:0.0006s ]
SQL: SELECT COUNT(*) AS tp_count FROM `books` WHERE ( press='北方联合出版传媒集团万卷出版公司' ) LIMIT 1   [ RunTime:0.0005s ]
SQL: SELECT COUNT(*) AS tp_count FROM `books` WHERE ( press='朝华出版社' ) LIMIT 1   [ RunTime:0.0005s ]
SQL: SELECT COUNT(*) AS tp_count FROM `books` WHERE ( press='长江文艺' ) LIMIT 1   [ RunTime:0.0005s ]
SQL: SELECT COUNT(*) AS tp_count FROM `books` WHERE ( press='辽海出版社' ) LIMIT 1   [ RunTime:0.0005s ]
SQL: SELECT COUNT(*) AS tp_count FROM `books` WHERE ( press='接力出版社' ) LIMIT 1   [ RunTime:0.0005s ]
SQL: SELECT COUNT(*) AS tp_count FROM `books` WHERE ( press='电子工业出版社' ) LIMIT 1   [ RunTime:0.0005s ]
SQL: SELECT COUNT(*) AS tp_count FROM `books` WHERE ( press='少年儿童出版社' ) LIMIT 1   [ RunTime:0.0005s ]
SQL: SELECT COUNT(*) AS tp_count FROM `books` WHERE ( press='中国文联出版社' ) LIMIT 1   [ RunTime:0.0005s ]
SQL: SELECT COUNT(*) AS tp_count FROM `books` WHERE ( press='香港中文大學出版社' ) LIMIT 1   [ RunTime:0.0005s ]
SQL: SELECT COUNT(*) AS tp_count FROM `books` WHERE ( press='中信出版股份有限公司' ) LIMIT 1   [ RunTime:0.0005s ]
SQL: SELECT COUNT(*) AS tp_count FROM `books` WHERE ( press='中国文联出版公司' ) LIMIT 1   [ RunTime:0.0005s ]
SQL: SELECT COUNT(*) AS tp_count FROM `books` WHERE ( press='上海画报出版社' ) LIMIT 1   [ RunTime:0.0006s ]
SQL: SELECT COUNT(*) AS tp_count FROM `books` WHERE ( press='南京大学出版社' ) LIMIT 1   [ RunTime:0.0005s ]
SQL: SELECT COUNT(*) AS tp_count FROM `books` WHERE ( press='中国电力出版社' ) LIMIT 1   [ RunTime:0.0014s ]
SQL: SELECT COUNT(*) AS tp_count FROM `books` WHERE ( press='四川人民出版社天地出版社' ) LIMIT 1   [ RunTime:0.0006s ]
SQL: SELECT COUNT(*) AS tp_count FROM `books` WHERE ( press='后浪丨江西人民出版社' ) LIMIT 1   [ RunTime:0.0005s ]
SQL: SELECT COUNT(*) AS tp_count FROM `books` WHERE ( press='連環畫出版社' ) LIMIT 1   [ RunTime:0.0005s ]
SQL: SELECT COUNT(*) AS tp_count FROM `books` WHERE ( press='吉林美术出版社' ) LIMIT 1   [ RunTime:0.0005s ]
SQL: SELECT COUNT(*) AS tp_count FROM `books` WHERE ( press='南海出版社' ) LIMIT 1   [ RunTime:0.0005s ]
SQL: SELECT COUNT(*) AS tp_count FROM `books` WHERE ( press='学苑出版社' ) LIMIT 1   [ RunTime:0.0005s ]
SQL: SELECT COUNT(*) AS tp_count FROM `books` WHERE ( press='安徽教育出版社' ) LIMIT 1   [ RunTime:0.0005s ]
SQL: SELECT COUNT(*) AS tp_count FROM `books` WHERE ( press='海南摄影美术出版社' ) LIMIT 1   [ RunTime:0.0004s ]
SQL: SELECT COUNT(*) AS tp_count FROM `books` WHERE ( press='河南大学出版社' ) LIMIT 1   [ RunTime:0.0005s ]
SQL: SELECT COUNT(*) AS tp_count FROM `books` WHERE ( press='第1版(2007年9月1日)' ) LIMIT 1   [ RunTime:0.0004s ]
SQL: SELECT COUNT(*) AS tp_count FROM `books` WHERE ( press='花山文艺出版社' ) LIMIT 1   [ RunTime:0.0005s ]
SQL: SELECT COUNT(*) AS tp_count FROM `books` WHERE ( press='吉林出版集团有限责任公司' ) LIMIT 1   [ RunTime:0.0004s ]
SQL: SELECT COUNT(*) AS tp_count FROM `books` WHERE ( press='读客图书·文汇出版社' ) LIMIT 1   [ RunTime:0.0005s ]
SQL: SELECT COUNT(*) AS tp_count FROM `books` WHERE ( press='北岳文艺出版社' ) LIMIT 1   [ RunTime:0.0004s ]
SQL: SELECT COUNT(*) AS tp_count FROM `books` WHERE ( press='上海文化出版社' ) LIMIT 1   [ RunTime:0.0005s ]
SQL: SELECT COUNT(*) AS tp_count FROM `books` WHERE ( press='纺织工业' ) LIMIT 1   [ RunTime:0.0005s ]
SQL: SELECT COUNT(*) AS tp_count FROM `books` WHERE ( press='中国科学技术大学出版社' ) LIMIT 1   [ RunTime:0.0005s ]
SQL: SELECT COUNT(*) AS tp_count FROM `books` WHERE ( press='格致出版社' ) LIMIT 1   [ RunTime:0.0005s ]
SQL: SELECT COUNT(*) AS tp_count FROM `books` WHERE ( press='群众出版社' ) LIMIT 1   [ RunTime:0.0005s ]
SQL: SELECT COUNT(*) AS tp_count FROM `books` WHERE ( press='的说法' ) LIMIT 1   [ RunTime:0.0005s ]
SQL: SELECT COUNT(*) AS tp_count FROM `books` WHERE ( press='撒打发' ) LIMIT 1   [ RunTime:0.0008s ]
SQL: SELECT COUNT(*) AS tp_count FROM `books` WHERE ( press='' ) LIMIT 1   [ RunTime:0.0005s ]
SQL: SELECT COUNT(*) AS tp_count FROM `books` WHERE ( press='' ) LIMIT 1   [ RunTime:0.0005s ]
SQL: SELECT COUNT(*) AS tp_count FROM `books` WHERE ( press='321' ) LIMIT 1   [ RunTime:0.0005s ]
INFO: [ view_parse ] --START--
INFO: [ template_filter ] --START--
INFO: Run Behavior\ContentReplaceBehavior [ RunTime:0.000018s ]
INFO: [ template_filter ] --END-- [ RunTime:0.000034s ]
INFO: Run Behavior\ParseTemplateBehavior [ RunTime:0.005400s ]
INFO: [ view_parse ] --END-- [ RunTime:0.005422s ]
INFO: [ view_filter ] --START--
INFO: Run Behavior\WriteHtmlCacheBehavior [ RunTime:0.000260s ]
INFO: [ view_filter ] --END-- [ RunTime:0.000273s ]
INFO: [ app_end ] --START--
INFO: Run Behavior\ShowPageTraceBehavior [ RunTime:0.000491s ]
INFO: [ app_end ] --END-- [ RunTime:0.000505s ]

[ 2019-06-06T15:58:17+08:00 ] ::1 /index.php/Home/read/story.html
INFO: [ app_init ] --START--
INFO: Run Behavior\BuildLiteBehavior [ RunTime:0.000006s ]
INFO: [ app_init ] --END-- [ RunTime:0.000337s ]
INFO: [ app_begin ] --START--
INFO: Run Behavior\ReadHtmlCacheBehavior [ RunTime:0.000416s ]
INFO: [ app_begin ] --END-- [ RunTime:0.000432s ]
NOTIC: [2] Use of undefined constant user_id - assumed 'user_id' (this will throw an Error in a future version of PHP) E:\wamp\apache\library\Application\Home\Controller\CommonController.class.php 第 11 行.
SQL: SHOW COLUMNS FROM `story` [ RunTime:0.0111s ]
SQL: SELECT `story_name`,`story_id` FROM `story`  [ RunTime:0.0007s ]
INFO: [ view_parse ] --START--
INFO: [ template_filter ] --START--
INFO: Run Behavior\ContentReplaceBehavior [ RunTime:0.000021s ]
INFO: [ template_filter ] --END-- [ RunTime:0.000048s ]
INFO: Run Behavior\ParseTemplateBehavior [ RunTime:0.006371s ]
INFO: [ view_parse ] --END-- [ RunTime:0.006403s ]
INFO: [ view_filter ] --START--
INFO: Run Behavior\WriteHtmlCacheBehavior [ RunTime:0.000310s ]
INFO: [ view_filter ] --END-- [ RunTime:0.000325s ]
INFO: [ app_end ] --START--
INFO: Run Behavior\ShowPageTraceBehavior [ RunTime:0.000507s ]
INFO: [ app_end ] --END-- [ RunTime:0.000523s ]

[ 2019-06-06T15:58:18+08:00 ] ::1 /index.php/Home/Message/show_message.html
INFO: [ app_init ] --START--
INFO: Run Behavior\BuildLiteBehavior [ RunTime:0.000005s ]
INFO: [ app_init ] --END-- [ RunTime:0.000328s ]
INFO: [ app_begin ] --START--
INFO: Run Behavior\ReadHtmlCacheBehavior [ RunTime:0.000426s ]
INFO: [ app_begin ] --END-- [ RunTime:0.000442s ]
NOTIC: [2] Use of undefined constant user_id - assumed 'user_id' (this will throw an Error in a future version of PHP) E:\wamp\apache\library\Application\Home\Controller\CommonController.class.php 第 11 行.
SQL: SHOW COLUMNS FROM `message` [ RunTime:0.0073s ]
SQL: SELECT DISTINCT  t1.*,t2.user_name FROM `message` INNER JOIN message as t1 ,user as t2   WHERE ( t1.user_id=t2.user_id AND (t1.user_status =1 OR t1.user_status=0) ) ORDER BY add_date desc   [ RunTime:0.0007s ]
SQL: SELECT DISTINCT  t1.*,t2.user_name FROM `message` INNER JOIN message as t1 ,user as t2   WHERE ( t1.user_id=t2.user_id AND t1.user_status>=10  ) ORDER BY add_date desc  LIMIT 1   [ RunTime:0.0005s ]
INFO: [ view_parse ] --START--
INFO: [ template_filter ] --START--
INFO: Run Behavior\ContentReplaceBehavior [ RunTime:0.000022s ]
INFO: [ template_filter ] --END-- [ RunTime:0.000072s ]
INFO: Run Behavior\ParseTemplateBehavior [ RunTime:0.005771s ]
INFO: [ view_parse ] --END-- [ RunTime:0.005793s ]
INFO: [ view_filter ] --START--
INFO: Run Behavior\WriteHtmlCacheBehavior [ RunTime:0.000306s ]
INFO: [ view_filter ] --END-- [ RunTime:0.000322s ]
INFO: [ app_end ] --START--
INFO: Run Behavior\ShowPageTraceBehavior [ RunTime:0.000527s ]
INFO: [ app_end ] --END-- [ RunTime:0.000542s ]

[ 2019-06-06T15:58:28+08:00 ] ::1 /index.php/Home/read/story.html
INFO: [ app_init ] --START--
INFO: Run Behavior\BuildLiteBehavior [ RunTime:0.000005s ]
INFO: [ app_init ] --END-- [ RunTime:0.000318s ]
INFO: [ app_begin ] --START--
INFO: Run Behavior\ReadHtmlCacheBehavior [ RunTime:0.000401s ]
INFO: [ app_begin ] --END-- [ RunTime:0.000418s ]
NOTIC: [2] Use of undefined constant user_id - assumed 'user_id' (this will throw an Error in a future version of PHP) E:\wamp\apache\library\Application\Home\Controller\CommonController.class.php 第 11 行.
SQL: SHOW COLUMNS FROM `story` [ RunTime:0.0095s ]
SQL: SELECT `story_name`,`story_id` FROM `story`  [ RunTime:0.0003s ]
INFO: [ view_parse ] --START--
INFO: [ template_filter ] --START--
INFO: Run Behavior\ContentReplaceBehavior [ RunTime:0.000018s ]
INFO: [ template_filter ] --END-- [ RunTime:0.000035s ]
INFO: Run Behavior\ParseTemplateBehavior [ RunTime:0.016077s ]
INFO: [ view_parse ] --END-- [ RunTime:0.016104s ]
INFO: [ view_filter ] --START--
INFO: Run Behavior\WriteHtmlCacheBehavior [ RunTime:0.000365s ]
INFO: [ view_filter ] --END-- [ RunTime:0.000399s ]
INFO: [ app_end ] --START--
INFO: Run Behavior\ShowPageTraceBehavior [ RunTime:0.000574s ]
INFO: [ app_end ] --END-- [ RunTime:0.000589s ]

[ 2019-06-06T15:58:30+08:00 ] ::1 /index.php/Home/Rank/book_rank.html
INFO: [ app_init ] --START--
INFO: Run Behavior\BuildLiteBehavior [ RunTime:0.000005s ]
INFO: [ app_init ] --END-- [ RunTime:0.000416s ]
INFO: [ app_begin ] --START--
INFO: Run Behavior\ReadHtmlCacheBehavior [ RunTime:0.000520s ]
INFO: [ app_begin ] --END-- [ RunTime:0.000559s ]
NOTIC: [2] Use of undefined constant user_id - assumed 'user_id' (this will throw an Error in a future version of PHP) E:\wamp\apache\library\Application\Home\Controller\CommonController.class.php 第 11 行.
SQL: SHOW COLUMNS FROM `record` [ RunTime:0.0127s ]
SQL: select distinct book_id from record   [ RunTime:0.0006s ]
SQL: select  t1.book_name, t2.book_id,count(t2.book_id) as num from books as t1, record as t2 where t2.book_id =2222 AND t1.id=2222   [ RunTime:0.0003s ]
SQL: select  t1.book_name, t2.book_id,count(t2.book_id) as num from books as t1, record as t2 where t2.book_id =2227 AND t1.id=2227   [ RunTime:0.0003s ]
SQL: select  t1.book_name, t2.book_id,count(t2.book_id) as num from books as t1, record as t2 where t2.book_id =2236 AND t1.id=2236   [ RunTime:0.0003s ]
SQL: select  t1.book_name, t2.book_id,count(t2.book_id) as num from books as t1, record as t2 where t2.book_id =2238 AND t1.id=2238   [ RunTime:0.0003s ]
SQL: select  t1.book_name, t2.book_id,count(t2.book_id) as num from books as t1, record as t2 where t2.book_id =2247 AND t1.id=2247   [ RunTime:0.0002s ]
SQL: select  t1.book_name, t2.book_id,count(t2.book_id) as num from books as t1, record as t2 where t2.book_id =2249 AND t1.id=2249   [ RunTime:0.0003s ]
SQL: select  t1.book_name, t2.book_id,count(t2.book_id) as num from books as t1, record as t2 where t2.book_id =2255 AND t1.id=2255   [ RunTime:0.0003s ]
SQL: select  t1.book_name, t2.book_id,count(t2.book_id) as num from books as t1, record as t2 where t2.book_id =2256 AND t1.id=2256   [ RunTime:0.0003s ]
SQL: select  t1.book_name, t2.book_id,count(t2.book_id) as num from books as t1, record as t2 where t2.book_id =2257 AND t1.id=2257   [ RunTime:0.0005s ]
SQL: select  t1.book_name, t2.book_id,count(t2.book_id) as num from books as t1, record as t2 where t2.book_id =2258 AND t1.id=2258   [ RunTime:0.0005s ]
SQL: select  t1.book_name, t2.book_id,count(t2.book_id) as num from books as t1, record as t2 where t2.book_id =2259 AND t1.id=2259   [ RunTime:0.0004s ]
SQL: select  t1.book_name, t2.book_id,count(t2.book_id) as num from books as t1, record as t2 where t2.book_id =2262 AND t1.id=2262   [ RunTime:0.0003s ]
SQL: select  t1.book_name, t2.book_id,count(t2.book_id) as num from books as t1, record as t2 where t2.book_id =2263 AND t1.id=2263   [ RunTime:0.0002s ]
SQL: select  t1.book_name, t2.book_id,count(t2.book_id) as num from books as t1, record as t2 where t2.book_id =2264 AND t1.id=2264   [ RunTime:0.0003s ]
SQL: select  t1.book_name, t2.book_id,count(t2.book_id) as num from books as t1, record as t2 where t2.book_id =2265 AND t1.id=2265   [ RunTime:0.0003s ]
SQL: select  t1.book_name, t2.book_id,count(t2.book_id) as num from books as t1, record as t2 where t2.book_id =2268 AND t1.id=2268   [ RunTime:0.0003s ]
SQL: select  t1.book_name, t2.book_id,count(t2.book_id) as num from books as t1, record as t2 where t2.book_id =2279 AND t1.id=2279   [ RunTime:0.0003s ]
SQL: select  t1.book_name, t2.book_id,count(t2.book_id) as num from books as t1, record as t2 where t2.book_id =2287 AND t1.id=2287   [ RunTime:0.0002s ]
SQL: select  t1.book_name, t2.book_id,count(t2.book_id) as num from books as t1, record as t2 where t2.book_id =2294 AND t1.id=2294   [ RunTime:0.0002s ]
SQL: select  t1.book_name, t2.book_id,count(t2.book_id) as num from books as t1, record as t2 where t2.book_id =2295 AND t1.id=2295   [ RunTime:0.0003s ]
SQL: select  t1.book_name, t2.book_id,count(t2.book_id) as num from books as t1, record as t2 where t2.book_id =2332 AND t1.id=2332   [ RunTime:0.0003s ]
SQL: select  t1.book_name, t2.book_id,count(t2.book_id) as num from books as t1, record as t2 where t2.book_id =2345 AND t1.id=2345   [ RunTime:0.0003s ]
SQL: select  t1.book_name, t2.book_id,count(t2.book_id) as num from books as t1, record as t2 where t2.book_id =2359 AND t1.id=2359   [ RunTime:0.0002s ]
SQL: select  t1.book_name, t2.book_id,count(t2.book_id) as num from books as t1, record as t2 where t2.book_id =2367 AND t1.id=2367   [ RunTime:0.0003s ]
SQL: select  t1.book_name, t2.book_id,count(t2.book_id) as num from books as t1, record as t2 where t2.book_id =2368 AND t1.id=2368   [ RunTime:0.0003s ]
SQL: select  t1.book_name, t2.book_id,count(t2.book_id) as num from books as t1, record as t2 where t2.book_id =2405 AND t1.id=2405   [ RunTime:0.0002s ]
SQL: select  t1.book_name, t2.book_id,count(t2.book_id) as num from books as t1, record as t2 where t2.book_id =2453 AND t1.id=2453   [ RunTime:0.0002s ]
SQL: select  t1.book_name, t2.book_id,count(t2.book_id) as num from books as t1, record as t2 where t2.book_id =2479 AND t1.id=2479   [ RunTime:0.0003s ]
SQL: select  t1.book_name, t2.book_id,count(t2.book_id) as num from books as t1, record as t2 where t2.book_id =2494 AND t1.id=2494   [ RunTime:0.0002s ]
SQL: select  t1.book_name, t2.book_id,count(t2.book_id) as num from books as t1, record as t2 where t2.book_id =2496 AND t1.id=2496   [ RunTime:0.0002s ]
SQL: select  t1.book_name, t2.book_id,count(t2.book_id) as num from books as t1, record as t2 where t2.book_id =2513 AND t1.id=2513   [ RunTime:0.0002s ]
SQL: select  t1.book_name, t2.book_id,count(t2.book_id) as num from books as t1, record as t2 where t2.book_id =2526 AND t1.id=2526   [ RunTime:0.0002s ]
SQL: select  t1.book_name, t2.book_id,count(t2.book_id) as num from books as t1, record as t2 where t2.book_id =2552 AND t1.id=2552   [ RunTime:0.0002s ]
SQL: select  t1.book_name, t2.book_id,count(t2.book_id) as num from books as t1, record as t2 where t2.book_id =2569 AND t1.id=2569   [ RunTime:0.0002s ]
SQL: select  t1.book_name, t2.book_id,count(t2.book_id) as num from books as t1, record as t2 where t2.book_id =2573 AND t1.id=2573   [ RunTime:0.0002s ]
SQL: select  t1.book_name, t2.book_id,count(t2.book_id) as num from books as t1, record as t2 where t2.book_id =2575 AND t1.id=2575   [ RunTime:0.0002s ]
SQL: select  t1.book_name, t2.book_id,count(t2.book_id) as num from books as t1, record as t2 where t2.book_id =2580 AND t1.id=2580   [ RunTime:0.0002s ]
SQL: select  t1.book_name, t2.book_id,count(t2.book_id) as num from books as t1, record as t2 where t2.book_id =2585 AND t1.id=2585   [ RunTime:0.0002s ]
SQL: select  t1.book_name, t2.book_id,count(t2.book_id) as num from books as t1, record as t2 where t2.book_id =2590 AND t1.id=2590   [ RunTime:0.0002s ]
SQL: select  t1.book_name, t2.book_id,count(t2.book_id) as num from books as t1, record as t2 where t2.book_id =2593 AND t1.id=2593   [ RunTime:0.0002s ]
SQL: select  t1.book_name, t2.book_id,count(t2.book_id) as num from books as t1, record as t2 where t2.book_id =2602 AND t1.id=2602   [ RunTime:0.0003s ]
SQL: select  t1.book_name, t2.book_id,count(t2.book_id) as num from books as t1, record as t2 where t2.book_id =2605 AND t1.id=2605   [ RunTime:0.0002s ]
SQL: select  t1.book_name, t2.book_id,count(t2.book_id) as num from books as t1, record as t2 where t2.book_id =2606 AND t1.id=2606   [ RunTime:0.0002s ]
SQL: select  t1.book_name, t2.book_id,count(t2.book_id) as num from books as t1, record as t2 where t2.book_id =2619 AND t1.id=2619   [ RunTime:0.0002s ]
SQL: select  t1.book_name, t2.book_id,count(t2.book_id) as num from books as t1, record as t2 where t2.book_id =2643 AND t1.id=2643   [ RunTime:0.0002s ]
SQL: select  t1.book_name, t2.book_id,count(t2.book_id) as num from books as t1, record as t2 where t2.book_id =2649 AND t1.id=2649   [ RunTime:0.0002s ]
SQL: select  t1.book_name, t2.book_id,count(t2.book_id) as num from books as t1, record as t2 where t2.book_id =2650 AND t1.id=2650   [ RunTime:0.0002s ]
SQL: select  t1.book_name, t2.book_id,count(t2.book_id) as num from books as t1, record as t2 where t2.book_id =2656 AND t1.id=2656   [ RunTime:0.0002s ]
SQL: select  t1.book_name, t2.book_id,count(t2.book_id) as num from books as t1, record as t2 where t2.book_id =2683 AND t1.id=2683   [ RunTime:0.0002s ]
SQL: select  t1.book_name, t2.book_id,count(t2.book_id) as num from books as t1, record as t2 where t2.book_id =2702 AND t1.id=2702   [ RunTime:0.0002s ]
SQL: select  t1.book_name, t2.book_id,count(t2.book_id) as num from books as t1, record as t2 where t2.book_id =2706 AND t1.id=2706   [ RunTime:0.0002s ]
SQL: select  t1.book_name, t2.book_id,count(t2.book_id) as num from books as t1, record as t2 where t2.book_id =2716 AND t1.id=2716   [ RunTime:0.0002s ]
SQL: select  t1.book_name, t2.book_id,count(t2.book_id) as num from books as t1, record as t2 where t2.book_id =2741 AND t1.id=2741   [ RunTime:0.0002s ]
SQL: select  t1.book_name, t2.book_id,count(t2.book_id) as num from books as t1, record as t2 where t2.book_id =2764 AND t1.id=2764   [ RunTime:0.0002s ]
SQL: select  t1.book_name, t2.book_id,count(t2.book_id) as num from books as t1, record as t2 where t2.book_id =2769 AND t1.id=2769   [ RunTime:0.0002s ]
SQL: select  t1.book_name, t2.book_id,count(t2.book_id) as num from books as t1, record as t2 where t2.book_id =2785 AND t1.id=2785   [ RunTime:0.0002s ]
SQL: select  t1.book_name, t2.book_id,count(t2.book_id) as num from books as t1, record as t2 where t2.book_id =2789 AND t1.id=2789   [ RunTime:0.0002s ]
SQL: select  t1.book_name, t2.book_id,count(t2.book_id) as num from books as t1, record as t2 where t2.book_id =2814 AND t1.id=2814   [ RunTime:0.0002s ]
SQL: select  t1.book_name, t2.book_id,count(t2.book_id) as num from books as t1, record as t2 where t2.book_id =2827 AND t1.id=2827   [ RunTime:0.0003s ]
SQL: select  t1.book_name, t2.book_id,count(t2.book_id) as num from books as t1, record as t2 where t2.book_id =2830 AND t1.id=2830   [ RunTime:0.0002s ]
SQL: select  t1.book_name, t2.book_id,count(t2.book_id) as num from books as t1, record as t2 where t2.book_id =2836 AND t1.id=2836   [ RunTime:0.0002s ]
SQL: select  t1.book_name, t2.book_id,count(t2.book_id) as num from books as t1, record as t2 where t2.book_id =2857 AND t1.id=2857   [ RunTime:0.0002s ]
SQL: select  t1.book_name, t2.book_id,count(t2.book_id) as num from books as t1, record as t2 where t2.book_id =2868 AND t1.id=2868   [ RunTime:0.0003s ]
SQL: select  t1.book_name, t2.book_id,count(t2.book_id) as num from books as t1, record as t2 where t2.book_id =2880 AND t1.id=2880   [ RunTime:0.0002s ]
SQL: select  t1.book_name, t2.book_id,count(t2.book_id) as num from books as t1, record as t2 where t2.book_id =2909 AND t1.id=2909   [ RunTime:0.0002s ]
SQL: select  t1.book_name, t2.book_id,count(t2.book_id) as num from books as t1, record as t2 where t2.book_id =2914 AND t1.id=2914   [ RunTime:0.0002s ]
SQL: select  t1.book_name, t2.book_id,count(t2.book_id) as num from books as t1, record as t2 where t2.book_id =2932 AND t1.id=2932   [ RunTime:0.0002s ]
SQL: select  t1.book_name, t2.book_id,count(t2.book_id) as num from books as t1, record as t2 where t2.book_id =2935 AND t1.id=2935   [ RunTime:0.0002s ]
SQL: select  t1.book_name, t2.book_id,count(t2.book_id) as num from books as t1, record as t2 where t2.book_id =2939 AND t1.id=2939   [ RunTime:0.0002s ]
SQL: select  t1.book_name, t2.book_id,count(t2.book_id) as num from books as t1, record as t2 where t2.book_id =2941 AND t1.id=2941   [ RunTime:0.0002s ]
SQL: select  t1.book_name, t2.book_id,count(t2.book_id) as num from books as t1, record as t2 where t2.book_id =2963 AND t1.id=2963   [ RunTime:0.0003s ]
SQL: select  t1.book_name, t2.book_id,count(t2.book_id) as num from books as t1, record as t2 where t2.book_id =2980 AND t1.id=2980   [ RunTime:0.0002s ]
SQL: select  t1.book_name, t2.book_id,count(t2.book_id) as num from books as t1, record as t2 where t2.book_id =2999 AND t1.id=2999   [ RunTime:0.0002s ]
SQL: select  t1.book_name, t2.book_id,count(t2.book_id) as num from books as t1, record as t2 where t2.book_id =3001 AND t1.id=3001   [ RunTime:0.0002s ]
SQL: select  t1.book_name, t2.book_id,count(t2.book_id) as num from books as t1, record as t2 where t2.book_id =3002 AND t1.id=3002   [ RunTime:0.0002s ]
SQL: select  t1.book_name, t2.book_id,count(t2.book_id) as num from books as t1, record as t2 where t2.book_id =3010 AND t1.id=3010   [ RunTime:0.0002s ]
SQL: select  t1.book_name, t2.book_id,count(t2.book_id) as num from books as t1, record as t2 where t2.book_id =3019 AND t1.id=3019   [ RunTime:0.0002s ]
SQL: select  t1.book_name, t2.book_id,count(t2.book_id) as num from books as t1, record as t2 where t2.book_id =3043 AND t1.id=3043   [ RunTime:0.0002s ]
SQL: select  t1.book_name, t2.book_id,count(t2.book_id) as num from books as t1, record as t2 where t2.book_id =3045 AND t1.id=3045   [ RunTime:0.0002s ]
SQL: select  t1.book_name, t2.book_id,count(t2.book_id) as num from books as t1, record as t2 where t2.book_id =3052 AND t1.id=3052   [ RunTime:0.0002s ]
SQL: select  t1.book_name, t2.book_id,count(t2.book_id) as num from books as t1, record as t2 where t2.book_id =3053 AND t1.id=3053   [ RunTime:0.0002s ]
SQL: select  t1.book_name, t2.book_id,count(t2.book_id) as num from books as t1, record as t2 where t2.book_id =3058 AND t1.id=3058   [ RunTime:0.0002s ]
SQL: select  t1.book_name, t2.book_id,count(t2.book_id) as num from books as t1, record as t2 where t2.book_id =3059 AND t1.id=3059   [ RunTime:0.0002s ]
SQL: select  t1.book_name, t2.book_id,count(t2.book_id) as num from books as t1, record as t2 where t2.book_id =3075 AND t1.id=3075   [ RunTime:0.0002s ]
SQL: select  t1.book_name, t2.book_id,count(t2.book_id) as num from books as t1, record as t2 where t2.book_id =3101 AND t1.id=3101   [ RunTime:0.0002s ]
SQL: select  t1.book_name, t2.book_id,count(t2.book_id) as num from books as t1, record as t2 where t2.book_id =3106 AND t1.id=3106   [ RunTime:0.0002s ]
SQL: select  t1.book_name, t2.book_id,count(t2.book_id) as num from books as t1, record as t2 where t2.book_id =3109 AND t1.id=3109   [ RunTime:0.0002s ]
SQL: select  t1.book_name, t2.book_id,count(t2.book_id) as num from books as t1, record as t2 where t2.book_id =3114 AND t1.id=3114   [ RunTime:0.0002s ]
SQL: select  t1.book_name, t2.book_id,count(t2.book_id) as num from books as t1, record as t2 where t2.book_id =3115 AND t1.id=3115   [ RunTime:0.0002s ]
SQL: select  t1.book_name, t2.book_id,count(t2.book_id) as num from books as t1, record as t2 where t2.book_id =3116 AND t1.id=3116   [ RunTime:0.0001s ]
INFO: [ view_parse ] --START--
INFO: [ template_filter ] --START--
INFO: Run Behavior\ContentReplaceBehavior [ RunTime:0.000018s ]
INFO: [ template_filter ] --END-- [ RunTime:0.000034s ]
INFO: Run Behavior\ParseTemplateBehavior [ RunTime:0.004866s ]
INFO: [ view_parse ] --END-- [ RunTime:0.004897s ]
INFO: [ view_filter ] --START--
INFO: Run Behavior\WriteHtmlCacheBehavior [ RunTime:0.000382s ]
INFO: [ view_filter ] --END-- [ RunTime:0.000408s ]
INFO: [ app_end ] --START--
INFO: Run Behavior\ShowPageTraceBehavior [ RunTime:0.000451s ]
INFO: [ app_end ] --END-- [ RunTime:0.000465s ]

[ 2019-06-06T15:58:45+08:00 ] ::1 /index.php/Home/Rank/press_rank.html
INFO: [ app_init ] --START--
INFO: Run Behavior\BuildLiteBehavior [ RunTime:0.000007s ]
INFO: [ app_init ] --END-- [ RunTime:0.000482s ]
INFO: [ app_begin ] --START--
INFO: Run Behavior\ReadHtmlCacheBehavior [ RunTime:0.001717s ]
INFO: [ app_begin ] --END-- [ RunTime:0.001748s ]
NOTIC: [2] Use of undefined constant user_id - assumed 'user_id' (this will throw an Error in a future version of PHP) E:\wamp\apache\library\Application\Home\Controller\CommonController.class.php 第 11 行.
SQL: SHOW COLUMNS FROM `books` [ RunTime:0.0072s ]
SQL: select distinct press from books [ RunTime:0.0031s ]
SQL: SELECT COUNT(*) AS tp_count FROM `books` WHERE ( press='南海出版公司' ) LIMIT 1   [ RunTime:0.0005s ]
SQL: SELECT COUNT(*) AS tp_count FROM `books` WHERE ( press='人民文学出版社' ) LIMIT 1   [ RunTime:0.0005s ]
SQL: SELECT COUNT(*) AS tp_count FROM `books` WHERE ( press='重庆出版社' ) LIMIT 1   [ RunTime:0.0005s ]
SQL: SELECT COUNT(*) AS tp_count FROM `books` WHERE ( press='上海译文出版社' ) LIMIT 1   [ RunTime:0.0005s ]
SQL: SELECT COUNT(*) AS tp_count FROM `books` WHERE ( press='三联书店' ) LIMIT 1   [ RunTime:0.0005s ]
SQL: SELECT COUNT(*) AS tp_count FROM `books` WHERE ( press='花城出版社' ) LIMIT 1   [ RunTime:0.0005s ]
SQL: SELECT COUNT(*) AS tp_count FROM `books` WHERE ( press='上海书店出版社' ) LIMIT 1   [ RunTime:0.0005s ]
SQL: SELECT COUNT(*) AS tp_count FROM `books` WHERE ( press='北京燕山出版社' ) LIMIT 1   [ RunTime:0.0005s ]
SQL: SELECT COUNT(*) AS tp_count FROM `books` WHERE ( press='海南出版社' ) LIMIT 1   [ RunTime:0.0005s ]
SQL: SELECT COUNT(*) AS tp_count FROM `books` WHERE ( press='生活·读书·新知三联书店' ) LIMIT 1   [ RunTime:0.0005s ]
SQL: SELECT COUNT(*) AS tp_count FROM `books` WHERE ( press='皇冠出版社' ) LIMIT 1   [ RunTime:0.0005s ]
SQL: SELECT COUNT(*) AS tp_count FROM `books` WHERE ( press='中国青年出版社' ) LIMIT 1   [ RunTime:0.0005s ]
SQL: SELECT COUNT(*) AS tp_count FROM `books` WHERE ( press='译林出版社' ) LIMIT 1   [ RunTime:0.0005s ]
SQL: SELECT COUNT(*) AS tp_count FROM `books` WHERE ( press='北京出版集团公司,北京十月文艺出版社' ) LIMIT 1   [ RunTime:0.0005s ]
SQL: SELECT COUNT(*) AS tp_count FROM `books` WHERE ( press='江苏凤凰文艺出版社' ) LIMIT 1   [ RunTime:0.0005s ]
SQL: SELECT COUNT(*) AS tp_count FROM `books` WHERE ( press='京华出版社' ) LIMIT 1   [ RunTime:0.0005s ]
SQL: SELECT COUNT(*) AS tp_count FROM `books` WHERE ( press='中国友谊出版公司' ) LIMIT 1   [ RunTime:0.0005s ]
SQL: SELECT COUNT(*) AS tp_count FROM `books` WHERE ( press='湖北长江出版集团，长江文艺出版社' ) LIMIT 1   [ RunTime:0.0005s ]
SQL: SELECT COUNT(*) AS tp_count FROM `books` WHERE ( press='长江文艺出版社' ) LIMIT 1   [ RunTime:0.0005s ]
SQL: SELECT COUNT(*) AS tp_count FROM `books` WHERE ( press='北京十月文艺出版社' ) LIMIT 1   [ RunTime:0.0005s ]
SQL: SELECT COUNT(*) AS tp_count FROM `books` WHERE ( press='中央编译出版社' ) LIMIT 1   [ RunTime:0.0005s ]
SQL: SELECT COUNT(*) AS tp_count FROM `books` WHERE ( press='上海社会科学院出版社' ) LIMIT 1   [ RunTime:0.0005s ]
SQL: SELECT COUNT(*) AS tp_count FROM `books` WHERE ( press='上海古籍出版社' ) LIMIT 1   [ RunTime:0.0005s ]
SQL: SELECT COUNT(*) AS tp_count FROM `books` WHERE ( press='上海文艺出版社' ) LIMIT 1   [ RunTime:0.0005s ]
SQL: SELECT COUNT(*) AS tp_count FROM `books` WHERE ( press='哈尔滨出版社' ) LIMIT 1   [ RunTime:0.0005s ]
SQL: SELECT COUNT(*) AS tp_count FROM `books` WHERE ( press='中国工人出版社' ) LIMIT 1   [ RunTime:0.0005s ]
SQL: SELECT COUNT(*) AS tp_count FROM `books` WHERE ( press='春风文艺出版社' ) LIMIT 1   [ RunTime:0.0005s ]
SQL: SELECT COUNT(*) AS tp_count FROM `books` WHERE ( press='四川科学技术出版社' ) LIMIT 1   [ RunTime:0.0005s ]
SQL: SELECT COUNT(*) AS tp_count FROM `books` WHERE ( press='浙江人民美术出版社' ) LIMIT 1   [ RunTime:0.0005s ]
SQL: SELECT COUNT(*) AS tp_count FROM `books` WHERE ( press='河北教育出版社' ) LIMIT 1   [ RunTime:0.0005s ]
SQL: SELECT COUNT(*) AS tp_count FROM `books` WHERE ( press='天津人民出版社' ) LIMIT 1   [ RunTime:0.0005s ]
SQL: SELECT COUNT(*) AS tp_count FROM `books` WHERE ( press='广州出版社花城出版社' ) LIMIT 1   [ RunTime:0.0005s ]
SQL: SELECT COUNT(*) AS tp_count FROM `books` WHERE ( press='浙江文艺出版社' ) LIMIT 1   [ RunTime:0.0005s ]
SQL: SELECT COUNT(*) AS tp_count FROM `books` WHERE ( press='商务印书馆' ) LIMIT 1   [ RunTime:0.0005s ]
SQL: SELECT COUNT(*) AS tp_count FROM `books` WHERE ( press='百花文艺出版社' ) LIMIT 1   [ RunTime:0.0005s ]
SQL: SELECT COUNT(*) AS tp_count FROM `books` WHERE ( press='广西师范大学出版社' ) LIMIT 1   [ RunTime:0.0005s ]
SQL: SELECT COUNT(*) AS tp_count FROM `books` WHERE ( press='湖南科学技术出版社' ) LIMIT 1   [ RunTime:0.0005s ]
SQL: SELECT COUNT(*) AS tp_count FROM `books` WHERE ( press='光明日报出版社' ) LIMIT 1   [ RunTime:0.0005s ]
SQL: SELECT COUNT(*) AS tp_count FROM `books` WHERE ( press='江苏文艺出版社' ) LIMIT 1   [ RunTime:0.0005s ]
SQL: SELECT COUNT(*) AS tp_count FROM `books` WHERE ( press='广西美术出版社' ) LIMIT 1   [ RunTime:0.0005s ]
SQL: SELECT COUNT(*) AS tp_count FROM `books` WHERE ( press='人民出版社' ) LIMIT 1   [ RunTime:0.0006s ]
SQL: SELECT COUNT(*) AS tp_count FROM `books` WHERE ( press='中国发展出版社' ) LIMIT 1   [ RunTime:0.0005s ]
SQL: SELECT COUNT(*) AS tp_count FROM `books` WHERE ( press='作家出版社' ) LIMIT 1   [ RunTime:0.0005s ]
SQL: SELECT COUNT(*) AS tp_count FROM `books` WHERE ( press='上海人民出版社' ) LIMIT 1   [ RunTime:0.0005s ]
SQL: SELECT COUNT(*) AS tp_count FROM `books` WHERE ( press='人民邮电出版社' ) LIMIT 1   [ RunTime:0.0005s ]
SQL: SELECT COUNT(*) AS tp_count FROM `books` WHERE ( press='陕西师范大学出版社' ) LIMIT 1   [ RunTime:0.0005s ]
SQL: SELECT COUNT(*) AS tp_count FROM `books` WHERE ( press='新星出版社' ) LIMIT 1   [ RunTime:0.0005s ]
SQL: SELECT COUNT(*) AS tp_count FROM `books` WHERE ( press='机械工业出版社' ) LIMIT 1   [ RunTime:0.0005s ]
SQL: SELECT COUNT(*) AS tp_count FROM `books` WHERE ( press='华夏出版社' ) LIMIT 1   [ RunTime:0.0005s ]
SQL: SELECT COUNT(*) AS tp_count FROM `books` WHERE ( press='北方文艺出版社' ) LIMIT 1   [ RunTime:0.0005s ]
SQL: SELECT COUNT(*) AS tp_count FROM `books` WHERE ( press='龍馬文化' ) LIMIT 1   [ RunTime:0.0005s ]
SQL: SELECT COUNT(*) AS tp_count FROM `books` WHERE ( press='江西人民出版社' ) LIMIT 1   [ RunTime:0.0005s ]
SQL: SELECT COUNT(*) AS tp_count FROM `books` WHERE ( press='重庆' ) LIMIT 1   [ RunTime:0.0005s ]
SQL: SELECT COUNT(*) AS tp_count FROM `books` WHERE ( press='民主与建设出版社' ) LIMIT 1   [ RunTime:0.0005s ]
SQL: SELECT COUNT(*) AS tp_count FROM `books` WHERE ( press='科学出版社' ) LIMIT 1   [ RunTime:0.0005s ]
SQL: SELECT COUNT(*) AS tp_count FROM `books` WHERE ( press='東立' ) LIMIT 1   [ RunTime:0.0005s ]
SQL: SELECT COUNT(*) AS tp_count FROM `books` WHERE ( press='陕西人民出版社' ) LIMIT 1   [ RunTime:0.0005s ]
SQL: SELECT COUNT(*) AS tp_count FROM `books` WHERE ( press='后浪丨四川人民出版社' ) LIMIT 1   [ RunTime:0.0005s ]
SQL: SELECT COUNT(*) AS tp_count FROM `books` WHERE ( press='文治图书·四川文艺出版社' ) LIMIT 1   [ RunTime:0.0007s ]
SQL: SELECT COUNT(*) AS tp_count FROM `books` WHERE ( press='中信出版社' ) LIMIT 1   [ RunTime:0.0005s ]
SQL: SELECT COUNT(*) AS tp_count FROM `books` WHERE ( press='百花洲文艺出版社' ) LIMIT 1   [ RunTime:0.0006s ]
SQL: SELECT COUNT(*) AS tp_count FROM `books` WHERE ( press='上海三联书店' ) LIMIT 1   [ RunTime:0.0005s ]
SQL: SELECT COUNT(*) AS tp_count FROM `books` WHERE ( press='世界图书出版公司' ) LIMIT 1   [ RunTime:0.0006s ]
SQL: SELECT COUNT(*) AS tp_count FROM `books` WHERE ( press='新世界出版社' ) LIMIT 1   [ RunTime:0.0005s ]
SQL: SELECT COUNT(*) AS tp_count FROM `books` WHERE ( press='国际文化出版公司' ) LIMIT 1   [ RunTime:0.0006s ]
SQL: SELECT COUNT(*) AS tp_count FROM `books` WHERE ( press='中华书局' ) LIMIT 1   [ RunTime:0.0006s ]
SQL: SELECT COUNT(*) AS tp_count FROM `books` WHERE ( press='北京大学出版社' ) LIMIT 1   [ RunTime:0.0005s ]
SQL: SELECT COUNT(*) AS tp_count FROM `books` WHERE ( press='中国社会科学出版社' ) LIMIT 1   [ RunTime:0.0005s ]
SQL: SELECT COUNT(*) AS tp_count FROM `books` WHERE ( press='中国人民大学出版社' ) LIMIT 1   [ RunTime:0.0005s ]
SQL: SELECT COUNT(*) AS tp_count FROM `books` WHERE ( press='北京出版社' ) LIMIT 1   [ RunTime:0.0005s ]
SQL: SELECT COUNT(*) AS tp_count FROM `books` WHERE ( press='漓江出版社' ) LIMIT 1   [ RunTime:0.0006s ]
SQL: SELECT COUNT(*) AS tp_count FROM `books` WHERE ( press='武汉出版社' ) LIMIT 1   [ RunTime:0.0005s ]
SQL: SELECT COUNT(*) AS tp_count FROM `books` WHERE ( press='商務印書館' ) LIMIT 1   [ RunTime:0.0005s ]
SQL: SELECT COUNT(*) AS tp_count FROM `books` WHERE ( press='文化艺术出版社' ) LIMIT 1   [ RunTime:0.0005s ]
SQL: SELECT COUNT(*) AS tp_count FROM `books` WHERE ( press='广州出版社' ) LIMIT 1   [ RunTime:0.0005s ]
SQL: SELECT COUNT(*) AS tp_count FROM `books` WHERE ( press='时代文艺出版社' ) LIMIT 1   [ RunTime:0.0005s ]
SQL: SELECT COUNT(*) AS tp_count FROM `books` WHERE ( press='同心出版社' ) LIMIT 1   [ RunTime:0.0005s ]
SQL: SELECT COUNT(*) AS tp_count FROM `books` WHERE ( press='三秦出版社' ) LIMIT 1   [ RunTime:0.0005s ]
SQL: SELECT COUNT(*) AS tp_count FROM `books` WHERE ( press='江苏少年儿童出版社' ) LIMIT 1   [ RunTime:0.0006s ]
SQL: SELECT COUNT(*) AS tp_count FROM `books` WHERE ( press='理想国|天地出版社' ) LIMIT 1   [ RunTime:0.0006s ]
SQL: SELECT COUNT(*) AS tp_count FROM `books` WHERE ( press='云南人民出版社' ) LIMIT 1   [ RunTime:0.0005s ]
SQL: SELECT COUNT(*) AS tp_count FROM `books` WHERE ( press='湖南文艺出版社' ) LIMIT 1   [ RunTime:0.0007s ]
SQL: SELECT COUNT(*) AS tp_count FROM `books` WHERE ( press='贵州人民出版社' ) LIMIT 1   [ RunTime:0.0006s ]
SQL: SELECT COUNT(*) AS tp_count FROM `books` WHERE ( press='东方出版中心' ) LIMIT 1   [ RunTime:0.0005s ]
SQL: SELECT COUNT(*) AS tp_count FROM `books` WHERE ( press='北京联合出版公司·后浪出版公司' ) LIMIT 1   [ RunTime:0.0006s ]
SQL: SELECT COUNT(*) AS tp_count FROM `books` WHERE ( press='华东师范大学出版社' ) LIMIT 1   [ RunTime:0.0005s ]
SQL: SELECT COUNT(*) AS tp_count FROM `books` WHERE ( press='珠海出版社' ) LIMIT 1   [ RunTime:0.0005s ]
SQL: SELECT COUNT(*) AS tp_count FROM `books` WHERE ( press='青海人民出版社' ) LIMIT 1   [ RunTime:0.0006s ]
SQL: SELECT COUNT(*) AS tp_count FROM `books` WHERE ( press='群言出版社' ) LIMIT 1   [ RunTime:0.0005s ]
SQL: SELECT COUNT(*) AS tp_count FROM `books` WHERE ( press='华文出版社' ) LIMIT 1   [ RunTime:0.0006s ]
SQL: SELECT COUNT(*) AS tp_count FROM `books` WHERE ( press='中国电影出版社' ) LIMIT 1   [ RunTime:0.0005s ]
SQL: SELECT COUNT(*) AS tp_count FROM `books` WHERE ( press='天地出版社' ) LIMIT 1   [ RunTime:0.0005s ]
SQL: SELECT COUNT(*) AS tp_count FROM `books` WHERE ( press='江苏译林' ) LIMIT 1   [ RunTime:0.0005s ]
SQL: SELECT COUNT(*) AS tp_count FROM `books` WHERE ( press='二十一世纪出版集团' ) LIMIT 1   [ RunTime:0.0006s ]
SQL: SELECT COUNT(*) AS tp_count FROM `books` WHERE ( press='上海人民美术出版社' ) LIMIT 1   [ RunTime:0.0006s ]
SQL: SELECT COUNT(*) AS tp_count FROM `books` WHERE ( press='沈阳出版社百花洲文艺出版社' ) LIMIT 1   [ RunTime:0.0006s ]
SQL: SELECT COUNT(*) AS tp_count FROM `books` WHERE ( press='齐鲁出版社' ) LIMIT 1   [ RunTime:0.0006s ]
SQL: SELECT COUNT(*) AS tp_count FROM `books` WHERE ( press='岳麓书社' ) LIMIT 1   [ RunTime:0.0005s ]
SQL: SELECT COUNT(*) AS tp_count FROM `books` WHERE ( press='猫头鹰文化·浙江文艺出版社' ) LIMIT 1   [ RunTime:0.0006s ]
SQL: SELECT COUNT(*) AS tp_count FROM `books` WHERE ( press='天海文化' ) LIMIT 1   [ RunTime:0.0005s ]
SQL: SELECT COUNT(*) AS tp_count FROM `books` WHERE ( press='解放军文艺出版社' ) LIMIT 1   [ RunTime:0.0005s ]
SQL: SELECT COUNT(*) AS tp_count FROM `books` WHERE ( press='新加坡南洋出版社' ) LIMIT 1   [ RunTime:0.0006s ]
SQL: SELECT COUNT(*) AS tp_count FROM `books` WHERE ( press='浙江大学出版社' ) LIMIT 1   [ RunTime:0.0005s ]
SQL: SELECT COUNT(*) AS tp_count FROM `books` WHERE ( press='九州出版社' ) LIMIT 1   [ RunTime:0.0005s ]
SQL: SELECT COUNT(*) AS tp_count FROM `books` WHERE ( press='浙江人民出版社' ) LIMIT 1   [ RunTime:0.0005s ]
SQL: SELECT COUNT(*) AS tp_count FROM `books` WHERE ( press='万卷出版公司' ) LIMIT 1   [ RunTime:0.0005s ]
SQL: SELECT COUNT(*) AS tp_count FROM `books` WHERE ( press='长征' ) LIMIT 1   [ RunTime:0.0006s ]
SQL: SELECT COUNT(*) AS tp_count FROM `books` WHERE ( press='万卷出版公司出版' ) LIMIT 1   [ RunTime:0.0007s ]
SQL: SELECT COUNT(*) AS tp_count FROM `books` WHERE ( press='复旦大学出版社' ) LIMIT 1   [ RunTime:0.0006s ]
SQL: SELECT COUNT(*) AS tp_count FROM `books` WHERE ( press='线装书局' ) LIMIT 1   [ RunTime:0.0006s ]
SQL: SELECT COUNT(*) AS tp_count FROM `books` WHERE ( press='中医古籍出版社' ) LIMIT 1   [ RunTime:0.0005s ]
SQL: SELECT COUNT(*) AS tp_count FROM `books` WHERE ( press='北京联合出版公司' ) LIMIT 1   [ RunTime:0.0005s ]
SQL: SELECT COUNT(*) AS tp_count FROM `books` WHERE ( press='山西古籍出版社' ) LIMIT 1   [ RunTime:0.0005s ]
SQL: SELECT COUNT(*) AS tp_count FROM `books` WHERE ( press='大众文艺出版社' ) LIMIT 1   [ RunTime:0.0005s ]
SQL: SELECT COUNT(*) AS tp_count FROM `books` WHERE ( press='河南文艺出版社' ) LIMIT 1   [ RunTime:0.0005s ]
SQL: SELECT COUNT(*) AS tp_count FROM `books` WHERE ( press='读客图书·江苏凤凰文艺出版社' ) LIMIT 1   [ RunTime:0.0006s ]
SQL: SELECT COUNT(*) AS tp_count FROM `books` WHERE ( press='长春出版社' ) LIMIT 1   [ RunTime:0.0007s ]
SQL: SELECT COUNT(*) AS tp_count FROM `books` WHERE ( press='朝花少年儿童出版社' ) LIMIT 1   [ RunTime:0.0005s ]
SQL: SELECT COUNT(*) AS tp_count FROM `books` WHERE ( press='中国对外翻译出版社' ) LIMIT 1   [ RunTime:0.0005s ]
SQL: SELECT COUNT(*) AS tp_count FROM `books` WHERE ( press='二十一世纪出版社' ) LIMIT 1   [ RunTime:0.0006s ]
SQL: SELECT COUNT(*) AS tp_count FROM `books` WHERE ( press='后浪丨湖南美术出版社' ) LIMIT 1   [ RunTime:0.0006s ]
SQL: SELECT COUNT(*) AS tp_count FROM `books` WHERE ( press='蓝天' ) LIMIT 1   [ RunTime:0.0005s ]
SQL: SELECT COUNT(*) AS tp_count FROM `books` WHERE ( press='四川文艺出版社' ) LIMIT 1   [ RunTime:0.0005s ]
SQL: SELECT COUNT(*) AS tp_count FROM `books` WHERE ( press='教育科学出版社' ) LIMIT 1   [ RunTime:0.0006s ]
SQL: SELECT COUNT(*) AS tp_count FROM `books` WHERE ( press='世界知识出版社' ) LIMIT 1   [ RunTime:0.0006s ]
SQL: SELECT COUNT(*) AS tp_count FROM `books` WHERE ( press='上海世界图书出版公司' ) LIMIT 1   [ RunTime:0.0006s ]
SQL: SELECT COUNT(*) AS tp_count FROM `books` WHERE ( press='吉林文史出版社' ) LIMIT 1   [ RunTime:0.0005s ]
SQL: SELECT COUNT(*) AS tp_count FROM `books` WHERE ( press='清华大学出版社' ) LIMIT 1   [ RunTime:0.0005s ]
SQL: SELECT COUNT(*) AS tp_count FROM `books` WHERE ( press='后浪丨北京联合出版公司' ) LIMIT 1   [ RunTime:0.0005s ]
SQL: SELECT COUNT(*) AS tp_count FROM `books` WHERE ( press='团结出版社' ) LIMIT 1   [ RunTime:0.0005s ]
SQL: SELECT COUNT(*) AS tp_count FROM `books` WHERE ( press='中国国际广播出版社' ) LIMIT 1   [ RunTime:0.0005s ]
SQL: SELECT COUNT(*) AS tp_count FROM `books` WHERE ( press='齐鲁书社' ) LIMIT 1   [ RunTime:0.0005s ]
SQL: SELECT COUNT(*) AS tp_count FROM `books` WHERE ( press='中国少年儿童出版社' ) LIMIT 1   [ RunTime:0.0005s ]
SQL: SELECT COUNT(*) AS tp_count FROM `books` WHERE ( press='陕西师范大学出版总社' ) LIMIT 1   [ RunTime:0.0005s ]
SQL: SELECT COUNT(*) AS tp_count FROM `books` WHERE ( press='中州古籍出版社' ) LIMIT 1   [ RunTime:0.0005s ]
SQL: SELECT COUNT(*) AS tp_count FROM `books` WHERE ( press='江苏人民出版社' ) LIMIT 1   [ RunTime:0.0005s ]
SQL: SELECT COUNT(*) AS tp_count FROM `books` WHERE ( press='中国轻工业出版社' ) LIMIT 1   [ RunTime:0.0005s ]
SQL: SELECT COUNT(*) AS tp_count FROM `books` WHERE ( press='法律出版社' ) LIMIT 1   [ RunTime:0.0005s ]
SQL: SELECT COUNT(*) AS tp_count FROM `books` WHERE ( press='外语教学与研究出版社' ) LIMIT 1   [ RunTime:0.0005s ]
SQL: SELECT COUNT(*) AS tp_count FROM `books` WHERE ( press='辽宁教育出版社' ) LIMIT 1   [ RunTime:0.0006s ]
SQL: SELECT COUNT(*) AS tp_count FROM `books` WHERE ( press='安徽文艺出版社' ) LIMIT 1   [ RunTime:0.0005s ]
SQL: SELECT COUNT(*) AS tp_count FROM `books` WHERE ( press='中国宇航' ) LIMIT 1   [ RunTime:0.0005s ]
SQL: SELECT COUNT(*) AS tp_count FROM `books` WHERE ( press='浙江教育出版社' ) LIMIT 1   [ RunTime:0.0005s ]
SQL: SELECT COUNT(*) AS tp_count FROM `books` WHERE ( press='开明出版社' ) LIMIT 1   [ RunTime:0.0005s ]
SQL: SELECT COUNT(*) AS tp_count FROM `books` WHERE ( press='文汇出版社' ) LIMIT 1   [ RunTime:0.0006s ]
SQL: SELECT COUNT(*) AS tp_count FROM `books` WHERE ( press='安徽人民出版社' ) LIMIT 1   [ RunTime:0.0007s ]
SQL: SELECT COUNT(*) AS tp_count FROM `books` WHERE ( press='北京理工大学出版社' ) LIMIT 1   [ RunTime:0.0005s ]
SQL: SELECT COUNT(*) AS tp_count FROM `books` WHERE ( press='宗教文化出版社' ) LIMIT 1   [ RunTime:0.0005s ]
SQL: SELECT COUNT(*) AS tp_count FROM `books` WHERE ( press='吉林出版集团' ) LIMIT 1   [ RunTime:0.0005s ]
SQL: SELECT COUNT(*) AS tp_count FROM `books` WHERE ( press='中国统计出版社' ) LIMIT 1   [ RunTime:0.0006s ]
SQL: SELECT COUNT(*) AS tp_count FROM `books` WHERE ( press='上海科学普及出版社' ) LIMIT 1   [ RunTime:0.0005s ]
SQL: SELECT COUNT(*) AS tp_count FROM `books` WHERE ( press='中信出版集团' ) LIMIT 1   [ RunTime:0.0006s ]
SQL: SELECT COUNT(*) AS tp_count FROM `books` WHERE ( press='日本小学馆' ) LIMIT 1   [ RunTime:0.0005s ]
SQL: SELECT COUNT(*) AS tp_count FROM `books` WHERE ( press='青岛出版社' ) LIMIT 1   [ RunTime:0.0005s ]
SQL: SELECT COUNT(*) AS tp_count FROM `books` WHERE ( press='安东尼' ) LIMIT 1   [ RunTime:0.0005s ]
SQL: SELECT COUNT(*) AS tp_count FROM `books` WHERE ( press='中国大百科全书出版社' ) LIMIT 1   [ RunTime:0.0005s ]
SQL: SELECT COUNT(*) AS tp_count FROM `books` WHERE ( press='北方联合出版传媒集团万卷出版公司' ) LIMIT 1   [ RunTime:0.0005s ]
SQL: SELECT COUNT(*) AS tp_count FROM `books` WHERE ( press='朝华出版社' ) LIMIT 1   [ RunTime:0.0005s ]
SQL: SELECT COUNT(*) AS tp_count FROM `books` WHERE ( press='长江文艺' ) LIMIT 1   [ RunTime:0.0005s ]
SQL: SELECT COUNT(*) AS tp_count FROM `books` WHERE ( press='辽海出版社' ) LIMIT 1   [ RunTime:0.0005s ]
SQL: SELECT COUNT(*) AS tp_count FROM `books` WHERE ( press='接力出版社' ) LIMIT 1   [ RunTime:0.0005s ]
SQL: SELECT COUNT(*) AS tp_count FROM `books` WHERE ( press='电子工业出版社' ) LIMIT 1   [ RunTime:0.0006s ]
SQL: SELECT COUNT(*) AS tp_count FROM `books` WHERE ( press='少年儿童出版社' ) LIMIT 1   [ RunTime:0.0005s ]
SQL: SELECT COUNT(*) AS tp_count FROM `books` WHERE ( press='中国文联出版社' ) LIMIT 1   [ RunTime:0.0005s ]
SQL: SELECT COUNT(*) AS tp_count FROM `books` WHERE ( press='香港中文大學出版社' ) LIMIT 1   [ RunTime:0.0005s ]
SQL: SELECT COUNT(*) AS tp_count FROM `books` WHERE ( press='中信出版股份有限公司' ) LIMIT 1   [ RunTime:0.0005s ]
SQL: SELECT COUNT(*) AS tp_count FROM `books` WHERE ( press='中国文联出版公司' ) LIMIT 1   [ RunTime:0.0005s ]
SQL: SELECT COUNT(*) AS tp_count FROM `books` WHERE ( press='上海画报出版社' ) LIMIT 1   [ RunTime:0.0005s ]
SQL: SELECT COUNT(*) AS tp_count FROM `books` WHERE ( press='南京大学出版社' ) LIMIT 1   [ RunTime:0.0005s ]
SQL: SELECT COUNT(*) AS tp_count FROM `books` WHERE ( press='中国电力出版社' ) LIMIT 1   [ RunTime:0.0005s ]
SQL: SELECT COUNT(*) AS tp_count FROM `books` WHERE ( press='四川人民出版社天地出版社' ) LIMIT 1   [ RunTime:0.0005s ]
SQL: SELECT COUNT(*) AS tp_count FROM `books` WHERE ( press='后浪丨江西人民出版社' ) LIMIT 1   [ RunTime:0.0005s ]
SQL: SELECT COUNT(*) AS tp_count FROM `books` WHERE ( press='連環畫出版社' ) LIMIT 1   [ RunTime:0.0005s ]
SQL: SELECT COUNT(*) AS tp_count FROM `books` WHERE ( press='吉林美术出版社' ) LIMIT 1   [ RunTime:0.0005s ]
SQL: SELECT COUNT(*) AS tp_count FROM `books` WHERE ( press='南海出版社' ) LIMIT 1   [ RunTime:0.0005s ]
SQL: SELECT COUNT(*) AS tp_count FROM `books` WHERE ( press='学苑出版社' ) LIMIT 1   [ RunTime:0.0005s ]
SQL: SELECT COUNT(*) AS tp_count FROM `books` WHERE ( press='安徽教育出版社' ) LIMIT 1   [ RunTime:0.0005s ]
SQL: SELECT COUNT(*) AS tp_count FROM `books` WHERE ( press='海南摄影美术出版社' ) LIMIT 1   [ RunTime:0.0005s ]
SQL: SELECT COUNT(*) AS tp_count FROM `books` WHERE ( press='河南大学出版社' ) LIMIT 1   [ RunTime:0.0005s ]
SQL: SELECT COUNT(*) AS tp_count FROM `books` WHERE ( press='第1版(2007年9月1日)' ) LIMIT 1   [ RunTime:0.0006s ]
SQL: SELECT COUNT(*) AS tp_count FROM `books` WHERE ( press='花山文艺出版社' ) LIMIT 1   [ RunTime:0.0006s ]
SQL: SELECT COUNT(*) AS tp_count FROM `books` WHERE ( press='吉林出版集团有限责任公司' ) LIMIT 1   [ RunTime:0.0005s ]
SQL: SELECT COUNT(*) AS tp_count FROM `books` WHERE ( press='读客图书·文汇出版社' ) LIMIT 1   [ RunTime:0.0005s ]
SQL: SELECT COUNT(*) AS tp_count FROM `books` WHERE ( press='北岳文艺出版社' ) LIMIT 1   [ RunTime:0.0005s ]
SQL: SELECT COUNT(*) AS tp_count FROM `books` WHERE ( press='上海文化出版社' ) LIMIT 1   [ RunTime:0.0005s ]
SQL: SELECT COUNT(*) AS tp_count FROM `books` WHERE ( press='纺织工业' ) LIMIT 1   [ RunTime:0.0005s ]
SQL: SELECT COUNT(*) AS tp_count FROM `books` WHERE ( press='中国科学技术大学出版社' ) LIMIT 1   [ RunTime:0.0005s ]
SQL: SELECT COUNT(*) AS tp_count FROM `books` WHERE ( press='格致出版社' ) LIMIT 1   [ RunTime:0.0005s ]
SQL: SELECT COUNT(*) AS tp_count FROM `books` WHERE ( press='群众出版社' ) LIMIT 1   [ RunTime:0.0005s ]
SQL: SELECT COUNT(*) AS tp_count FROM `books` WHERE ( press='的说法' ) LIMIT 1   [ RunTime:0.0005s ]
SQL: SELECT COUNT(*) AS tp_count FROM `books` WHERE ( press='撒打发' ) LIMIT 1   [ RunTime:0.0005s ]
SQL: SELECT COUNT(*) AS tp_count FROM `books` WHERE ( press='' ) LIMIT 1   [ RunTime:0.0004s ]
SQL: SELECT COUNT(*) AS tp_count FROM `books` WHERE ( press='' ) LIMIT 1   [ RunTime:0.0004s ]
SQL: SELECT COUNT(*) AS tp_count FROM `books` WHERE ( press='321' ) LIMIT 1   [ RunTime:0.0005s ]
INFO: [ view_parse ] --START--
INFO: [ template_filter ] --START--
INFO: Run Behavior\ContentReplaceBehavior [ RunTime:0.000017s ]
INFO: [ template_filter ] --END-- [ RunTime:0.000036s ]
INFO: Run Behavior\ParseTemplateBehavior [ RunTime:0.009114s ]
INFO: [ view_parse ] --END-- [ RunTime:0.009136s ]
INFO: [ view_filter ] --START--
INFO: Run Behavior\WriteHtmlCacheBehavior [ RunTime:0.000477s ]
INFO: [ view_filter ] --END-- [ RunTime:0.000492s ]
INFO: [ app_end ] --START--
INFO: Run Behavior\ShowPageTraceBehavior [ RunTime:0.000665s ]
INFO: [ app_end ] --END-- [ RunTime:0.000680s ]

[ 2019-06-06T15:58:48+08:00 ] ::1 /index.php/Home/Rank/book_rank.html
INFO: [ app_init ] --START--
INFO: Run Behavior\BuildLiteBehavior [ RunTime:0.000005s ]
INFO: [ app_init ] --END-- [ RunTime:0.000344s ]
INFO: [ app_begin ] --START--
INFO: Run Behavior\ReadHtmlCacheBehavior [ RunTime:0.000489s ]
INFO: [ app_begin ] --END-- [ RunTime:0.000506s ]
NOTIC: [2] Use of undefined constant user_id - assumed 'user_id' (this will throw an Error in a future version of PHP) E:\wamp\apache\library\Application\Home\Controller\CommonController.class.php 第 11 行.
SQL: SHOW COLUMNS FROM `record` [ RunTime:0.0106s ]
SQL: select distinct book_id from record   [ RunTime:0.0007s ]
SQL: select  t1.book_name, t2.book_id,count(t2.book_id) as num from books as t1, record as t2 where t2.book_id =2222 AND t1.id=2222   [ RunTime:0.0004s ]
SQL: select  t1.book_name, t2.book_id,count(t2.book_id) as num from books as t1, record as t2 where t2.book_id =2227 AND t1.id=2227   [ RunTime:0.0003s ]
SQL: select  t1.book_name, t2.book_id,count(t2.book_id) as num from books as t1, record as t2 where t2.book_id =2236 AND t1.id=2236   [ RunTime:0.0003s ]
SQL: select  t1.book_name, t2.book_id,count(t2.book_id) as num from books as t1, record as t2 where t2.book_id =2238 AND t1.id=2238   [ RunTime:0.0003s ]
SQL: select  t1.book_name, t2.book_id,count(t2.book_id) as num from books as t1, record as t2 where t2.book_id =2247 AND t1.id=2247   [ RunTime:0.0003s ]
SQL: select  t1.book_name, t2.book_id,count(t2.book_id) as num from books as t1, record as t2 where t2.book_id =2249 AND t1.id=2249   [ RunTime:0.0003s ]
SQL: select  t1.book_name, t2.book_id,count(t2.book_id) as num from books as t1, record as t2 where t2.book_id =2255 AND t1.id=2255   [ RunTime:0.0003s ]
SQL: select  t1.book_name, t2.book_id,count(t2.book_id) as num from books as t1, record as t2 where t2.book_id =2256 AND t1.id=2256   [ RunTime:0.0003s ]
SQL: select  t1.book_name, t2.book_id,count(t2.book_id) as num from books as t1, record as t2 where t2.book_id =2257 AND t1.id=2257   [ RunTime:0.0003s ]
SQL: select  t1.book_name, t2.book_id,count(t2.book_id) as num from books as t1, record as t2 where t2.book_id =2258 AND t1.id=2258   [ RunTime:0.0003s ]
SQL: select  t1.book_name, t2.book_id,count(t2.book_id) as num from books as t1, record as t2 where t2.book_id =2259 AND t1.id=2259   [ RunTime:0.0003s ]
SQL: select  t1.book_name, t2.book_id,count(t2.book_id) as num from books as t1, record as t2 where t2.book_id =2262 AND t1.id=2262   [ RunTime:0.0003s ]
SQL: select  t1.book_name, t2.book_id,count(t2.book_id) as num from books as t1, record as t2 where t2.book_id =2263 AND t1.id=2263   [ RunTime:0.0004s ]
SQL: select  t1.book_name, t2.book_id,count(t2.book_id) as num from books as t1, record as t2 where t2.book_id =2264 AND t1.id=2264   [ RunTime:0.0003s ]
SQL: select  t1.book_name, t2.book_id,count(t2.book_id) as num from books as t1, record as t2 where t2.book_id =2265 AND t1.id=2265   [ RunTime:0.0003s ]
SQL: select  t1.book_name, t2.book_id,count(t2.book_id) as num from books as t1, record as t2 where t2.book_id =2268 AND t1.id=2268   [ RunTime:0.0003s ]
SQL: select  t1.book_name, t2.book_id,count(t2.book_id) as num from books as t1, record as t2 where t2.book_id =2279 AND t1.id=2279   [ RunTime:0.0003s ]
SQL: select  t1.book_name, t2.book_id,count(t2.book_id) as num from books as t1, record as t2 where t2.book_id =2287 AND t1.id=2287   [ RunTime:0.0003s ]
SQL: select  t1.book_name, t2.book_id,count(t2.book_id) as num from books as t1, record as t2 where t2.book_id =2294 AND t1.id=2294   [ RunTime:0.0003s ]
SQL: select  t1.book_name, t2.book_id,count(t2.book_id) as num from books as t1, record as t2 where t2.book_id =2295 AND t1.id=2295   [ RunTime:0.0003s ]
SQL: select  t1.book_name, t2.book_id,count(t2.book_id) as num from books as t1, record as t2 where t2.book_id =2332 AND t1.id=2332   [ RunTime:0.0003s ]
SQL: select  t1.book_name, t2.book_id,count(t2.book_id) as num from books as t1, record as t2 where t2.book_id =2345 AND t1.id=2345   [ RunTime:0.0003s ]
SQL: select  t1.book_name, t2.book_id,count(t2.book_id) as num from books as t1, record as t2 where t2.book_id =2359 AND t1.id=2359   [ RunTime:0.0003s ]
SQL: select  t1.book_name, t2.book_id,count(t2.book_id) as num from books as t1, record as t2 where t2.book_id =2367 AND t1.id=2367   [ RunTime:0.0003s ]
SQL: select  t1.book_name, t2.book_id,count(t2.book_id) as num from books as t1, record as t2 where t2.book_id =2368 AND t1.id=2368   [ RunTime:0.0003s ]
SQL: select  t1.book_name, t2.book_id,count(t2.book_id) as num from books as t1, record as t2 where t2.book_id =2405 AND t1.id=2405   [ RunTime:0.0003s ]
SQL: select  t1.book_name, t2.book_id,count(t2.book_id) as num from books as t1, record as t2 where t2.book_id =2453 AND t1.id=2453   [ RunTime:0.0003s ]
SQL: select  t1.book_name, t2.book_id,count(t2.book_id) as num from books as t1, record as t2 where t2.book_id =2479 AND t1.id=2479   [ RunTime:0.0003s ]
SQL: select  t1.book_name, t2.book_id,count(t2.book_id) as num from books as t1, record as t2 where t2.book_id =2494 AND t1.id=2494   [ RunTime:0.0004s ]
SQL: select  t1.book_name, t2.book_id,count(t2.book_id) as num from books as t1, record as t2 where t2.book_id =2496 AND t1.id=2496   [ RunTime:0.0004s ]
SQL: select  t1.book_name, t2.book_id,count(t2.book_id) as num from books as t1, record as t2 where t2.book_id =2513 AND t1.id=2513   [ RunTime:0.0003s ]
SQL: select  t1.book_name, t2.book_id,count(t2.book_id) as num from books as t1, record as t2 where t2.book_id =2526 AND t1.id=2526   [ RunTime:0.0003s ]
SQL: select  t1.book_name, t2.book_id,count(t2.book_id) as num from books as t1, record as t2 where t2.book_id =2552 AND t1.id=2552   [ RunTime:0.0003s ]
SQL: select  t1.book_name, t2.book_id,count(t2.book_id) as num from books as t1, record as t2 where t2.book_id =2569 AND t1.id=2569   [ RunTime:0.0003s ]
SQL: select  t1.book_name, t2.book_id,count(t2.book_id) as num from books as t1, record as t2 where t2.book_id =2573 AND t1.id=2573   [ RunTime:0.0003s ]
SQL: select  t1.book_name, t2.book_id,count(t2.book_id) as num from books as t1, record as t2 where t2.book_id =2575 AND t1.id=2575   [ RunTime:0.0003s ]
SQL: select  t1.book_name, t2.book_id,count(t2.book_id) as num from books as t1, record as t2 where t2.book_id =2580 AND t1.id=2580   [ RunTime:0.0003s ]
SQL: select  t1.book_name, t2.book_id,count(t2.book_id) as num from books as t1, record as t2 where t2.book_id =2585 AND t1.id=2585   [ RunTime:0.0003s ]
SQL: select  t1.book_name, t2.book_id,count(t2.book_id) as num from books as t1, record as t2 where t2.book_id =2590 AND t1.id=2590   [ RunTime:0.0003s ]
SQL: select  t1.book_name, t2.book_id,count(t2.book_id) as num from books as t1, record as t2 where t2.book_id =2593 AND t1.id=2593   [ RunTime:0.0003s ]
SQL: select  t1.book_name, t2.book_id,count(t2.book_id) as num from books as t1, record as t2 where t2.book_id =2602 AND t1.id=2602   [ RunTime:0.0002s ]
SQL: select  t1.book_name, t2.book_id,count(t2.book_id) as num from books as t1, record as t2 where t2.book_id =2605 AND t1.id=2605   [ RunTime:0.0002s ]
SQL: select  t1.book_name, t2.book_id,count(t2.book_id) as num from books as t1, record as t2 where t2.book_id =2606 AND t1.id=2606   [ RunTime:0.0002s ]
SQL: select  t1.book_name, t2.book_id,count(t2.book_id) as num from books as t1, record as t2 where t2.book_id =2619 AND t1.id=2619   [ RunTime:0.0003s ]
SQL: select  t1.book_name, t2.book_id,count(t2.book_id) as num from books as t1, record as t2 where t2.book_id =2643 AND t1.id=2643   [ RunTime:0.0002s ]
SQL: select  t1.book_name, t2.book_id,count(t2.book_id) as num from books as t1, record as t2 where t2.book_id =2649 AND t1.id=2649   [ RunTime:0.0002s ]
SQL: select  t1.book_name, t2.book_id,count(t2.book_id) as num from books as t1, record as t2 where t2.book_id =2650 AND t1.id=2650   [ RunTime:0.0002s ]
SQL: select  t1.book_name, t2.book_id,count(t2.book_id) as num from books as t1, record as t2 where t2.book_id =2656 AND t1.id=2656   [ RunTime:0.0002s ]
SQL: select  t1.book_name, t2.book_id,count(t2.book_id) as num from books as t1, record as t2 where t2.book_id =2683 AND t1.id=2683   [ RunTime:0.0002s ]
SQL: select  t1.book_name, t2.book_id,count(t2.book_id) as num from books as t1, record as t2 where t2.book_id =2702 AND t1.id=2702   [ RunTime:0.0002s ]
SQL: select  t1.book_name, t2.book_id,count(t2.book_id) as num from books as t1, record as t2 where t2.book_id =2706 AND t1.id=2706   [ RunTime:0.0002s ]
SQL: select  t1.book_name, t2.book_id,count(t2.book_id) as num from books as t1, record as t2 where t2.book_id =2716 AND t1.id=2716   [ RunTime:0.0002s ]
SQL: select  t1.book_name, t2.book_id,count(t2.book_id) as num from books as t1, record as t2 where t2.book_id =2741 AND t1.id=2741   [ RunTime:0.0002s ]
SQL: select  t1.book_name, t2.book_id,count(t2.book_id) as num from books as t1, record as t2 where t2.book_id =2764 AND t1.id=2764   [ RunTime:0.0002s ]
SQL: select  t1.book_name, t2.book_id,count(t2.book_id) as num from books as t1, record as t2 where t2.book_id =2769 AND t1.id=2769   [ RunTime:0.0002s ]
SQL: select  t1.book_name, t2.book_id,count(t2.book_id) as num from books as t1, record as t2 where t2.book_id =2785 AND t1.id=2785   [ RunTime:0.0002s ]
SQL: select  t1.book_name, t2.book_id,count(t2.book_id) as num from books as t1, record as t2 where t2.book_id =2789 AND t1.id=2789   [ RunTime:0.0002s ]
SQL: select  t1.book_name, t2.book_id,count(t2.book_id) as num from books as t1, record as t2 where t2.book_id =2814 AND t1.id=2814   [ RunTime:0.0002s ]
SQL: select  t1.book_name, t2.book_id,count(t2.book_id) as num from books as t1, record as t2 where t2.book_id =2827 AND t1.id=2827   [ RunTime:0.0002s ]
SQL: select  t1.book_name, t2.book_id,count(t2.book_id) as num from books as t1, record as t2 where t2.book_id =2830 AND t1.id=2830   [ RunTime:0.0002s ]
SQL: select  t1.book_name, t2.book_id,count(t2.book_id) as num from books as t1, record as t2 where t2.book_id =2836 AND t1.id=2836   [ RunTime:0.0002s ]
SQL: select  t1.book_name, t2.book_id,count(t2.book_id) as num from books as t1, record as t2 where t2.book_id =2857 AND t1.id=2857   [ RunTime:0.0002s ]
SQL: select  t1.book_name, t2.book_id,count(t2.book_id) as num from books as t1, record as t2 where t2.book_id =2868 AND t1.id=2868   [ RunTime:0.0002s ]
SQL: select  t1.book_name, t2.book_id,count(t2.book_id) as num from books as t1, record as t2 where t2.book_id =2880 AND t1.id=2880   [ RunTime:0.0002s ]
SQL: select  t1.book_name, t2.book_id,count(t2.book_id) as num from books as t1, record as t2 where t2.book_id =2909 AND t1.id=2909   [ RunTime:0.0002s ]
SQL: select  t1.book_name, t2.book_id,count(t2.book_id) as num from books as t1, record as t2 where t2.book_id =2914 AND t1.id=2914   [ RunTime:0.0002s ]
SQL: select  t1.book_name, t2.book_id,count(t2.book_id) as num from books as t1, record as t2 where t2.book_id =2932 AND t1.id=2932   [ RunTime:0.0002s ]
SQL: select  t1.book_name, t2.book_id,count(t2.book_id) as num from books as t1, record as t2 where t2.book_id =2935 AND t1.id=2935   [ RunTime:0.0003s ]
SQL: select  t1.book_name, t2.book_id,count(t2.book_id) as num from books as t1, record as t2 where t2.book_id =2939 AND t1.id=2939   [ RunTime:0.0003s ]
SQL: select  t1.book_name, t2.book_id,count(t2.book_id) as num from books as t1, record as t2 where t2.book_id =2941 AND t1.id=2941   [ RunTime:0.0002s ]
SQL: select  t1.book_name, t2.book_id,count(t2.book_id) as num from books as t1, record as t2 where t2.book_id =2963 AND t1.id=2963   [ RunTime:0.0002s ]
SQL: select  t1.book_name, t2.book_id,count(t2.book_id) as num from books as t1, record as t2 where t2.book_id =2980 AND t1.id=2980   [ RunTime:0.0002s ]
SQL: select  t1.book_name, t2.book_id,count(t2.book_id) as num from books as t1, record as t2 where t2.book_id =2999 AND t1.id=2999   [ RunTime:0.0002s ]
SQL: select  t1.book_name, t2.book_id,count(t2.book_id) as num from books as t1, record as t2 where t2.book_id =3001 AND t1.id=3001   [ RunTime:0.0002s ]
SQL: select  t1.book_name, t2.book_id,count(t2.book_id) as num from books as t1, record as t2 where t2.book_id =3002 AND t1.id=3002   [ RunTime:0.0002s ]
SQL: select  t1.book_name, t2.book_id,count(t2.book_id) as num from books as t1, record as t2 where t2.book_id =3010 AND t1.id=3010   [ RunTime:0.0002s ]
SQL: select  t1.book_name, t2.book_id,count(t2.book_id) as num from books as t1, record as t2 where t2.book_id =3019 AND t1.id=3019   [ RunTime:0.0002s ]
SQL: select  t1.book_name, t2.book_id,count(t2.book_id) as num from books as t1, record as t2 where t2.book_id =3043 AND t1.id=3043   [ RunTime:0.0002s ]
SQL: select  t1.book_name, t2.book_id,count(t2.book_id) as num from books as t1, record as t2 where t2.book_id =3045 AND t1.id=3045   [ RunTime:0.0002s ]
SQL: select  t1.book_name, t2.book_id,count(t2.book_id) as num from books as t1, record as t2 where t2.book_id =3052 AND t1.id=3052   [ RunTime:0.0002s ]
SQL: select  t1.book_name, t2.book_id,count(t2.book_id) as num from books as t1, record as t2 where t2.book_id =3053 AND t1.id=3053   [ RunTime:0.0002s ]
SQL: select  t1.book_name, t2.book_id,count(t2.book_id) as num from books as t1, record as t2 where t2.book_id =3058 AND t1.id=3058   [ RunTime:0.0002s ]
SQL: select  t1.book_name, t2.book_id,count(t2.book_id) as num from books as t1, record as t2 where t2.book_id =3059 AND t1.id=3059   [ RunTime:0.0002s ]
SQL: select  t1.book_name, t2.book_id,count(t2.book_id) as num from books as t1, record as t2 where t2.book_id =3075 AND t1.id=3075   [ RunTime:0.0002s ]
SQL: select  t1.book_name, t2.book_id,count(t2.book_id) as num from books as t1, record as t2 where t2.book_id =3101 AND t1.id=3101   [ RunTime:0.0002s ]
SQL: select  t1.book_name, t2.book_id,count(t2.book_id) as num from books as t1, record as t2 where t2.book_id =3106 AND t1.id=3106   [ RunTime:0.0002s ]
SQL: select  t1.book_name, t2.book_id,count(t2.book_id) as num from books as t1, record as t2 where t2.book_id =3109 AND t1.id=3109   [ RunTime:0.0002s ]
SQL: select  t1.book_name, t2.book_id,count(t2.book_id) as num from books as t1, record as t2 where t2.book_id =3114 AND t1.id=3114   [ RunTime:0.0002s ]
SQL: select  t1.book_name, t2.book_id,count(t2.book_id) as num from books as t1, record as t2 where t2.book_id =3115 AND t1.id=3115   [ RunTime:0.0002s ]
SQL: select  t1.book_name, t2.book_id,count(t2.book_id) as num from books as t1, record as t2 where t2.book_id =3116 AND t1.id=3116   [ RunTime:0.0002s ]
INFO: [ view_parse ] --START--
INFO: [ template_filter ] --START--
INFO: Run Behavior\ContentReplaceBehavior [ RunTime:0.000018s ]
INFO: [ template_filter ] --END-- [ RunTime:0.000036s ]
INFO: Run Behavior\ParseTemplateBehavior [ RunTime:0.004738s ]
INFO: [ view_parse ] --END-- [ RunTime:0.004757s ]
INFO: [ view_filter ] --START--
INFO: Run Behavior\WriteHtmlCacheBehavior [ RunTime:0.000255s ]
INFO: [ view_filter ] --END-- [ RunTime:0.000269s ]
INFO: [ app_end ] --START--
INFO: Run Behavior\ShowPageTraceBehavior [ RunTime:0.000477s ]
INFO: [ app_end ] --END-- [ RunTime:0.000492s ]

