[ 2019-06-14T15:49:35+08:00 ] ::1 /library/index.php
INFO: [ app_init ] --START--
INFO: Run Behavior\BuildLiteBehavior [ RunTime:0.000013s ]
INFO: [ app_init ] --END-- [ RunTime:0.001338s ]
INFO: [ app_begin ] --START--
INFO: Run Behavior\ReadHtmlCacheBehavior [ RunTime:0.001192s ]
INFO: [ app_begin ] --END-- [ RunTime:0.001217s ]
NOTIC: [2] Use of undefined constant user_id - assumed 'user_id' (this will throw an Error in a future version of PHP) E:\wamp\apache\library\library\Application\Home\Controller\CommonController.class.php 第 11 行.

[ 2019-06-14T15:49:35+08:00 ] ::1 /library/index.php/Home/Login/login.html
INFO: [ app_init ] --START--
INFO: Run Behavior\BuildLiteBehavior [ RunTime:0.000039s ]
INFO: [ app_init ] --END-- [ RunTime:0.000833s ]
INFO: [ app_begin ] --START--
INFO: Run Behavior\ReadHtmlCacheBehavior [ RunTime:0.000629s ]
INFO: [ app_begin ] --END-- [ RunTime:0.000702s ]
INFO: [ view_parse ] --START--
INFO: [ template_filter ] --START--
INFO: Run Behavior\ContentReplaceBehavior [ RunTime:0.001819s ]
INFO: [ template_filter ] --END-- [ RunTime:0.001865s ]
INFO: Run Behavior\ParseTemplateBehavior [ RunTime:0.025060s ]
INFO: [ view_parse ] --END-- [ RunTime:0.025136s ]
INFO: [ view_filter ] --START--
INFO: Run Behavior\WriteHtmlCacheBehavior [ RunTime:0.000736s ]
INFO: [ view_filter ] --END-- [ RunTime:0.000752s ]
INFO: [ app_end ] --START--
INFO: Run Behavior\ShowPageTraceBehavior [ RunTime:0.001193s ]
INFO: [ app_end ] --END-- [ RunTime:0.001210s ]

[ 2019-06-14T15:49:43+08:00 ] ::1 /library/index.php/Home/Login/checkLogin
INFO: [ app_init ] --START--
INFO: Run Behavior\BuildLiteBehavior [ RunTime:0.000007s ]
INFO: [ app_init ] --END-- [ RunTime:0.000564s ]
INFO: [ app_begin ] --START--
INFO: Run Behavior\ReadHtmlCacheBehavior [ RunTime:0.000789s ]
INFO: [ app_begin ] --END-- [ RunTime:0.000810s ]
SQL: SHOW COLUMNS FROM `user` [ RunTime:0.1170s ]
SQL: SELECT * FROM `user` WHERE `user_id` = 1 AND `user_pwd` = '1' LIMIT 1   [ RunTime:0.0045s ]
INFO: [ view_parse ] --START--
INFO: [ template_filter ] --START--
INFO: Run Behavior\ContentReplaceBehavior [ RunTime:0.000050s ]
INFO: [ template_filter ] --END-- [ RunTime:0.000087s ]
INFO: Run Behavior\ParseTemplateBehavior [ RunTime:0.007030s ]
INFO: [ view_parse ] --END-- [ RunTime:0.007051s ]
INFO: [ view_filter ] --START--
INFO: Run Behavior\WriteHtmlCacheBehavior [ RunTime:0.000500s ]
INFO: [ view_filter ] --END-- [ RunTime:0.000516s ]
INFO: [ app_end ] --START--
INFO: Run Behavior\ShowPageTraceBehavior [ RunTime:0.000739s ]
INFO: [ app_end ] --END-- [ RunTime:0.000754s ]

[ 2019-06-14T15:49:44+08:00 ] ::1 /library/index.php/Home/Index/index.html
INFO: [ app_init ] --START--
INFO: Run Behavior\BuildLiteBehavior [ RunTime:0.000006s ]
INFO: [ app_init ] --END-- [ RunTime:0.000698s ]
INFO: [ app_begin ] --START--
INFO: Run Behavior\ReadHtmlCacheBehavior [ RunTime:0.000959s ]
INFO: [ app_begin ] --END-- [ RunTime:0.000982s ]
NOTIC: [2] Use of undefined constant user_id - assumed 'user_id' (this will throw an Error in a future version of PHP) E:\wamp\apache\library\library\Application\Home\Controller\CommonController.class.php 第 11 行.
INFO: [ view_parse ] --START--
INFO: [ template_filter ] --START--
INFO: Run Behavior\ContentReplaceBehavior [ RunTime:0.000090s ]
INFO: [ template_filter ] --END-- [ RunTime:0.000150s ]
INFO: Run Behavior\ParseTemplateBehavior [ RunTime:0.047750s ]
INFO: [ view_parse ] --END-- [ RunTime:0.047808s ]
INFO: [ view_filter ] --START--
INFO: Run Behavior\WriteHtmlCacheBehavior [ RunTime:0.001018s ]
INFO: [ view_filter ] --END-- [ RunTime:0.001072s ]
INFO: [ app_end ] --START--
INFO: Run Behavior\ShowPageTraceBehavior [ RunTime:0.001602s ]
INFO: [ app_end ] --END-- [ RunTime:0.001652s ]

[ 2019-06-14T15:49:44+08:00 ] ::1 /library/index.php/Home/Index/home
INFO: [ app_init ] --START--
INFO: Run Behavior\BuildLiteBehavior [ RunTime:0.000007s ]
INFO: [ app_init ] --END-- [ RunTime:0.000409s ]
INFO: [ app_begin ] --START--
INFO: Run Behavior\ReadHtmlCacheBehavior [ RunTime:0.000547s ]
INFO: [ app_begin ] --END-- [ RunTime:0.000570s ]
NOTIC: [2] Use of undefined constant user_id - assumed 'user_id' (this will throw an Error in a future version of PHP) E:\wamp\apache\library\library\Application\Home\Controller\CommonController.class.php 第 11 行.

[ 2019-06-14T15:49:46+08:00 ] ::1 /library/index.php/Home/Message/show_message.html
INFO: [ app_init ] --START--
INFO: Run Behavior\BuildLiteBehavior [ RunTime:0.000010s ]
INFO: [ app_init ] --END-- [ RunTime:0.000553s ]
INFO: [ app_begin ] --START--
INFO: Run Behavior\ReadHtmlCacheBehavior [ RunTime:0.000793s ]
INFO: [ app_begin ] --END-- [ RunTime:0.000813s ]
NOTIC: [2] Use of undefined constant user_id - assumed 'user_id' (this will throw an Error in a future version of PHP) E:\wamp\apache\library\library\Application\Home\Controller\CommonController.class.php 第 11 行.
SQL: SHOW COLUMNS FROM `message` [ RunTime:0.0164s ]
SQL: SELECT DISTINCT  t1.*,t2.user_name FROM `message` INNER JOIN message as t1 ,user as t2   WHERE ( t1.user_id=t2.user_id AND (t1.user_status =1 OR t1.user_status=0) ) ORDER BY add_date desc   [ RunTime:0.0034s ]
SQL: SELECT DISTINCT  t1.*,t2.user_name FROM `message` INNER JOIN message as t1 ,user as t2   WHERE ( t1.user_id=t2.user_id AND t1.user_status>=10  ) ORDER BY add_date desc  LIMIT 1   [ RunTime:0.0006s ]
INFO: [ view_parse ] --START--
INFO: [ template_filter ] --START--
INFO: Run Behavior\ContentReplaceBehavior [ RunTime:0.000027s ]
INFO: [ template_filter ] --END-- [ RunTime:0.000050s ]
INFO: Run Behavior\ParseTemplateBehavior [ RunTime:0.069064s ]
INFO: [ view_parse ] --END-- [ RunTime:0.069110s ]
INFO: [ view_filter ] --START--
INFO: Run Behavior\WriteHtmlCacheBehavior [ RunTime:0.000795s ]
INFO: [ view_filter ] --END-- [ RunTime:0.000818s ]
INFO: [ app_end ] --START--
INFO: Run Behavior\ShowPageTraceBehavior [ RunTime:0.000882s ]
INFO: [ app_end ] --END-- [ RunTime:0.000900s ]

